<?xml version="1.0" encoding="UTF-8"?>
<coverage generated="1442888278">
  <project timestamp="1442888278">
    <package name="Icecave\Siphon\Atom">
      <file name="/home/travis/build/IcecaveStudios/siphon/src/Atom/AtomReader.php">
        <class name="AtomReader" namespace="Icecave\Siphon\Atom">
          <metrics methods="4" coveredmethods="4" conditionals="0" coveredconditionals="0" statements="29" coveredstatements="29" elements="33" coveredelements="33"/>
        </class>
        <line num="16" type="method" name="__construct" crap="1" count="7"/>
        <line num="18" type="stmt" count="7"/>
        <line num="19" type="stmt" count="7"/>
        <line num="29" type="method" name="read" crap="3" count="5"/>
        <line num="31" type="stmt" count="5"/>
        <line num="32" type="stmt" count="1"/>
        <line num="35" type="stmt" count="4"/>
        <line num="36" type="stmt" count="4"/>
        <line num="37" type="stmt" count="4"/>
        <line num="38" type="stmt" count="4"/>
        <line num="40" type="stmt" count="4"/>
        <line num="41" type="stmt" count="4"/>
        <line num="42" type="stmt" count="4"/>
        <line num="44" type="stmt" count="4"/>
        <line num="45" type="stmt" count="4"/>
        <line num="46" type="stmt" count="4"/>
        <line num="47" type="stmt" count="4"/>
        <line num="48" type="stmt" count="4"/>
        <line num="49" type="stmt" count="4"/>
        <line num="51" type="stmt" count="4"/>
        <line num="59" type="method" name="isSupported" crap="1" count="6"/>
        <line num="61" type="stmt" count="6"/>
        <line num="71" type="method" name="buildParameters" crap="3" count="4"/>
        <line num="74" type="stmt" count="4"/>
        <line num="75" type="stmt" count="4"/>
        <line num="76" type="stmt" count="4"/>
        <line num="78" type="stmt" count="4"/>
        <line num="79" type="stmt" count="3"/>
        <line num="80" type="stmt" count="3"/>
        <line num="81" type="stmt" count="1"/>
        <line num="84" type="stmt" count="4"/>
        <line num="85" type="stmt" count="1"/>
        <line num="88" type="stmt" count="4"/>
        <metrics loc="92" ncloc="69" classes="1" methods="4" coveredmethods="4" conditionals="0" coveredconditionals="0" statements="29" coveredstatements="29" elements="33" coveredelements="33"/>
      </file>
      <file name="/home/travis/build/IcecaveStudios/siphon/src/Atom/AtomRequest.php">
        <class name="AtomRequest" namespace="Icecave\Siphon\Atom">
          <metrics methods="14" coveredmethods="14" conditionals="0" coveredconditionals="0" statements="43" coveredstatements="43" elements="57" coveredelements="57"/>
        </class>
        <line num="21" type="method" name="__construct" crap="1" count="20"/>
        <line num="27" type="stmt" count="20"/>
        <line num="28" type="stmt" count="20"/>
        <line num="29" type="stmt" count="20"/>
        <line num="30" type="stmt" count="20"/>
        <line num="31" type="stmt" count="20"/>
        <line num="40" type="method" name="updatedTime" crap="1" count="5"/>
        <line num="42" type="stmt" count="5"/>
        <line num="52" type="method" name="setUpdatedTime" crap="1" count="20"/>
        <line num="54" type="stmt" count="20"/>
        <line num="55" type="stmt" count="20"/>
        <line num="64" type="method" name="feed" crap="1" count="5"/>
        <line num="66" type="stmt" count="5"/>
        <line num="76" type="method" name="setFeed" crap="1" count="20"/>
        <line num="78" type="stmt" count="20"/>
        <line num="79" type="stmt" count="20"/>
        <line num="86" type="method" name="limit" crap="1" count="5"/>
        <line num="88" type="stmt" count="5"/>
        <line num="96" type="method" name="setLimit" crap="3" count="20"/>
        <line num="98" type="stmt" count="20"/>
        <line num="99" type="stmt" count="1"/>
        <line num="102" type="stmt" count="20"/>
        <line num="103" type="stmt" count="20"/>
        <line num="110" type="method" name="order" crap="1" count="5"/>
        <line num="112" type="stmt" count="5"/>
        <line num="120" type="method" name="setOrder" crap="3" count="20"/>
        <line num="122" type="stmt" count="20"/>
        <line num="123" type="stmt" count="1"/>
        <line num="126" type="stmt" count="20"/>
        <line num="127" type="stmt" count="20"/>
        <line num="136" type="method" name="accept" crap="1" count="2"/>
        <line num="138" type="stmt" count="2"/>
        <line num="146" type="method" name="serialize" crap="1" count="1"/>
        <line num="148" type="stmt" count="1"/>
        <line num="149" type="stmt" count="1"/>
        <line num="150" type="stmt" count="1"/>
        <line num="151" type="stmt" count="1"/>
        <line num="152" type="stmt" count="1"/>
        <line num="153" type="stmt" count="1"/>
        <line num="154" type="stmt" count="1"/>
        <line num="162" type="method" name="unserialize" crap="1" count="1"/>
        <line num="164" type="stmt" count="1"/>
        <line num="165" type="stmt" count="1"/>
        <line num="166" type="method" name="anonymous function" crap="1" count="1"/>
        <line num="167" type="stmt" count="1"/>
        <line num="168" type="stmt" count="1"/>
        <line num="169" type="stmt" count="1"/>
        <line num="170" type="stmt" count="1"/>
        <line num="171" type="stmt" count="1"/>
        <line num="172" type="stmt" count="1"/>
        <line num="173" type="stmt" count="1"/>
        <line num="178" type="method" name="__toString" crap="3" count="1"/>
        <line num="180" type="stmt" count="1"/>
        <line num="181" type="stmt" count="1"/>
        <line num="182" type="stmt" count="1"/>
        <line num="183" type="stmt" count="1"/>
        <line num="184" type="stmt" count="1"/>
        <line num="185" type="stmt" count="1"/>
        <line num="186" type="stmt" count="1"/>
        <metrics loc="193" ncloc="114" classes="1" methods="14" coveredmethods="14" conditionals="0" coveredconditionals="0" statements="45" coveredstatements="45" elements="59" coveredelements="59"/>
      </file>
      <file name="/home/travis/build/IcecaveStudios/siphon/src/Atom/AtomResponse.php">
        <class name="AtomResponse" namespace="Icecave\Siphon\Atom">
          <metrics methods="10" coveredmethods="10" conditionals="0" coveredconditionals="0" statements="19" coveredstatements="19" elements="29" coveredelements="29"/>
        </class>
        <line num="18" type="method" name="__construct" crap="1" count="14"/>
        <line num="20" type="stmt" count="14"/>
        <line num="22" type="stmt" count="14"/>
        <line num="23" type="stmt" count="14"/>
        <line num="30" type="method" name="updatedTime" crap="1" count="2"/>
        <line num="32" type="stmt" count="2"/>
        <line num="40" type="method" name="setUpdatedTime" crap="1" count="14"/>
        <line num="42" type="stmt" count="14"/>
        <line num="43" type="stmt" count="14"/>
        <line num="50" type="method" name="isEmpty" crap="1" count="2"/>
        <line num="52" type="stmt" count="2"/>
        <line num="60" type="method" name="count" crap="1" count="1"/>
        <line num="62" type="stmt" count="1"/>
        <line num="72" type="method" name="getIterator" crap="2" count="6"/>
        <line num="74" type="stmt" count="6"/>
        <line num="75" type="stmt" count="4"/>
        <line num="76" type="stmt" count="6"/>
        <line num="77" type="stmt" count="6"/>
        <line num="85" type="method" name="add" crap="1" count="12"/>
        <line num="87" type="stmt" count="12"/>
        <line num="88" type="stmt" count="12"/>
        <line num="95" type="method" name="remove" crap="1" count="2"/>
        <line num="97" type="stmt" count="2"/>
        <line num="98" type="stmt" count="2"/>
        <line num="103" type="method" name="clear" crap="1" count="1"/>
        <line num="105" type="stmt" count="1"/>
        <line num="106" type="stmt" count="1"/>
        <line num="115" type="method" name="accept" crap="1" count="1"/>
        <line num="117" type="stmt" count="1"/>
        <metrics loc="122" ncloc="71" classes="1" methods="10" coveredmethods="10" conditionals="0" coveredconditionals="0" statements="19" coveredstatements="19" elements="29" coveredelements="29"/>
      </file>
    </package>
    <package name="Icecave\Siphon">
      <file name="/home/travis/build/IcecaveStudios/siphon/src/Dispatcher.php">
        <class name="Dispatcher" namespace="Icecave\Siphon">
          <metrics methods="16" coveredmethods="16" conditionals="0" coveredconditionals="0" statements="45" coveredstatements="45" elements="61" coveredelements="61"/>
        </class>
        <line num="54" type="method" name="create" crap="1" count="1"/>
        <line num="56" type="stmt" count="1"/>
        <line num="57" type="stmt" count="1"/>
        <line num="58" type="stmt" count="1"/>
        <line num="60" type="stmt" count="1"/>
        <line num="61" type="stmt" count="1"/>
        <line num="62" type="stmt" count="1"/>
        <line num="63" type="stmt" count="1"/>
        <line num="64" type="stmt" count="1"/>
        <line num="65" type="stmt" count="1"/>
        <line num="66" type="stmt" count="1"/>
        <line num="67" type="stmt" count="1"/>
        <line num="68" type="stmt" count="1"/>
        <line num="69" type="stmt" count="1"/>
        <line num="70" type="stmt" count="1"/>
        <line num="71" type="stmt" count="1"/>
        <line num="72" type="stmt" count="1"/>
        <line num="73" type="stmt" count="1"/>
        <line num="76" type="method" name="__construct" crap="1" count="13"/>
        <line num="78" type="stmt" count="1"/>
        <line num="90" type="stmt" count="13"/>
        <line num="91" type="stmt" count="13"/>
        <line num="92" type="stmt" count="13"/>
        <line num="93" type="stmt" count="13"/>
        <line num="94" type="stmt" count="13"/>
        <line num="95" type="stmt" count="13"/>
        <line num="96" type="stmt" count="13"/>
        <line num="97" type="stmt" count="13"/>
        <line num="98" type="stmt" count="13"/>
        <line num="99" type="stmt" count="13"/>
        <line num="100" type="stmt" count="13"/>
        <line num="101" type="stmt" count="13"/>
        <line num="102" type="stmt" count="13"/>
        <line num="109" type="method" name="urlBuilder" crap="1" count="2"/>
        <line num="111" type="stmt" count="2"/>
        <line num="119" type="method" name="xmlReader" crap="1" count="1"/>
        <line num="121" type="stmt" count="1"/>
        <line num="132" type="method" name="read" crap="1" count="10"/>
        <line num="134" type="stmt" count="10"/>
        <line num="142" type="method" name="isSupported" crap="1" count="10"/>
        <line num="144" type="stmt" count="10"/>
        <line num="156" type="method" name="visitAtomRequest" crap="1" count="1"/>
        <line num="158" type="stmt" count="1"/>
        <line num="170" type="method" name="visitScheduleRequest" crap="1" count="1"/>
        <line num="172" type="stmt" count="1"/>
        <line num="184" type="method" name="visitTeamRequest" crap="1" count="1"/>
        <line num="186" type="stmt" count="1"/>
        <line num="198" type="method" name="visitTeamStatisticsRequest" crap="1" count="1"/>
        <line num="200" type="stmt" count="1"/>
        <line num="212" type="method" name="visitPlayerRequest" crap="1" count="1"/>
        <line num="214" type="stmt" count="1"/>
        <line num="226" type="method" name="visitPlayerStatisticsRequest" crap="1" count="1"/>
        <line num="228" type="stmt" count="1"/>
        <line num="240" type="method" name="visitImageRequest" crap="1" count="1"/>
        <line num="242" type="stmt" count="1"/>
        <line num="252" type="method" name="visitInjuryRequest" crap="1" count="1"/>
        <line num="254" type="stmt" count="1"/>
        <line num="264" type="method" name="visitLiveScoreRequest" crap="1" count="1"/>
        <line num="266" type="stmt" count="1"/>
        <line num="276" type="method" name="visitBoxScoreRequest" crap="1" count="1"/>
        <line num="278" type="stmt" count="1"/>
        <metrics loc="291" ncloc="174" classes="1" methods="16" coveredmethods="16" conditionals="0" coveredconditionals="0" statements="45" coveredstatements="45" elements="61" coveredelements="61"/>
      </file>
      <file name="/home/travis/build/IcecaveStudios/siphon/src/PackageInfo.php">
        <class name="PackageInfo" namespace="Icecave\Siphon">
          <metrics methods="0" coveredmethods="0" conditionals="0" coveredconditionals="0" statements="0" coveredstatements="0" elements="0" coveredelements="0"/>
        </class>
        <metrics loc="8" ncloc="8" classes="1" methods="0" coveredmethods="0" conditionals="0" coveredconditionals="0" statements="0" coveredstatements="0" elements="0" coveredelements="0"/>
      </file>
      <file name="/home/travis/build/IcecaveStudios/siphon/src/Sport.php">
        <class name="Sport" namespace="Icecave\Siphon">
          <metrics methods="4" coveredmethods="4" conditionals="0" coveredconditionals="0" statements="5" coveredstatements="5" elements="9" coveredelements="9"/>
        </class>
        <line num="40" type="method" name="findByComponents" crap="2" count="14"/>
        <line num="42" type="stmt" count="14"/>
        <line num="43" type="method" name="anonymous function" crap="2" count="14"/>
        <line num="44" type="stmt" count="14"/>
        <line num="45" type="stmt" count="14"/>
        <line num="47" type="stmt" count="14"/>
        <line num="55" type="method" name="sport" crap="1" count="34"/>
        <line num="57" type="stmt" count="34"/>
        <line num="65" type="method" name="league" crap="1" count="26"/>
        <line num="67" type="stmt" count="26"/>
        <metrics loc="71" ncloc="46" classes="1" methods="4" coveredmethods="4" conditionals="0" coveredconditionals="0" statements="6" coveredstatements="6" elements="10" coveredelements="10"/>
      </file>
    </package>
    <package name="Icecave\Siphon\Player\Image">
      <file name="/home/travis/build/IcecaveStudios/siphon/src/Player/Image/ImageReader.php">
        <class name="ImageReader" namespace="Icecave\Siphon\Player\Image">
          <metrics methods="3" coveredmethods="3" conditionals="0" coveredconditionals="0" statements="32" coveredstatements="32" elements="35" coveredelements="35"/>
        </class>
        <line num="22" type="method" name="__construct" crap="1" count="5"/>
        <line num="24" type="stmt" count="5"/>
        <line num="25" type="stmt" count="5"/>
        <line num="35" type="method" name="read" crap="4" count="3"/>
        <line num="37" type="stmt" count="3"/>
        <line num="38" type="stmt" count="1"/>
        <line num="41" type="stmt" count="2"/>
        <line num="43" type="stmt" count="2"/>
        <line num="44" type="stmt" count="2"/>
        <line num="45" type="stmt" count="2"/>
        <line num="46" type="stmt" count="2"/>
        <line num="47" type="stmt" count="2"/>
        <line num="48" type="stmt" count="2"/>
        <line num="49" type="stmt" count="2"/>
        <line num="50" type="stmt" count="2"/>
        <line num="51" type="stmt" count="2"/>
        <line num="52" type="stmt" count="2"/>
        <line num="53" type="stmt" count="2"/>
        <line num="58" type="stmt" count="2"/>
        <line num="59" type="stmt" count="1"/>
        <line num="62" type="stmt" count="1"/>
        <line num="63" type="stmt" count="1"/>
        <line num="64" type="stmt" count="1"/>
        <line num="65" type="stmt" count="1"/>
        <line num="66" type="stmt" count="1"/>
        <line num="68" type="stmt" count="1"/>
        <line num="69" type="stmt" count="1"/>
        <line num="70" type="stmt" count="1"/>
        <line num="71" type="stmt" count="1"/>
        <line num="72" type="stmt" count="1"/>
        <line num="73" type="stmt" count="1"/>
        <line num="74" type="stmt" count="1"/>
        <line num="76" type="stmt" count="1"/>
        <line num="84" type="method" name="isSupported" crap="1" count="4"/>
        <line num="86" type="stmt" count="4"/>
        <metrics loc="88" ncloc="66" classes="1" methods="3" coveredmethods="3" conditionals="0" coveredconditionals="0" statements="32" coveredstatements="32" elements="35" coveredelements="35"/>
      </file>
      <file name="/home/travis/build/IcecaveStudios/siphon/src/Player/Image/ImageRequest.php">
        <class name="ImageRequest" namespace="Icecave\Siphon\Player\Image">
          <metrics methods="2" coveredmethods="2" conditionals="0" coveredconditionals="0" statements="7" coveredstatements="7" elements="9" coveredelements="9"/>
        </class>
        <line num="22" type="method" name="accept" crap="1" count="2"/>
        <line num="24" type="stmt" count="2"/>
        <line num="30" type="method" name="__toString" crap="1" count="1"/>
        <line num="32" type="stmt" count="1"/>
        <line num="33" type="stmt" count="1"/>
        <line num="34" type="stmt" count="1"/>
        <line num="35" type="stmt" count="1"/>
        <line num="36" type="stmt" count="1"/>
        <line num="37" type="stmt" count="1"/>
        <metrics loc="39" ncloc="26" classes="1" methods="2" coveredmethods="2" conditionals="0" coveredconditionals="0" statements="7" coveredstatements="7" elements="9" coveredelements="9"/>
      </file>
      <file name="/home/travis/build/IcecaveStudios/siphon/src/Player/Image/ImageResponse.php">
        <class name="ImageResponse" namespace="Icecave\Siphon\Player\Image">
          <metrics methods="2" coveredmethods="2" conditionals="0" coveredconditionals="0" statements="3" coveredstatements="3" elements="5" coveredelements="5"/>
        </class>
        <line num="28" type="method" name="add" crap="1" count="12"/>
        <line num="30" type="stmt" count="12"/>
        <line num="31" type="stmt" count="12"/>
        <line num="40" type="method" name="accept" crap="1" count="1"/>
        <line num="42" type="stmt" count="1"/>
        <metrics loc="44" ncloc="27" classes="1" methods="2" coveredmethods="2" conditionals="0" coveredconditionals="0" statements="3" coveredstatements="3" elements="5" coveredelements="5"/>
      </file>
    </package>
    <package name="Icecave\Siphon\Player\Injury">
      <file name="/home/travis/build/IcecaveStudios/siphon/src/Player/Injury/Injury.php">
        <class name="Injury" namespace="Icecave\Siphon\Player\Injury">
          <metrics methods="8" coveredmethods="8" conditionals="0" coveredconditionals="0" statements="15" coveredstatements="15" elements="23" coveredelements="23"/>
        </class>
        <line num="12" type="method" name="__construct" crap="1" count="10"/>
        <line num="21" type="stmt" count="10"/>
        <line num="22" type="stmt" count="10"/>
        <line num="23" type="stmt" count="10"/>
        <line num="24" type="stmt" count="10"/>
        <line num="25" type="stmt" count="10"/>
        <line num="26" type="stmt" count="10"/>
        <line num="27" type="stmt" count="10"/>
        <line num="28" type="stmt" count="10"/>
        <line num="35" type="method" name="id" crap="1" count="1"/>
        <line num="37" type="stmt" count="1"/>
        <line num="45" type="method" name="location" crap="1" count="1"/>
        <line num="47" type="stmt" count="1"/>
        <line num="55" type="method" name="status" crap="1" count="1"/>
        <line num="57" type="stmt" count="1"/>
        <line num="65" type="method" name="statusInformation" crap="1" count="1"/>
        <line num="67" type="stmt" count="1"/>
        <line num="75" type="method" name="statusNote" crap="1" count="1"/>
        <line num="77" type="stmt" count="1"/>
        <line num="85" type="method" name="startDate" crap="1" count="1"/>
        <line num="87" type="stmt" count="1"/>
        <line num="95" type="method" name="updatedTime" crap="1" count="1"/>
        <line num="97" type="stmt" count="1"/>
        <metrics loc="107" ncloc="69" classes="1" methods="8" coveredmethods="8" conditionals="0" coveredconditionals="0" statements="15" coveredstatements="15" elements="23" coveredelements="23"/>
      </file>
      <file name="/home/travis/build/IcecaveStudios/siphon/src/Player/Injury/InjuryReader.php">
        <class name="InjuryReader" namespace="Icecave\Siphon\Player\Injury">
          <metrics methods="3" coveredmethods="3" conditionals="0" coveredconditionals="0" statements="40" coveredstatements="40" elements="43" coveredelements="43"/>
        </class>
        <line num="19" type="method" name="__construct" crap="1" count="4"/>
        <line num="21" type="stmt" count="4"/>
        <line num="22" type="stmt" count="4"/>
        <line num="32" type="method" name="read" crap="4" count="2"/>
        <line num="34" type="stmt" count="2"/>
        <line num="35" type="stmt" count="1"/>
        <line num="38" type="stmt" count="1"/>
        <line num="40" type="stmt" count="1"/>
        <line num="41" type="stmt" count="1"/>
        <line num="42" type="stmt" count="1"/>
        <line num="43" type="stmt" count="1"/>
        <line num="44" type="stmt" count="1"/>
        <line num="45" type="stmt" count="1"/>
        <line num="46" type="stmt" count="1"/>
        <line num="47" type="stmt" count="1"/>
        <line num="48" type="stmt" count="1"/>
        <line num="50" type="stmt" count="1"/>
        <line num="51" type="stmt" count="1"/>
        <line num="52" type="stmt" count="1"/>
        <line num="54" type="stmt" count="1"/>
        <line num="55" type="stmt" count="1"/>
        <line num="56" type="stmt" count="1"/>
        <line num="58" type="stmt" count="1"/>
        <line num="59" type="stmt" count="1"/>
        <line num="60" type="stmt" count="1"/>
        <line num="61" type="stmt" count="1"/>
        <line num="62" type="stmt" count="1"/>
        <line num="63" type="stmt" count="1"/>
        <line num="66" type="stmt" count="1"/>
        <line num="67" type="stmt" count="1"/>
        <line num="68" type="stmt" count="1"/>
        <line num="69" type="stmt" count="1"/>
        <line num="70" type="stmt" count="1"/>
        <line num="71" type="stmt" count="1"/>
        <line num="72" type="stmt" count="1"/>
        <line num="73" type="stmt" count="1"/>
        <line num="74" type="stmt" count="1"/>
        <line num="76" type="stmt" count="1"/>
        <line num="77" type="stmt" count="1"/>
        <line num="78" type="stmt" count="1"/>
        <line num="80" type="stmt" count="1"/>
        <line num="88" type="method" name="isSupported" crap="1" count="3"/>
        <line num="90" type="stmt" count="3"/>
        <metrics loc="92" ncloc="76" classes="1" methods="3" coveredmethods="3" conditionals="0" coveredconditionals="0" statements="40" coveredstatements="40" elements="43" coveredelements="43"/>
      </file>
      <file name="/home/travis/build/IcecaveStudios/siphon/src/Player/Injury/InjuryRequest.php">
        <class name="InjuryRequest" namespace="Icecave\Siphon\Player\Injury">
          <metrics methods="8" coveredmethods="8" conditionals="0" coveredconditionals="0" statements="18" coveredstatements="18" elements="26" coveredelements="26"/>
        </class>
        <line num="17" type="method" name="__construct" crap="1" count="8"/>
        <line num="19" type="stmt" count="8"/>
        <line num="20" type="stmt" count="8"/>
        <line num="27" type="method" name="sport" crap="1" count="3"/>
        <line num="29" type="stmt" count="3"/>
        <line num="37" type="method" name="setSport" crap="1" count="8"/>
        <line num="39" type="stmt" count="8"/>
        <line num="40" type="stmt" count="8"/>
        <line num="49" type="method" name="accept" crap="1" count="2"/>
        <line num="51" type="stmt" count="2"/>
        <line num="59" type="method" name="serialize" crap="1" count="1"/>
        <line num="61" type="stmt" count="1"/>
        <line num="62" type="stmt" count="1"/>
        <line num="63" type="stmt" count="1"/>
        <line num="64" type="stmt" count="1"/>
        <line num="72" type="method" name="unserialize" crap="1" count="1"/>
        <line num="74" type="stmt" count="1"/>
        <line num="75" type="stmt" count="1"/>
        <line num="76" type="method" name="anonymous function" crap="1" count="1"/>
        <line num="77" type="stmt" count="1"/>
        <line num="78" type="stmt" count="1"/>
        <line num="79" type="stmt" count="1"/>
        <line num="80" type="stmt" count="1"/>
        <line num="85" type="method" name="__toString" crap="1" count="1"/>
        <line num="87" type="stmt" count="1"/>
        <line num="88" type="stmt" count="1"/>
        <line num="89" type="stmt" count="1"/>
        <line num="90" type="stmt" count="1"/>
        <metrics loc="94" ncloc="56" classes="1" methods="8" coveredmethods="8" conditionals="0" coveredconditionals="0" statements="20" coveredstatements="20" elements="28" coveredelements="28"/>
      </file>
      <file name="/home/travis/build/IcecaveStudios/siphon/src/Player/Injury/InjuryResponse.php">
        <class name="InjuryResponse" namespace="Icecave\Siphon\Player\Injury">
          <metrics methods="10" coveredmethods="10" conditionals="0" coveredconditionals="0" statements="19" coveredstatements="19" elements="29" coveredelements="29"/>
        </class>
        <line num="22" type="method" name="__construct" crap="1" count="13"/>
        <line num="24" type="stmt" count="13"/>
        <line num="26" type="stmt" count="13"/>
        <line num="27" type="stmt" count="13"/>
        <line num="34" type="method" name="sport" crap="1" count="1"/>
        <line num="36" type="stmt" count="1"/>
        <line num="44" type="method" name="setSport" crap="1" count="13"/>
        <line num="46" type="stmt" count="13"/>
        <line num="47" type="stmt" count="13"/>
        <line num="54" type="method" name="isEmpty" crap="1" count="2"/>
        <line num="56" type="stmt" count="2"/>
        <line num="64" type="method" name="count" crap="1" count="1"/>
        <line num="66" type="stmt" count="1"/>
        <line num="74" type="method" name="getIterator" crap="2" count="5"/>
        <line num="76" type="stmt" count="5"/>
        <line num="77" type="stmt" count="3"/>
        <line num="78" type="stmt" count="5"/>
        <line num="79" type="stmt" count="5"/>
        <line num="87" type="method" name="add" crap="1" count="11"/>
        <line num="89" type="stmt" count="11"/>
        <line num="90" type="stmt" count="11"/>
        <line num="97" type="method" name="remove" crap="1" count="2"/>
        <line num="99" type="stmt" count="2"/>
        <line num="100" type="stmt" count="2"/>
        <line num="105" type="method" name="clear" crap="1" count="1"/>
        <line num="107" type="stmt" count="1"/>
        <line num="108" type="stmt" count="1"/>
        <line num="117" type="method" name="accept" crap="1" count="1"/>
        <line num="119" type="stmt" count="1"/>
        <metrics loc="124" ncloc="72" classes="1" methods="10" coveredmethods="10" conditionals="0" coveredconditionals="0" statements="19" coveredstatements="19" elements="29" coveredelements="29"/>
      </file>
      <file name="/home/travis/build/IcecaveStudios/siphon/src/Player/Injury/InjuryStatus.php">
        <class name="InjuryStatus" namespace="Icecave\Siphon\Player\Injury">
          <metrics methods="0" coveredmethods="0" conditionals="0" coveredconditionals="0" statements="0" coveredstatements="0" elements="0" coveredelements="0"/>
        </class>
        <metrics loc="25" ncloc="11" classes="1" methods="0" coveredmethods="0" conditionals="0" coveredconditionals="0" statements="0" coveredstatements="0" elements="0" coveredelements="0"/>
      </file>
    </package>
    <package name="Icecave\Siphon\Player">
      <file name="/home/travis/build/IcecaveStudios/siphon/src/Player/Player.php">
        <class name="Player" namespace="Icecave\Siphon\Player">
          <metrics methods="5" coveredmethods="5" conditionals="0" coveredconditionals="0" statements="14" coveredstatements="14" elements="19" coveredelements="19"/>
        </class>
        <line num="14" type="method" name="__construct" crap="1" count="26"/>
        <line num="19" type="stmt" count="26"/>
        <line num="20" type="stmt" count="26"/>
        <line num="21" type="stmt" count="26"/>
        <line num="22" type="stmt" count="26"/>
        <line num="29" type="method" name="id" crap="1" count="22"/>
        <line num="31" type="stmt" count="22"/>
        <line num="39" type="method" name="firstName" crap="1" count="1"/>
        <line num="41" type="stmt" count="1"/>
        <line num="49" type="method" name="lastName" crap="1" count="1"/>
        <line num="51" type="stmt" count="1"/>
        <line num="59" type="method" name="displayName" crap="1" count="2"/>
        <line num="61" type="stmt" count="2"/>
        <line num="62" type="stmt" count="2"/>
        <line num="63" type="stmt" count="2"/>
        <line num="64" type="stmt" count="2"/>
        <line num="65" type="stmt" count="2"/>
        <line num="66" type="stmt" count="2"/>
        <line num="67" type="stmt" count="2"/>
        <metrics loc="73" ncloc="45" classes="1" methods="5" coveredmethods="5" conditionals="0" coveredconditionals="0" statements="14" coveredstatements="14" elements="19" coveredelements="19"/>
      </file>
      <file name="/home/travis/build/IcecaveStudios/siphon/src/Player/PlayerFactoryTrait.php">
        <class name="PlayerFactoryTrait" namespace="Icecave\Siphon\Player">
          <metrics methods="1" coveredmethods="1" conditionals="0" coveredconditionals="0" statements="9" coveredstatements="9" elements="10" coveredelements="10"/>
        </class>
        <line num="12" type="method" name="createPlayer" crap="2" count="10"/>
        <line num="14" type="stmt" count="10"/>
        <line num="15" type="stmt" count="10"/>
        <line num="17" type="stmt" count="10"/>
        <line num="18" type="stmt" count="1"/>
        <line num="19" type="stmt" count="1"/>
        <line num="22" type="stmt" count="10"/>
        <line num="23" type="stmt" count="10"/>
        <line num="24" type="stmt" count="10"/>
        <line num="26" type="stmt" count="10"/>
        <metrics loc="28" ncloc="25" classes="1" methods="1" coveredmethods="1" conditionals="0" coveredconditionals="0" statements="9" coveredstatements="9" elements="10" coveredelements="10"/>
      </file>
      <file name="/home/travis/build/IcecaveStudios/siphon/src/Player/PlayerReader.php">
        <class name="PlayerReader" namespace="Icecave\Siphon\Player">
          <metrics methods="3" coveredmethods="3" conditionals="0" coveredconditionals="0" statements="36" coveredstatements="36" elements="39" coveredelements="39"/>
        </class>
        <line num="21" type="method" name="__construct" crap="1" count="5"/>
        <line num="23" type="stmt" count="5"/>
        <line num="24" type="stmt" count="5"/>
        <line num="34" type="method" name="read" crap="4" count="3"/>
        <line num="36" type="stmt" count="3"/>
        <line num="37" type="stmt" count="1"/>
        <line num="40" type="stmt" count="2"/>
        <line num="42" type="stmt" count="2"/>
        <line num="43" type="stmt" count="2"/>
        <line num="44" type="stmt" count="2"/>
        <line num="45" type="stmt" count="2"/>
        <line num="46" type="stmt" count="2"/>
        <line num="47" type="stmt" count="2"/>
        <line num="48" type="stmt" count="2"/>
        <line num="49" type="stmt" count="2"/>
        <line num="50" type="stmt" count="2"/>
        <line num="51" type="stmt" count="2"/>
        <line num="52" type="stmt" count="2"/>
        <line num="57" type="stmt" count="2"/>
        <line num="58" type="stmt" count="1"/>
        <line num="61" type="stmt" count="1"/>
        <line num="62" type="stmt" count="1"/>
        <line num="63" type="stmt" count="1"/>
        <line num="64" type="stmt" count="1"/>
        <line num="65" type="stmt" count="1"/>
        <line num="67" type="stmt" count="1"/>
        <line num="68" type="stmt" count="1"/>
        <line num="69" type="stmt" count="1"/>
        <line num="70" type="stmt" count="1"/>
        <line num="71" type="stmt" count="1"/>
        <line num="72" type="stmt" count="1"/>
        <line num="73" type="stmt" count="1"/>
        <line num="74" type="stmt" count="1"/>
        <line num="75" type="stmt" count="1"/>
        <line num="76" type="stmt" count="1"/>
        <line num="77" type="stmt" count="1"/>
        <line num="79" type="stmt" count="1"/>
        <line num="87" type="method" name="isSupported" crap="1" count="4"/>
        <line num="89" type="stmt" count="4"/>
        <metrics loc="93" ncloc="71" classes="1" methods="3" coveredmethods="3" conditionals="0" coveredconditionals="0" statements="36" coveredstatements="36" elements="39" coveredelements="39"/>
      </file>
      <file name="/home/travis/build/IcecaveStudios/siphon/src/Player/PlayerRequest.php">
        <class name="PlayerRequest" namespace="Icecave\Siphon\Player">
          <metrics methods="2" coveredmethods="2" conditionals="0" coveredconditionals="0" statements="7" coveredstatements="7" elements="9" coveredelements="9"/>
        </class>
        <line num="21" type="method" name="accept" crap="1" count="2"/>
        <line num="23" type="stmt" count="2"/>
        <line num="29" type="method" name="__toString" crap="1" count="1"/>
        <line num="31" type="stmt" count="1"/>
        <line num="32" type="stmt" count="1"/>
        <line num="33" type="stmt" count="1"/>
        <line num="34" type="stmt" count="1"/>
        <line num="35" type="stmt" count="1"/>
        <line num="36" type="stmt" count="1"/>
        <metrics loc="38" ncloc="25" classes="1" methods="2" coveredmethods="2" conditionals="0" coveredconditionals="0" statements="7" coveredstatements="7" elements="9" coveredelements="9"/>
      </file>
      <file name="/home/travis/build/IcecaveStudios/siphon/src/Player/PlayerRequestTrait.php">
        <class name="PlayerRequestTrait" namespace="Icecave\Siphon\Player">
          <metrics methods="10" coveredmethods="10" conditionals="0" coveredconditionals="0" statements="28" coveredstatements="28" elements="38" coveredelements="38"/>
        </class>
        <line num="18" type="method" name="__construct" crap="1" count="39"/>
        <line num="23" type="stmt" count="39"/>
        <line num="24" type="stmt" count="39"/>
        <line num="25" type="stmt" count="39"/>
        <line num="26" type="stmt" count="39"/>
        <line num="33" type="method" name="sport" crap="1" count="13"/>
        <line num="35" type="stmt" count="13"/>
        <line num="43" type="method" name="setSport" crap="1" count="39"/>
        <line num="45" type="stmt" count="39"/>
        <line num="46" type="stmt" count="39"/>
        <line num="53" type="method" name="seasonName" crap="1" count="10"/>
        <line num="55" type="stmt" count="10"/>
        <line num="63" type="method" name="setSeasonName" crap="1" count="39"/>
        <line num="65" type="stmt" count="39"/>
        <line num="66" type="stmt" count="39"/>
        <line num="73" type="method" name="teamId" crap="1" count="13"/>
        <line num="75" type="stmt" count="13"/>
        <line num="86" type="method" name="setTeamId" crap="1" count="39"/>
        <line num="88" type="stmt" count="39"/>
        <line num="89" type="stmt" count="39"/>
        <line num="90" type="stmt" count="39"/>
        <line num="92" type="stmt" count="39"/>
        <line num="93" type="stmt" count="39"/>
        <line num="100" type="method" name="serialize" crap="1" count="2"/>
        <line num="102" type="stmt" count="2"/>
        <line num="103" type="stmt" count="2"/>
        <line num="104" type="stmt" count="2"/>
        <line num="105" type="stmt" count="2"/>
        <line num="106" type="stmt" count="2"/>
        <line num="107" type="stmt" count="2"/>
        <line num="115" type="method" name="unserialize" crap="1" count="2"/>
        <line num="117" type="stmt" count="2"/>
        <line num="118" type="stmt" count="2"/>
        <line num="119" type="method" name="anonymous function" crap="1" count="2"/>
        <line num="120" type="stmt" count="2"/>
        <line num="121" type="stmt" count="2"/>
        <line num="122" type="stmt" count="2"/>
        <line num="123" type="stmt" count="2"/>
        <line num="124" type="stmt" count="2"/>
        <line num="125" type="stmt" count="2"/>
        <metrics loc="130" ncloc="77" classes="1" methods="10" coveredmethods="10" conditionals="0" coveredconditionals="0" statements="30" coveredstatements="30" elements="40" coveredelements="40"/>
      </file>
      <file name="/home/travis/build/IcecaveStudios/siphon/src/Player/PlayerResponse.php">
        <class name="PlayerResponse" namespace="Icecave\Siphon\Player">
          <metrics methods="2" coveredmethods="2" conditionals="0" coveredconditionals="0" statements="3" coveredstatements="3" elements="5" coveredelements="5"/>
        </class>
        <line num="26" type="method" name="add" crap="1" count="12"/>
        <line num="28" type="stmt" count="12"/>
        <line num="29" type="stmt" count="12"/>
        <line num="38" type="method" name="accept" crap="1" count="1"/>
        <line num="40" type="stmt" count="1"/>
        <metrics loc="42" ncloc="26" classes="1" methods="2" coveredmethods="2" conditionals="0" coveredconditionals="0" statements="3" coveredstatements="3" elements="5" coveredelements="5"/>
      </file>
      <file name="/home/travis/build/IcecaveStudios/siphon/src/Player/PlayerResponseTrait.php">
        <class name="PlayerResponseTrait" namespace="Icecave\Siphon\Player">
          <metrics methods="12" coveredmethods="12" conditionals="0" coveredconditionals="0" statements="24" coveredstatements="24" elements="36" coveredelements="36"/>
        </class>
        <line num="13" type="method" name="__construct" crap="1" count="50"/>
        <line num="18" type="stmt" count="50"/>
        <line num="19" type="stmt" count="50"/>
        <line num="20" type="stmt" count="50"/>
        <line num="22" type="stmt" count="50"/>
        <line num="23" type="stmt" count="50"/>
        <line num="30" type="method" name="sport" crap="1" count="3"/>
        <line num="32" type="stmt" count="3"/>
        <line num="40" type="method" name="setSport" crap="1" count="50"/>
        <line num="42" type="stmt" count="50"/>
        <line num="43" type="stmt" count="50"/>
        <line num="50" type="method" name="season" crap="1" count="3"/>
        <line num="52" type="stmt" count="3"/>
        <line num="60" type="method" name="setSeason" crap="1" count="50"/>
        <line num="62" type="stmt" count="50"/>
        <line num="63" type="stmt" count="50"/>
        <line num="70" type="method" name="team" crap="1" count="3"/>
        <line num="72" type="stmt" count="3"/>
        <line num="80" type="method" name="setTeam" crap="1" count="50"/>
        <line num="82" type="stmt" count="50"/>
        <line num="83" type="stmt" count="50"/>
        <line num="90" type="method" name="isEmpty" crap="1" count="6"/>
        <line num="92" type="stmt" count="6"/>
        <line num="100" type="method" name="count" crap="1" count="3"/>
        <line num="102" type="stmt" count="3"/>
        <line num="110" type="method" name="getIterator" crap="2" count="15"/>
        <line num="112" type="stmt" count="15"/>
        <line num="113" type="stmt" count="9"/>
        <line num="114" type="stmt" count="15"/>
        <line num="115" type="stmt" count="15"/>
        <line num="122" type="method" name="remove" crap="1" count="6"/>
        <line num="124" type="stmt" count="6"/>
        <line num="125" type="stmt" count="6"/>
        <line num="130" type="method" name="clear" crap="1" count="3"/>
        <line num="132" type="stmt" count="3"/>
        <line num="133" type="stmt" count="3"/>
        <metrics loc="138" ncloc="82" classes="1" methods="12" coveredmethods="12" conditionals="0" coveredconditionals="0" statements="24" coveredstatements="24" elements="36" coveredelements="36"/>
      </file>
      <file name="/home/travis/build/IcecaveStudios/siphon/src/Player/PlayerSeasonDetails.php">
        <class name="PlayerSeasonDetails" namespace="Icecave\Siphon\Player">
          <metrics methods="5" coveredmethods="5" conditionals="0" coveredconditionals="0" statements="9" coveredstatements="9" elements="14" coveredelements="14"/>
        </class>
        <line num="15" type="method" name="__construct" crap="1" count="8"/>
        <line num="21" type="stmt" count="8"/>
        <line num="22" type="stmt" count="8"/>
        <line num="23" type="stmt" count="8"/>
        <line num="24" type="stmt" count="8"/>
        <line num="25" type="stmt" count="8"/>
        <line num="34" type="method" name="number" crap="1" count="1"/>
        <line num="36" type="stmt" count="1"/>
        <line num="46" type="method" name="position" crap="1" count="1"/>
        <line num="48" type="stmt" count="1"/>
        <line num="56" type="method" name="positionName" crap="1" count="1"/>
        <line num="58" type="stmt" count="1"/>
        <line num="66" type="method" name="isActive" crap="1" count="1"/>
        <line num="68" type="stmt" count="1"/>
        <metrics loc="75" ncloc="42" classes="1" methods="5" coveredmethods="5" conditionals="0" coveredconditionals="0" statements="9" coveredstatements="9" elements="14" coveredelements="14"/>
      </file>
    </package>
    <package name="Icecave\Siphon\Player\Statistics">
      <file name="/home/travis/build/IcecaveStudios/siphon/src/Player/Statistics/PlayerStatisticsReader.php">
        <class name="PlayerStatisticsReader" namespace="Icecave\Siphon\Player\Statistics">
          <metrics methods="3" coveredmethods="3" conditionals="0" coveredconditionals="0" statements="41" coveredstatements="41" elements="44" coveredelements="44"/>
        </class>
        <line num="25" type="method" name="__construct" crap="1" count="6"/>
        <line num="27" type="stmt" count="6"/>
        <line num="28" type="stmt" count="6"/>
        <line num="38" type="method" name="read" crap="5" count="4"/>
        <line num="40" type="stmt" count="4"/>
        <line num="41" type="stmt" count="1"/>
        <line num="42" type="stmt" count="3"/>
        <line num="43" type="stmt" count="2"/>
        <line num="44" type="stmt" count="2"/>
        <line num="45" type="stmt" count="2"/>
        <line num="46" type="stmt" count="2"/>
        <line num="47" type="stmt" count="2"/>
        <line num="48" type="stmt" count="2"/>
        <line num="49" type="stmt" count="2"/>
        <line num="50" type="stmt" count="2"/>
        <line num="51" type="stmt" count="2"/>
        <line num="52" type="stmt" count="1"/>
        <line num="53" type="stmt" count="1"/>
        <line num="54" type="stmt" count="1"/>
        <line num="55" type="stmt" count="1"/>
        <line num="56" type="stmt" count="1"/>
        <line num="57" type="stmt" count="1"/>
        <line num="58" type="stmt" count="1"/>
        <line num="59" type="stmt" count="1"/>
        <line num="62" type="stmt" count="3"/>
        <line num="64" type="stmt" count="3"/>
        <line num="65" type="stmt" count="3"/>
        <line num="70" type="stmt" count="3"/>
        <line num="71" type="stmt" count="1"/>
        <line num="74" type="stmt" count="2"/>
        <line num="75" type="stmt" count="2"/>
        <line num="76" type="stmt" count="2"/>
        <line num="77" type="stmt" count="2"/>
        <line num="78" type="stmt" count="2"/>
        <line num="79" type="stmt" count="2"/>
        <line num="81" type="stmt" count="2"/>
        <line num="82" type="stmt" count="2"/>
        <line num="83" type="stmt" count="2"/>
        <line num="84" type="stmt" count="2"/>
        <line num="85" type="stmt" count="2"/>
        <line num="86" type="stmt" count="2"/>
        <line num="88" type="stmt" count="2"/>
        <line num="96" type="method" name="isSupported" crap="1" count="5"/>
        <line num="98" type="stmt" count="5"/>
        <metrics loc="102" ncloc="78" classes="1" methods="3" coveredmethods="3" conditionals="0" coveredconditionals="0" statements="41" coveredstatements="41" elements="44" coveredelements="44"/>
      </file>
      <file name="/home/travis/build/IcecaveStudios/siphon/src/Player/Statistics/PlayerStatisticsRequest.php">
        <class name="PlayerStatisticsRequest" namespace="Icecave\Siphon\Player\Statistics">
          <metrics methods="8" coveredmethods="8" conditionals="0" coveredconditionals="0" statements="30" coveredstatements="30" elements="38" coveredelements="38"/>
        </class>
        <line num="26" type="method" name="__construct" crap="2" count="15"/>
        <line num="32" type="stmt" count="15"/>
        <line num="33" type="stmt" count="13"/>
        <line num="36" type="stmt" count="15"/>
        <line num="37" type="stmt" count="15"/>
        <line num="38" type="stmt" count="15"/>
        <line num="45" type="method" name="type" crap="1" count="4"/>
        <line num="47" type="stmt" count="4"/>
        <line num="55" type="method" name="setType" crap="1" count="15"/>
        <line num="57" type="stmt" count="15"/>
        <line num="58" type="stmt" count="15"/>
        <line num="67" type="method" name="accept" crap="1" count="2"/>
        <line num="69" type="stmt" count="2"/>
        <line num="77" type="method" name="serialize" crap="1" count="1"/>
        <line num="79" type="stmt" count="1"/>
        <line num="80" type="stmt" count="1"/>
        <line num="81" type="stmt" count="1"/>
        <line num="82" type="stmt" count="1"/>
        <line num="83" type="stmt" count="1"/>
        <line num="84" type="stmt" count="1"/>
        <line num="85" type="stmt" count="1"/>
        <line num="93" type="method" name="unserialize" crap="1" count="1"/>
        <line num="95" type="stmt" count="1"/>
        <line num="96" type="stmt" count="1"/>
        <line num="97" type="method" name="anonymous function" crap="1" count="1"/>
        <line num="98" type="stmt" count="1"/>
        <line num="99" type="stmt" count="1"/>
        <line num="100" type="stmt" count="1"/>
        <line num="101" type="stmt" count="1"/>
        <line num="102" type="stmt" count="1"/>
        <line num="103" type="stmt" count="1"/>
        <line num="104" type="stmt" count="1"/>
        <line num="109" type="method" name="__toString" crap="1" count="1"/>
        <line num="111" type="stmt" count="1"/>
        <line num="112" type="stmt" count="1"/>
        <line num="113" type="stmt" count="1"/>
        <line num="114" type="stmt" count="1"/>
        <line num="115" type="stmt" count="1"/>
        <line num="116" type="stmt" count="1"/>
        <line num="117" type="stmt" count="1"/>
        <metrics loc="121" ncloc="80" classes="1" methods="8" coveredmethods="8" conditionals="0" coveredconditionals="0" statements="32" coveredstatements="32" elements="40" coveredelements="40"/>
      </file>
      <file name="/home/travis/build/IcecaveStudios/siphon/src/Player/Statistics/PlayerStatisticsResponse.php">
        <class name="PlayerStatisticsResponse" namespace="Icecave\Siphon\Player\Statistics">
          <metrics methods="5" coveredmethods="5" conditionals="0" coveredconditionals="0" statements="9" coveredstatements="9" elements="14" coveredelements="14"/>
        </class>
        <line num="34" type="method" name="__construct" crap="1" count="18"/>
        <line num="40" type="stmt" count="18"/>
        <line num="41" type="stmt" count="18"/>
        <line num="42" type="stmt" count="18"/>
        <line num="49" type="method" name="type" crap="1" count="1"/>
        <line num="51" type="stmt" count="1"/>
        <line num="59" type="method" name="setType" crap="1" count="18"/>
        <line num="61" type="stmt" count="18"/>
        <line num="62" type="stmt" count="18"/>
        <line num="70" type="method" name="add" crap="1" count="10"/>
        <line num="72" type="stmt" count="10"/>
        <line num="73" type="stmt" count="10"/>
        <line num="82" type="method" name="accept" crap="1" count="1"/>
        <line num="84" type="stmt" count="1"/>
        <metrics loc="88" ncloc="56" classes="1" methods="5" coveredmethods="5" conditionals="0" coveredconditionals="0" statements="9" coveredstatements="9" elements="14" coveredelements="14"/>
      </file>
    </package>
    <package name="Icecave\Siphon\Reader\Exception">
      <file name="/home/travis/build/IcecaveStudios/siphon/src/Reader/Exception/NotFoundException.php">
        <class name="NotFoundException" namespace="Icecave\Siphon\Reader\Exception">
          <metrics methods="1" coveredmethods="1" conditionals="0" coveredconditionals="0" statements="2" coveredstatements="2" elements="3" coveredelements="3"/>
        </class>
        <line num="12" type="method" name="__construct" crap="1" count="6"/>
        <line num="14" type="stmt" count="6"/>
        <line num="15" type="stmt" count="6"/>
        <metrics loc="16" ncloc="13" classes="1" methods="1" coveredmethods="1" conditionals="0" coveredconditionals="0" statements="2" coveredstatements="2" elements="3" coveredelements="3"/>
      </file>
      <file name="/home/travis/build/IcecaveStudios/siphon/src/Reader/Exception/ServiceUnavailableException.php">
        <class name="ServiceUnavailableException" namespace="Icecave\Siphon\Reader\Exception">
          <metrics methods="1" coveredmethods="1" conditionals="0" coveredconditionals="0" statements="2" coveredstatements="2" elements="3" coveredelements="3"/>
        </class>
        <line num="12" type="method" name="__construct" crap="1" count="3"/>
        <line num="14" type="stmt" count="3"/>
        <line num="15" type="stmt" count="3"/>
        <metrics loc="16" ncloc="13" classes="1" methods="1" coveredmethods="1" conditionals="0" coveredconditionals="0" statements="2" coveredstatements="2" elements="3" coveredelements="3"/>
      </file>
    </package>
    <package name="Icecave\Siphon\Reader">
      <file name="/home/travis/build/IcecaveStudios/siphon/src/Reader/RequestFactory.php">
        <class name="RequestFactory" namespace="Icecave\Siphon\Reader">
          <metrics methods="11" coveredmethods="11" conditionals="0" coveredconditionals="0" statements="173" coveredstatements="173" elements="184" coveredelements="184"/>
        </class>
        <line num="34" type="method" name="create" crap="12" count="19"/>
        <line num="36" type="stmt" count="19"/>
        <line num="38" type="stmt" count="19"/>
        <line num="39" type="stmt" count="5"/>
        <line num="41" type="stmt" count="5"/>
        <line num="42" type="stmt" count="5"/>
        <line num="44" type="stmt" count="5"/>
        <line num="46" type="stmt" count="5"/>
        <line num="47" type="stmt" count="5"/>
        <line num="48" type="stmt" count="14"/>
        <line num="51" type="stmt" count="19"/>
        <line num="52" type="stmt" count="5"/>
        <line num="53" type="stmt" count="14"/>
        <line num="54" type="stmt" count="3"/>
        <line num="55" type="stmt" count="11"/>
        <line num="56" type="stmt" count="1"/>
        <line num="57" type="stmt" count="10"/>
        <line num="58" type="stmt" count="2"/>
        <line num="59" type="stmt" count="8"/>
        <line num="60" type="stmt" count="1"/>
        <line num="61" type="stmt" count="7"/>
        <line num="62" type="stmt" count="2"/>
        <line num="63" type="stmt" count="5"/>
        <line num="64" type="stmt" count="1"/>
        <line num="65" type="stmt" count="4"/>
        <line num="66" type="stmt" count="1"/>
        <line num="67" type="stmt" count="3"/>
        <line num="68" type="stmt" count="1"/>
        <line num="69" type="stmt" count="2"/>
        <line num="70" type="stmt" count="1"/>
        <line num="73" type="stmt" count="1"/>
        <line num="83" type="method" name="createAtomRequest" crap="7" count="19"/>
        <line num="85" type="stmt" count="19"/>
        <line num="86" type="stmt" count="14"/>
        <line num="89" type="stmt" count="5"/>
        <line num="90" type="stmt" count="5"/>
        <line num="91" type="stmt" count="5"/>
        <line num="93" type="stmt" count="5"/>
        <line num="94" type="stmt" count="1"/>
        <line num="97" type="stmt" count="5"/>
        <line num="98" type="stmt" count="1"/>
        <line num="101" type="stmt" count="5"/>
        <line num="102" type="stmt" count="2"/>
        <line num="104" type="stmt" count="2"/>
        <line num="105" type="stmt" count="1"/>
        <line num="106" type="stmt" count="2"/>
        <line num="107" type="stmt" count="1"/>
        <line num="110" type="stmt" count="2"/>
        <line num="113" type="stmt" count="5"/>
        <line num="123" type="method" name="createScheduleRequest" crap="4" count="14"/>
        <line num="125" type="stmt" count="14"/>
        <line num="128" type="stmt" count="14"/>
        <line num="129" type="stmt" count="14"/>
        <line num="130" type="stmt" count="14"/>
        <line num="132" type="stmt" count="14"/>
        <line num="133" type="stmt" count="1"/>
        <line num="134" type="stmt" count="1"/>
        <line num="137" type="stmt" count="14"/>
        <line num="138" type="stmt" count="13"/>
        <line num="139" type="stmt" count="13"/>
        <line num="141" type="stmt" count="13"/>
        <line num="142" type="stmt" count="1"/>
        <line num="143" type="stmt" count="1"/>
        <line num="146" type="stmt" count="13"/>
        <line num="147" type="stmt" count="12"/>
        <line num="148" type="stmt" count="12"/>
        <line num="150" type="stmt" count="12"/>
        <line num="151" type="stmt" count="1"/>
        <line num="152" type="stmt" count="1"/>
        <line num="153" type="stmt" count="1"/>
        <line num="154" type="stmt" count="11"/>
        <line num="157" type="stmt" count="3"/>
        <line num="167" type="method" name="createTeamRequest" crap="2" count="11"/>
        <line num="169" type="stmt" count="11"/>
        <line num="171" type="stmt" count="11"/>
        <line num="172" type="stmt" count="11"/>
        <line num="173" type="stmt" count="11"/>
        <line num="175" type="stmt" count="11"/>
        <line num="176" type="stmt" count="1"/>
        <line num="177" type="stmt" count="1"/>
        <line num="178" type="stmt" count="1"/>
        <line num="179" type="stmt" count="1"/>
        <line num="182" type="stmt" count="10"/>
        <line num="192" type="method" name="createTeamStatisticsRequest" crap="3" count="10"/>
        <line num="194" type="stmt" count="10"/>
        <line num="196" type="stmt" count="10"/>
        <line num="197" type="stmt" count="10"/>
        <line num="198" type="stmt" count="10"/>
        <line num="200" type="stmt" count="10"/>
        <line num="201" type="stmt" count="1"/>
        <line num="202" type="stmt" count="1"/>
        <line num="203" type="stmt" count="1"/>
        <line num="204" type="stmt" count="1"/>
        <line num="205" type="stmt" count="1"/>
        <line num="206" type="stmt" count="9"/>
        <line num="207" type="stmt" count="9"/>
        <line num="208" type="stmt" count="9"/>
        <line num="210" type="stmt" count="9"/>
        <line num="211" type="stmt" count="1"/>
        <line num="212" type="stmt" count="1"/>
        <line num="213" type="stmt" count="1"/>
        <line num="214" type="stmt" count="1"/>
        <line num="215" type="stmt" count="1"/>
        <line num="218" type="stmt" count="8"/>
        <line num="228" type="method" name="createPlayerRequest" crap="2" count="8"/>
        <line num="230" type="stmt" count="8"/>
        <line num="232" type="stmt" count="8"/>
        <line num="233" type="stmt" count="8"/>
        <line num="234" type="stmt" count="8"/>
        <line num="236" type="stmt" count="8"/>
        <line num="237" type="stmt" count="1"/>
        <line num="238" type="stmt" count="1"/>
        <line num="239" type="stmt" count="1"/>
        <line num="240" type="stmt" count="1"/>
        <line num="241" type="stmt" count="1"/>
        <line num="244" type="stmt" count="7"/>
        <line num="254" type="method" name="createPlayerStatisticsRequest" crap="3" count="7"/>
        <line num="256" type="stmt" count="7"/>
        <line num="258" type="stmt" count="7"/>
        <line num="259" type="stmt" count="7"/>
        <line num="260" type="stmt" count="7"/>
        <line num="262" type="stmt" count="7"/>
        <line num="263" type="stmt" count="1"/>
        <line num="264" type="stmt" count="1"/>
        <line num="265" type="stmt" count="1"/>
        <line num="266" type="stmt" count="1"/>
        <line num="267" type="stmt" count="1"/>
        <line num="268" type="stmt" count="1"/>
        <line num="269" type="stmt" count="6"/>
        <line num="270" type="stmt" count="6"/>
        <line num="271" type="stmt" count="6"/>
        <line num="273" type="stmt" count="6"/>
        <line num="274" type="stmt" count="1"/>
        <line num="275" type="stmt" count="1"/>
        <line num="276" type="stmt" count="1"/>
        <line num="277" type="stmt" count="1"/>
        <line num="278" type="stmt" count="1"/>
        <line num="279" type="stmt" count="1"/>
        <line num="282" type="stmt" count="5"/>
        <line num="292" type="method" name="createImageRequest" crap="2" count="5"/>
        <line num="294" type="stmt" count="5"/>
        <line num="296" type="stmt" count="5"/>
        <line num="297" type="stmt" count="5"/>
        <line num="298" type="stmt" count="5"/>
        <line num="300" type="stmt" count="5"/>
        <line num="301" type="stmt" count="1"/>
        <line num="302" type="stmt" count="1"/>
        <line num="303" type="stmt" count="1"/>
        <line num="304" type="stmt" count="1"/>
        <line num="305" type="stmt" count="1"/>
        <line num="308" type="stmt" count="4"/>
        <line num="318" type="method" name="createInjuryRequest" crap="2" count="4"/>
        <line num="320" type="stmt" count="4"/>
        <line num="322" type="stmt" count="4"/>
        <line num="323" type="stmt" count="4"/>
        <line num="324" type="stmt" count="4"/>
        <line num="326" type="stmt" count="4"/>
        <line num="327" type="stmt" count="1"/>
        <line num="328" type="stmt" count="1"/>
        <line num="329" type="stmt" count="1"/>
        <line num="332" type="stmt" count="3"/>
        <line num="342" type="method" name="createLiveScoreRequest" crap="2" count="3"/>
        <line num="344" type="stmt" count="3"/>
        <line num="346" type="stmt" count="3"/>
        <line num="347" type="stmt" count="3"/>
        <line num="348" type="stmt" count="3"/>
        <line num="350" type="stmt" count="3"/>
        <line num="351" type="stmt" count="1"/>
        <line num="352" type="stmt" count="1"/>
        <line num="353" type="stmt" count="1"/>
        <line num="354" type="stmt" count="1"/>
        <line num="357" type="stmt" count="2"/>
        <line num="367" type="method" name="createBoxScoreRequest" crap="2" count="2"/>
        <line num="369" type="stmt" count="2"/>
        <line num="371" type="stmt" count="2"/>
        <line num="372" type="stmt" count="2"/>
        <line num="373" type="stmt" count="2"/>
        <line num="375" type="stmt" count="2"/>
        <line num="376" type="stmt" count="1"/>
        <line num="377" type="stmt" count="1"/>
        <line num="378" type="stmt" count="1"/>
        <line num="379" type="stmt" count="1"/>
        <line num="380" type="stmt" count="1"/>
        <line num="383" type="stmt" count="1"/>
        <metrics loc="385" ncloc="298" classes="1" methods="11" coveredmethods="11" conditionals="0" coveredconditionals="0" statements="173" coveredstatements="173" elements="184" coveredelements="184"/>
      </file>
      <file name="/home/travis/build/IcecaveStudios/siphon/src/Reader/UrlBuilder.php">
        <class name="UrlBuilder" namespace="Icecave\Siphon\Reader">
          <metrics methods="3" coveredmethods="3" conditionals="0" coveredconditionals="0" statements="29" coveredstatements="29" elements="32" coveredelements="32"/>
        </class>
        <line num="15" type="method" name="__construct" crap="1" count="8"/>
        <line num="19" type="stmt" count="8"/>
        <line num="20" type="stmt" count="8"/>
        <line num="21" type="stmt" count="8"/>
        <line num="31" type="method" name="build" crap="3" count="4"/>
        <line num="33" type="stmt" count="4"/>
        <line num="34" type="stmt" count="1"/>
        <line num="36" type="stmt" count="1"/>
        <line num="39" type="stmt" count="3"/>
        <line num="40" type="stmt" count="3"/>
        <line num="41" type="stmt" count="3"/>
        <line num="42" type="stmt" count="3"/>
        <line num="43" type="stmt" count="3"/>
        <line num="44" type="stmt" count="3"/>
        <line num="46" type="stmt" count="3"/>
        <line num="47" type="stmt" count="1"/>
        <line num="48" type="stmt" count="3"/>
        <line num="50" type="stmt" count="3"/>
        <line num="60" type="method" name="extract" crap="4" count="4"/>
        <line num="62" type="stmt" count="4"/>
        <line num="63" type="stmt" count="1"/>
        <line num="65" type="stmt" count="1"/>
        <line num="68" type="stmt" count="3"/>
        <line num="69" type="stmt" count="3"/>
        <line num="71" type="stmt" count="3"/>
        <line num="72" type="stmt" count="2"/>
        <line num="73" type="stmt" count="2"/>
        <line num="74" type="stmt" count="1"/>
        <line num="77" type="stmt" count="3"/>
        <line num="78" type="stmt" count="1"/>
        <line num="79" type="stmt" count="1"/>
        <line num="82" type="stmt" count="3"/>
        <metrics loc="87" ncloc="65" classes="1" methods="3" coveredmethods="3" conditionals="0" coveredconditionals="0" statements="29" coveredstatements="29" elements="32" coveredelements="32"/>
      </file>
      <file name="/home/travis/build/IcecaveStudios/siphon/src/Reader/XmlReader.php">
        <class name="XmlReader" namespace="Icecave\Siphon\Reader">
          <metrics methods="2" coveredmethods="2" conditionals="0" coveredconditionals="0" statements="15" coveredstatements="15" elements="17" coveredelements="17"/>
        </class>
        <line num="21" type="method" name="__construct" crap="1" count="6"/>
        <line num="25" type="stmt" count="6"/>
        <line num="26" type="stmt" count="6"/>
        <line num="27" type="stmt" count="6"/>
        <line num="37" type="method" name="read" crap="5" count="5"/>
        <line num="39" type="stmt" count="5"/>
        <line num="42" type="stmt" count="5"/>
        <line num="43" type="stmt" count="5"/>
        <line num="44" type="stmt" count="2"/>
        <line num="45" type="stmt" count="1"/>
        <line num="47" type="stmt" count="1"/>
        <line num="48" type="stmt" count="1"/>
        <line num="49" type="stmt" count="1"/>
        <line num="53" type="stmt" count="2"/>
        <line num="54" type="stmt" count="2"/>
        <line num="55" type="stmt" count="1"/>
        <line num="58" type="stmt" count="1"/>
        <metrics loc="63" ncloc="48" classes="1" methods="2" coveredmethods="2" conditionals="0" coveredconditionals="0" statements="15" coveredstatements="15" elements="17" coveredelements="17"/>
      </file>
    </package>
    <package name="Icecave\Siphon\Schedule">
      <file name="/home/travis/build/IcecaveStudios/siphon/src/Schedule/Competition.php">
        <class name="Competition" namespace="Icecave\Siphon\Schedule">
          <metrics methods="11" coveredmethods="11" conditionals="0" coveredconditionals="0" statements="21" coveredstatements="21" elements="32" coveredelements="32"/>
        </class>
        <line num="23" type="method" name="__construct" crap="1" count="18"/>
        <line num="32" type="stmt" count="18"/>
        <line num="33" type="stmt" count="18"/>
        <line num="34" type="stmt" count="18"/>
        <line num="35" type="stmt" count="18"/>
        <line num="36" type="stmt" count="18"/>
        <line num="37" type="stmt" count="18"/>
        <line num="38" type="stmt" count="18"/>
        <line num="39" type="stmt" count="18"/>
        <line num="40" type="stmt" count="18"/>
        <line num="47" type="method" name="id" crap="1" count="7"/>
        <line num="49" type="stmt" count="7"/>
        <line num="57" type="method" name="status" crap="1" count="1"/>
        <line num="59" type="stmt" count="1"/>
        <line num="67" type="method" name="startTime" crap="1" count="1"/>
        <line num="69" type="stmt" count="1"/>
        <line num="77" type="method" name="sport" crap="1" count="1"/>
        <line num="79" type="stmt" count="1"/>
        <line num="87" type="method" name="season" crap="1" count="1"/>
        <line num="89" type="stmt" count="1"/>
        <line num="97" type="method" name="homeTeam" crap="1" count="1"/>
        <line num="99" type="stmt" count="1"/>
        <line num="107" type="method" name="awayTeam" crap="1" count="1"/>
        <line num="109" type="stmt" count="1"/>
        <line num="120" type="method" name="notablePlayers" crap="1" count="3"/>
        <line num="122" type="stmt" count="3"/>
        <line num="130" type="method" name="addNotablePlayer" crap="1" count="8"/>
        <line num="132" type="stmt" count="8"/>
        <line num="133" type="stmt" count="8"/>
        <line num="140" type="method" name="removeNotablePlayer" crap="1" count="2"/>
        <line num="142" type="stmt" count="2"/>
        <line num="143" type="stmt" count="2"/>
        <metrics loc="153" ncloc="88" classes="1" methods="11" coveredmethods="11" conditionals="0" coveredconditionals="0" statements="21" coveredstatements="21" elements="32" coveredelements="32"/>
      </file>
      <file name="/home/travis/build/IcecaveStudios/siphon/src/Schedule/CompetitionFactoryTrait.php">
        <class name="CompetitionFactoryTrait" namespace="Icecave\Siphon\Schedule">
          <metrics methods="1" coveredmethods="1" conditionals="0" coveredconditionals="0" statements="29" coveredstatements="29" elements="30" coveredelements="30"/>
        </class>
        <line num="13" type="method" name="createCompetition" crap="2" count="10"/>
        <line num="18" type="stmt" count="10"/>
        <line num="20" type="stmt" count="10"/>
        <line num="21" type="stmt" count="10"/>
        <line num="22" type="stmt" count="10"/>
        <line num="24" type="stmt" count="10"/>
        <line num="25" type="stmt" count="10"/>
        <line num="26" type="stmt" count="10"/>
        <line num="28" type="stmt" count="10"/>
        <line num="29" type="stmt" count="10"/>
        <line num="30" type="stmt" count="10"/>
        <line num="32" type="stmt" count="10"/>
        <line num="33" type="stmt" count="10"/>
        <line num="34" type="stmt" count="10"/>
        <line num="36" type="stmt" count="10"/>
        <line num="37" type="stmt" count="5"/>
        <line num="38" type="stmt" count="5"/>
        <line num="39" type="stmt" count="5"/>
        <line num="40" type="stmt" count="5"/>
        <line num="41" type="stmt" count="5"/>
        <line num="42" type="stmt" count="5"/>
        <line num="43" type="stmt" count="5"/>
        <line num="45" type="stmt" count="5"/>
        <line num="48" type="stmt" count="5"/>
        <line num="49" type="stmt" count="5"/>
        <line num="50" type="stmt" count="5"/>
        <line num="51" type="stmt" count="5"/>
        <line num="52" type="stmt" count="5"/>
        <line num="53" type="stmt" count="5"/>
        <line num="55" type="stmt" count="5"/>
        <metrics loc="59" ncloc="56" classes="1" methods="1" coveredmethods="1" conditionals="0" coveredconditionals="0" statements="29" coveredstatements="29" elements="30" coveredelements="30"/>
      </file>
      <file name="/home/travis/build/IcecaveStudios/siphon/src/Schedule/CompetitionRef.php">
        <class name="CompetitionRef" namespace="Icecave\Siphon\Schedule">
          <metrics methods="7" coveredmethods="7" conditionals="0" coveredconditionals="0" statements="13" coveredstatements="13" elements="20" coveredelements="20"/>
        </class>
        <line num="21" type="method" name="__construct" crap="1" count="11"/>
        <line num="29" type="stmt" count="11"/>
        <line num="30" type="stmt" count="11"/>
        <line num="31" type="stmt" count="11"/>
        <line num="32" type="stmt" count="11"/>
        <line num="33" type="stmt" count="11"/>
        <line num="34" type="stmt" count="11"/>
        <line num="35" type="stmt" count="11"/>
        <line num="42" type="method" name="id" crap="1" count="1"/>
        <line num="44" type="stmt" count="1"/>
        <line num="52" type="method" name="status" crap="1" count="6"/>
        <line num="54" type="stmt" count="6"/>
        <line num="62" type="method" name="startTime" crap="1" count="1"/>
        <line num="64" type="stmt" count="1"/>
        <line num="72" type="method" name="sport" crap="1" count="1"/>
        <line num="74" type="stmt" count="1"/>
        <line num="82" type="method" name="homeTeam" crap="1" count="1"/>
        <line num="84" type="stmt" count="1"/>
        <line num="92" type="method" name="awayTeam" crap="1" count="1"/>
        <line num="94" type="stmt" count="1"/>
        <metrics loc="103" ncloc="62" classes="1" methods="7" coveredmethods="7" conditionals="0" coveredconditionals="0" statements="13" coveredstatements="13" elements="20" coveredelements="20"/>
      </file>
      <file name="/home/travis/build/IcecaveStudios/siphon/src/Schedule/CompetitionStatus.php">
        <class name="CompetitionStatus" namespace="Icecave\Siphon\Schedule">
          <metrics methods="0" coveredmethods="0" conditionals="0" coveredconditionals="0" statements="0" coveredstatements="0" elements="0" coveredelements="0"/>
        </class>
        <metrics loc="22" ncloc="19" classes="1" methods="0" coveredmethods="0" conditionals="0" coveredconditionals="0" statements="0" coveredstatements="0" elements="0" coveredelements="0"/>
      </file>
      <file name="/home/travis/build/IcecaveStudios/siphon/src/Schedule/ScheduleReader.php">
        <class name="ScheduleReader" namespace="Icecave\Siphon\Schedule">
          <metrics methods="3" coveredmethods="3" conditionals="0" coveredconditionals="0" statements="53" coveredstatements="53" elements="56" coveredelements="56"/>
        </class>
        <line num="23" type="method" name="__construct" crap="1" count="7"/>
        <line num="25" type="stmt" count="7"/>
        <line num="26" type="stmt" count="7"/>
        <line num="36" type="method" name="read" crap="8" count="5"/>
        <line num="38" type="stmt" count="5"/>
        <line num="39" type="stmt" count="1"/>
        <line num="40" type="stmt" count="4"/>
        <line num="41" type="stmt" count="2"/>
        <line num="42" type="stmt" count="2"/>
        <line num="43" type="stmt" count="2"/>
        <line num="44" type="stmt" count="2"/>
        <line num="45" type="stmt" count="2"/>
        <line num="46" type="stmt" count="2"/>
        <line num="47" type="stmt" count="4"/>
        <line num="48" type="stmt" count="1"/>
        <line num="49" type="stmt" count="1"/>
        <line num="50" type="stmt" count="1"/>
        <line num="51" type="stmt" count="1"/>
        <line num="52" type="stmt" count="1"/>
        <line num="53" type="stmt" count="1"/>
        <line num="54" type="stmt" count="1"/>
        <line num="55" type="stmt" count="1"/>
        <line num="56" type="stmt" count="1"/>
        <line num="57" type="stmt" count="1"/>
        <line num="58" type="stmt" count="1"/>
        <line num="59" type="stmt" count="1"/>
        <line num="60" type="stmt" count="1"/>
        <line num="61" type="stmt" count="1"/>
        <line num="64" type="stmt" count="4"/>
        <line num="65" type="stmt" count="4"/>
        <line num="66" type="stmt" count="4"/>
        <line num="67" type="stmt" count="4"/>
        <line num="70" type="stmt" count="4"/>
        <line num="72" type="stmt" count="4"/>
        <line num="73" type="stmt" count="3"/>
        <line num="74" type="stmt" count="4"/>
        <line num="78" type="stmt" count="1"/>
        <line num="81" type="stmt" count="3"/>
        <line num="82" type="stmt" count="3"/>
        <line num="84" type="stmt" count="3"/>
        <line num="85" type="stmt" count="3"/>
        <line num="86" type="stmt" count="3"/>
        <line num="87" type="stmt" count="3"/>
        <line num="89" type="stmt" count="3"/>
        <line num="91" type="stmt" count="3"/>
        <line num="92" type="stmt" count="3"/>
        <line num="93" type="stmt" count="3"/>
        <line num="94" type="stmt" count="3"/>
        <line num="95" type="stmt" count="3"/>
        <line num="97" type="stmt" count="3"/>
        <line num="98" type="stmt" count="3"/>
        <line num="100" type="stmt" count="3"/>
        <line num="101" type="stmt" count="3"/>
        <line num="103" type="stmt" count="3"/>
        <line num="111" type="method" name="isSupported" crap="1" count="6"/>
        <line num="113" type="stmt" count="6"/>
        <metrics loc="117" ncloc="95" classes="1" methods="3" coveredmethods="3" conditionals="0" coveredconditionals="0" statements="53" coveredstatements="53" elements="56" coveredelements="56"/>
      </file>
      <file name="/home/travis/build/IcecaveStudios/siphon/src/Schedule/ScheduleRequest.php">
        <class name="ScheduleRequest" namespace="Icecave\Siphon\Schedule">
          <metrics methods="10" coveredmethods="10" conditionals="0" coveredconditionals="0" statements="37" coveredstatements="37" elements="47" coveredelements="47"/>
        </class>
        <line num="18" type="method" name="__construct" crap="2" count="14"/>
        <line num="20" type="stmt" count="14"/>
        <line num="21" type="stmt" count="11"/>
        <line num="24" type="stmt" count="14"/>
        <line num="25" type="stmt" count="14"/>
        <line num="26" type="stmt" count="14"/>
        <line num="33" type="method" name="sport" crap="1" count="6"/>
        <line num="35" type="stmt" count="6"/>
        <line num="43" type="method" name="setSport" crap="1" count="14"/>
        <line num="45" type="stmt" count="14"/>
        <line num="46" type="stmt" count="14"/>
        <line num="53" type="method" name="type" crap="1" count="6"/>
        <line num="55" type="stmt" count="6"/>
        <line num="63" type="method" name="setType" crap="1" count="14"/>
        <line num="65" type="stmt" count="14"/>
        <line num="66" type="stmt" count="14"/>
        <line num="75" type="method" name="accept" crap="1" count="2"/>
        <line num="77" type="stmt" count="2"/>
        <line num="85" type="method" name="serialize" crap="1" count="1"/>
        <line num="87" type="stmt" count="1"/>
        <line num="88" type="stmt" count="1"/>
        <line num="89" type="stmt" count="1"/>
        <line num="90" type="stmt" count="1"/>
        <line num="91" type="stmt" count="1"/>
        <line num="99" type="method" name="unserialize" crap="1" count="1"/>
        <line num="101" type="stmt" count="1"/>
        <line num="102" type="stmt" count="1"/>
        <line num="103" type="method" name="anonymous function" crap="1" count="1"/>
        <line num="104" type="stmt" count="1"/>
        <line num="105" type="stmt" count="1"/>
        <line num="106" type="stmt" count="1"/>
        <line num="107" type="stmt" count="1"/>
        <line num="108" type="stmt" count="1"/>
        <line num="113" type="method" name="__toString" crap="3" count="1"/>
        <line num="115" type="stmt" count="1"/>
        <line num="116" type="stmt" count="1"/>
        <line num="117" type="stmt" count="1"/>
        <line num="118" type="stmt" count="1"/>
        <line num="119" type="stmt" count="1"/>
        <line num="120" type="stmt" count="1"/>
        <line num="121" type="stmt" count="1"/>
        <line num="122" type="stmt" count="1"/>
        <line num="123" type="stmt" count="1"/>
        <line num="124" type="stmt" count="1"/>
        <line num="126" type="stmt" count="1"/>
        <line num="127" type="stmt" count="1"/>
        <line num="128" type="stmt" count="1"/>
        <line num="129" type="stmt" count="1"/>
        <line num="130" type="stmt" count="1"/>
        <metrics loc="136" ncloc="87" classes="1" methods="10" coveredmethods="10" conditionals="0" coveredconditionals="0" statements="39" coveredstatements="39" elements="49" coveredelements="49"/>
      </file>
      <file name="/home/travis/build/IcecaveStudios/siphon/src/Schedule/ScheduleResponse.php">
        <class name="ScheduleResponse" namespace="Icecave\Siphon\Schedule">
          <metrics methods="12" coveredmethods="12" conditionals="0" coveredconditionals="0" statements="23" coveredstatements="23" elements="35" coveredelements="35"/>
        </class>
        <line num="18" type="method" name="__construct" crap="1" count="17"/>
        <line num="20" type="stmt" count="17"/>
        <line num="21" type="stmt" count="17"/>
        <line num="22" type="stmt" count="17"/>
        <line num="23" type="stmt" count="17"/>
        <line num="30" type="method" name="sport" crap="1" count="1"/>
        <line num="32" type="stmt" count="1"/>
        <line num="40" type="method" name="setSport" crap="1" count="17"/>
        <line num="42" type="stmt" count="17"/>
        <line num="43" type="stmt" count="17"/>
        <line num="50" type="method" name="type" crap="1" count="1"/>
        <line num="52" type="stmt" count="1"/>
        <line num="60" type="method" name="setType" crap="1" count="17"/>
        <line num="62" type="stmt" count="17"/>
        <line num="63" type="stmt" count="17"/>
        <line num="70" type="method" name="isEmpty" crap="1" count="2"/>
        <line num="72" type="stmt" count="2"/>
        <line num="80" type="method" name="count" crap="1" count="1"/>
        <line num="82" type="stmt" count="1"/>
        <line num="90" type="method" name="getIterator" crap="2" count="5"/>
        <line num="92" type="stmt" count="5"/>
        <line num="93" type="stmt" count="3"/>
        <line num="94" type="stmt" count="5"/>
        <line num="95" type="stmt" count="5"/>
        <line num="102" type="method" name="add" crap="1" count="14"/>
        <line num="104" type="stmt" count="14"/>
        <line num="105" type="stmt" count="14"/>
        <line num="112" type="method" name="remove" crap="1" count="2"/>
        <line num="114" type="stmt" count="2"/>
        <line num="115" type="stmt" count="2"/>
        <line num="120" type="method" name="clear" crap="1" count="2"/>
        <line num="122" type="stmt" count="2"/>
        <line num="123" type="stmt" count="2"/>
        <line num="132" type="method" name="accept" crap="1" count="1"/>
        <line num="134" type="stmt" count="1"/>
        <metrics loc="140" ncloc="82" classes="1" methods="12" coveredmethods="12" conditionals="0" coveredconditionals="0" statements="23" coveredstatements="23" elements="35" coveredelements="35"/>
      </file>
      <file name="/home/travis/build/IcecaveStudios/siphon/src/Schedule/ScheduleType.php">
        <class name="ScheduleType" namespace="Icecave\Siphon\Schedule">
          <metrics methods="0" coveredmethods="0" conditionals="0" coveredconditionals="0" statements="0" coveredstatements="0" elements="0" coveredelements="0"/>
        </class>
        <metrics loc="13" ncloc="13" classes="1" methods="0" coveredmethods="0" conditionals="0" coveredconditionals="0" statements="0" coveredstatements="0" elements="0" coveredelements="0"/>
      </file>
      <file name="/home/travis/build/IcecaveStudios/siphon/src/Schedule/Season.php">
        <class name="Season" namespace="Icecave\Siphon\Schedule">
[...]
        </class>
        <line num="32" type="method" name="__construct" crap="1" count="17"/>
        <line num="37" type="stmt" count="17"/>
        <line num="38" type="stmt" count="17"/>
        <line num="39" type="stmt" count="17"/>
        <line num="46" type="method" name="type" crap="1" count="1"/>
        <line num="48" type="stmt" count="1"/>
        <line num="56" type="method" name="setType" crap="1" count="17"/>
        <line num="58" type="stmt" count="17"/>
        <line num="59" type="stmt" count="17"/>
        <line num="67" type="method" name="add" crap="1" count="10"/>
        <line num="69" type="stmt" count="10"/>
        <line num="70" type="stmt" count="10"/>
        <line num="79" type="method" name="accept" crap="1" count="1"/>
        <line num="81" type="stmt" count="1"/>
        <metrics loc="85" ncloc="54" classes="1" methods="5" coveredmethods="5" conditionals="0" coveredconditionals="0" statements="9" coveredstatements="9" elements="14" coveredelements="14"/>
      </file>
    </package>
    <package name="Icecave\Siphon\Team">
      <file name="/home/travis/build/IcecaveStudios/siphon/src/Team/Team.php">
        <class name="Team" namespace="Icecave\Siphon\Team">
          <metrics methods="6" coveredmethods="6" conditionals="0" coveredconditionals="0" statements="12" coveredstatements="12" elements="18" coveredelements="18"/>
        </class>
        <line num="15" type="method" name="__construct" crap="1" count="11"/>
        <line num="21" type="stmt" count="11"/>
        <line num="22" type="stmt" count="11"/>
        <line num="23" type="stmt" count="11"/>
        <line num="24" type="stmt" count="11"/>
        <line num="25" type="stmt" count="11"/>
        <line num="32" type="method" name="id" crap="1" count="6"/>
        <line num="34" type="stmt" count="6"/>
        <line num="42" type="method" name="name" crap="1" count="1"/>
        <line num="44" type="stmt" count="1"/>
        <line num="52" type="method" name="nickname" crap="1" count="1"/>
        <line num="54" type="stmt" count="1"/>
        <line num="62" type="method" name="abbreviation" crap="1" count="1"/>
        <line num="64" type="stmt" count="1"/>
        <line num="72" type="method" name="displayName" crap="2" count="2"/>
        <line num="74" type="stmt" count="2"/>
        <line num="75" type="stmt" count="1"/>
        <line num="78" type="stmt" count="1"/>
        <metrics loc="85" ncloc="51" classes="1" methods="6" coveredmethods="6" conditionals="0" coveredconditionals="0" statements="12" coveredstatements="12" elements="18" coveredelements="18"/>
      </file>
      <file name="/home/travis/build/IcecaveStudios/siphon/src/Team/TeamFactoryTrait.php">
        <class name="TeamFactoryTrait" namespace="Icecave\Siphon\Team">
          <metrics methods="1" coveredmethods="1" conditionals="0" coveredconditionals="0" statements="13" coveredstatements="13" elements="14" coveredelements="14"/>
        </class>
        <line num="12" type="method" name="createTeam" crap="3" count="19"/>
        <line num="14" type="stmt" count="19"/>
        <line num="15" type="stmt" count="19"/>
        <line num="16" type="stmt" count="19"/>
        <line num="18" type="stmt" count="19"/>
        <line num="19" type="stmt" count="16"/>
        <line num="20" type="stmt" count="16"/>
        <line num="21" type="stmt" count="16"/>
        <line num="22" type="stmt" count="16"/>
        <line num="25" type="stmt" count="3"/>
        <line num="26" type="stmt" count="3"/>
        <line num="27" type="stmt" count="3"/>
        <line num="28" type="stmt" count="3"/>
        <line num="30" type="stmt" count="3"/>
        <metrics loc="32" ncloc="29" classes="1" methods="1" coveredmethods="1" conditionals="0" coveredconditionals="0" statements="13" coveredstatements="13" elements="14" coveredelements="14"/>
      </file>
      <file name="/home/travis/build/IcecaveStudios/siphon/src/Team/TeamReader.php">
        <class name="TeamReader" namespace="Icecave\Siphon\Team">
          <metrics methods="3" coveredmethods="3" conditionals="0" coveredconditionals="0" statements="26" coveredstatements="26" elements="29" coveredelements="29"/>
        </class>
        <line num="18" type="method" name="__construct" crap="1" count="6"/>
        <line num="20" type="stmt" count="6"/>
        <line num="21" type="stmt" count="6"/>
        <line num="31" type="method" name="read" crap="3" count="4"/>
        <line num="33" type="stmt" count="4"/>
        <line num="34" type="stmt" count="1"/>
        <line num="37" type="stmt" count="3"/>
        <line num="39" type="stmt" count="3"/>
        <line num="40" type="stmt" count="3"/>
        <line num="41" type="stmt" count="3"/>
        <line num="42" type="stmt" count="3"/>
        <line num="43" type="stmt" count="3"/>
        <line num="44" type="stmt" count="3"/>
        <line num="45" type="stmt" count="3"/>
        <line num="46" type="stmt" count="3"/>
        <line num="47" type="stmt" count="3"/>
        <line num="48" type="stmt" count="3"/>
        <line num="50" type="stmt" count="3"/>
        <line num="52" type="stmt" count="3"/>
        <line num="53" type="stmt" count="3"/>
        <line num="55" type="stmt" count="3"/>
        <line num="57" type="stmt" count="3"/>
        <line num="58" type="stmt" count="3"/>
        <line num="59" type="stmt" count="3"/>
        <line num="60" type="stmt" count="3"/>
        <line num="61" type="stmt" count="3"/>
        <line num="63" type="stmt" count="3"/>
        <line num="71" type="method" name="isSupported" crap="1" count="5"/>
        <line num="73" type="stmt" count="5"/>
        <metrics loc="77" ncloc="61" classes="1" methods="3" coveredmethods="3" conditionals="0" coveredconditionals="0" statements="26" coveredstatements="26" elements="29" coveredelements="29"/>
      </file>
      <file name="/home/travis/build/IcecaveStudios/siphon/src/Team/TeamRef.php">
        <class name="TeamRef" namespace="Icecave\Siphon\Team">
          <metrics methods="3" coveredmethods="3" conditionals="0" coveredconditionals="0" statements="5" coveredstatements="5" elements="8" coveredelements="8"/>
        </class>
        <line num="15" type="method" name="__construct" crap="1" count="30"/>
        <line num="17" type="stmt" count="30"/>
        <line num="18" type="stmt" count="30"/>
        <line num="19" type="stmt" count="30"/>
        <line num="26" type="method" name="id" crap="1" count="3"/>
        <line num="28" type="stmt" count="3"/>
        <line num="36" type="method" name="name" crap="1" count="1"/>
        <line num="38" type="stmt" count="1"/>
        <metrics loc="43" ncloc="24" classes="1" methods="3" coveredmethods="3" conditionals="0" coveredconditionals="0" statements="5" coveredstatements="5" elements="8" coveredelements="8"/>
      </file>
      <file name="/home/travis/build/IcecaveStudios/siphon/src/Team/TeamRequest.php">
        <class name="TeamRequest" namespace="Icecave\Siphon\Team">
          <metrics methods="2" coveredmethods="2" conditionals="0" coveredconditionals="0" statements="6" coveredstatements="6" elements="8" coveredelements="8"/>
        </class>
        <line num="22" type="method" name="accept" crap="1" count="2"/>
        <line num="24" type="stmt" count="2"/>
        <line num="30" type="method" name="__toString" crap="1" count="1"/>
        <line num="32" type="stmt" count="1"/>
        <line num="33" type="stmt" count="1"/>
        <line num="34" type="stmt" count="1"/>
        <line num="35" type="stmt" count="1"/>
        <line num="36" type="stmt" count="1"/>
        <metrics loc="38" ncloc="25" classes="1" methods="2" coveredmethods="2" conditionals="0" coveredconditionals="0" statements="6" coveredstatements="6" elements="8" coveredelements="8"/>
      </file>
      <file name="/home/travis/build/IcecaveStudios/siphon/src/Team/TeamRequestTrait.php">
        <class name="TeamRequestTrait" namespace="Icecave\Siphon\Team">
          <metrics methods="8" coveredmethods="8" conditionals="0" coveredconditionals="0" statements="19" coveredstatements="19" elements="27" coveredelements="27"/>
        </class>
        <line num="16" type="method" name="__construct" crap="1" count="24"/>
        <line num="20" type="stmt" count="24"/>
        <line num="21" type="stmt" count="24"/>
        <line num="22" type="stmt" count="24"/>
        <line num="29" type="method" name="sport" crap="1" count="10"/>
        <line num="31" type="stmt" count="10"/>
        <line num="39" type="method" name="setSport" crap="1" count="24"/>
        <line num="41" type="stmt" count="24"/>
        <line num="42" type="stmt" count="24"/>
        <line num="49" type="method" name="seasonName" crap="1" count="8"/>
        <line num="51" type="stmt" count="8"/>
        <line num="59" type="method" name="setSeasonName" crap="1" count="24"/>
        <line num="61" type="stmt" count="24"/>
        <line num="62" type="stmt" count="24"/>
        <line num="69" type="method" name="serialize" crap="1" count="1"/>
        <line num="71" type="stmt" count="1"/>
        <line num="72" type="stmt" count="1"/>
        <line num="73" type="stmt" count="1"/>
        <line num="74" type="stmt" count="1"/>
        <line num="75" type="stmt" count="1"/>
        <line num="83" type="method" name="unserialize" crap="1" count="1"/>
        <line num="85" type="stmt" count="1"/>
        <line num="86" type="stmt" count="1"/>
        <line num="87" type="method" name="anonymous function" crap="1" count="1"/>
        <line num="88" type="stmt" count="1"/>
        <line num="89" type="stmt" count="1"/>
        <line num="90" type="stmt" count="1"/>
        <line num="91" type="stmt" count="1"/>
        <line num="92" type="stmt" count="1"/>
        <metrics loc="96" ncloc="57" classes="1" methods="8" coveredmethods="8" conditionals="0" coveredconditionals="0" statements="21" coveredstatements="21" elements="29" coveredelements="29"/>
      </file>
      <file name="/home/travis/build/IcecaveStudios/siphon/src/Team/TeamResponse.php">
        <class name="TeamResponse" namespace="Icecave\Siphon\Team">
          <metrics methods="2" coveredmethods="2" conditionals="0" coveredconditionals="0" statements="3" coveredstatements="3" elements="5" coveredelements="5"/>
        </class>
        <line num="24" type="method" name="add" crap="1" count="13"/>
        <line num="26" type="stmt" count="13"/>
        <line num="27" type="stmt" count="13"/>
        <line num="36" type="method" name="accept" crap="1" count="1"/>
        <line num="38" type="stmt" count="1"/>
        <metrics loc="40" ncloc="25" classes="1" methods="2" coveredmethods="2" conditionals="0" coveredconditionals="0" statements="3" coveredstatements="3" elements="5" coveredelements="5"/>
      </file>
      <file name="/home/travis/build/IcecaveStudios/siphon/src/Team/TeamResponseTrait.php">
        <class name="TeamResponseTrait" namespace="Icecave\Siphon\Team">
          <metrics methods="10" coveredmethods="10" conditionals="0" coveredconditionals="0" statements="20" coveredstatements="20" elements="30" coveredelements="30"/>
        </class>
        <line num="12" type="method" name="__construct" crap="1" count="33"/>
        <line num="16" type="stmt" count="33"/>
        <line num="17" type="stmt" count="33"/>
        <line num="19" type="stmt" count="33"/>
        <line num="20" type="stmt" count="33"/>
        <line num="27" type="method" name="sport" crap="1" count="2"/>
        <line num="29" type="stmt" count="2"/>
        <line num="37" type="method" name="setSport" crap="1" count="33"/>
        <line num="39" type="stmt" count="33"/>
        <line num="40" type="stmt" count="33"/>
        <line num="47" type="method" name="season" crap="1" count="2"/>
        <line num="49" type="stmt" count="2"/>
        <line num="57" type="method" name="setSeason" crap="1" count="33"/>
        <line num="59" type="stmt" count="33"/>
        <line num="60" type="stmt" count="33"/>
        <line num="67" type="method" name="isEmpty" crap="1" count="4"/>
        <line num="69" type="stmt" count="4"/>
        <line num="77" type="method" name="count" crap="1" count="2"/>
        <line num="79" type="stmt" count="2"/>
        <line num="87" type="method" name="getIterator" crap="2" count="10"/>
        <line num="89" type="stmt" count="10"/>
        <line num="90" type="stmt" count="7"/>
        <line num="91" type="stmt" count="10"/>
        <line num="92" type="stmt" count="10"/>
        <line num="99" type="method" name="remove" crap="1" count="4"/>
        <line num="101" type="stmt" count="4"/>
        <line num="102" type="stmt" count="4"/>
        <line num="107" type="method" name="clear" crap="1" count="4"/>
        <line num="109" type="stmt" count="4"/>
        <line num="110" type="stmt" count="4"/>
        <metrics loc="114" ncloc="68" classes="1" methods="10" coveredmethods="10" conditionals="0" coveredconditionals="0" statements="20" coveredstatements="20" elements="30" coveredelements="30"/>
      </file>
    </package>
    <package name="Icecave\Siphon\Util">
      <file name="/home/travis/build/IcecaveStudios/siphon/src/Util/IdParser.php">
        <class name="IdParser" namespace="Icecave\Siphon\Util">
          <metrics methods="1" coveredmethods="1" conditionals="0" coveredconditionals="0" statements="14" coveredstatements="14" elements="15" coveredelements="15"/>
        </class>
        <line num="12" type="method" name="parse" crap="4" count="68"/>
        <line num="14" type="stmt" count="68"/>
        <line num="15" type="stmt" count="65"/>
        <line num="18" type="stmt" count="8"/>
        <line num="19" type="stmt" count="8"/>
        <line num="21" type="stmt" count="8"/>
        <line num="22" type="stmt" count="8"/>
        <line num="23" type="stmt" count="6"/>
        <line num="26" type="stmt" count="2"/>
        <line num="27" type="stmt" count="2"/>
        <line num="28" type="stmt" count="2"/>
        <line num="29" type="stmt" count="2"/>
        <line num="30" type="stmt" count="2"/>
        <line num="32" type="stmt" count="2"/>
        <line num="33" type="stmt" count="2"/>
        <metrics loc="35" ncloc="32" classes="1" methods="1" coveredmethods="1" conditionals="0" coveredconditionals="0" statements="14" coveredstatements="14" elements="15" coveredelements="15"/>
      </file>
      <file name="/home/travis/build/IcecaveStudios/siphon/src/Util/Serialization.php">
        <class name="Serialization" namespace="Icecave\Siphon\Util">
          <metrics methods="2" coveredmethods="2" conditionals="0" coveredconditionals="0" statements="19" coveredstatements="19" elements="21" coveredelements="21"/>
        </class>
        <line num="15" type="method" name="serialize" crap="3" count="22"/>
        <line num="17" type="stmt" count="22"/>
        <line num="18" type="stmt" count="2"/>
        <line num="21" type="stmt" count="20"/>
        <line num="28" type="method" name="unserialize" crap="4" count="28"/>
        <line num="30" type="stmt" count="28"/>
        <line num="32" type="stmt" count="28"/>
        <line num="33" type="stmt" count="2"/>
        <line num="35" type="stmt" count="2"/>
        <line num="38" type="stmt" count="26"/>
        <line num="39" type="stmt" count="26"/>
        <line num="41" type="stmt" count="26"/>
        <line num="42" type="stmt" count="1"/>
        <line num="43" type="stmt" count="1"/>
        <line num="44" type="stmt" count="1"/>
        <line num="45" type="stmt" count="1"/>
        <line num="47" type="stmt" count="1"/>
        <line num="48" type="stmt" count="1"/>
        <line num="51" type="stmt" count="25"/>
        <line num="52" type="stmt" count="25"/>
        <line num="54" type="stmt" count="25"/>
        <metrics loc="56" ncloc="43" classes="1" methods="2" coveredmethods="2" conditionals="0" coveredconditionals="0" statements="19" coveredstatements="19" elements="21" coveredelements="21"/>
      </file>
      <file name="/home/travis/build/IcecaveStudios/siphon/src/Util/URL.php">
        <class name="URL" namespace="Icecave\Siphon\Util">
          <metrics methods="2" coveredmethods="2" conditionals="0" coveredconditionals="0" statements="6" coveredstatements="6" elements="8" coveredelements="8"/>
        </class>
        <line num="9" type="method" name="stripParameter" crap="2" count="13"/>
        <line num="11" type="stmt" count="13"/>
        <line num="12" type="stmt" count="13"/>
        <line num="13" type="method" name="anonymous function" crap="2" count="13"/>
        <line num="14" type="stmt" count="12"/>
        <line num="15" type="stmt" count="12"/>
        <line num="16" type="stmt" count="12"/>
        <line num="17" type="stmt" count="13"/>
        <line num="19" type="stmt" count="13"/>
        <metrics loc="21" ncloc="18" classes="1" methods="2" coveredmethods="2" conditionals="0" coveredconditionals="0" statements="7" coveredstatements="7" elements="9" coveredelements="9"/>
      </file>
      <file name="/home/travis/build/IcecaveStudios/siphon/src/Util/XPath.php">
        <class name="XPath" namespace="Icecave\Siphon\Util">
          <metrics methods="7" coveredmethods="7" conditionals="0" coveredconditionals="0" statements="31" coveredstatements="31" elements="38" coveredelements="38"/>
        </class>
        <line num="12" type="method" name="element" crap="2" count="2"/>
        <line num="14" type="stmt" count="2"/>
        <line num="16" type="stmt" count="2"/>
        <line num="17" type="stmt" count="1"/>
        <line num="20" type="stmt" count="1"/>
        <line num="23" type="method" name="elementOrNull" crap="2" count="33"/>
        <line num="25" type="stmt" count="33"/>
        <line num="27" type="stmt" count="33"/>
        <line num="28" type="stmt" count="27"/>
        <line num="31" type="stmt" count="23"/>
        <line num="34" type="method" name="string" crap="2" count="19"/>
        <line num="36" type="stmt" count="19"/>
        <line num="38" type="stmt" count="19"/>
        <line num="39" type="stmt" count="1"/>
        <line num="42" type="stmt" count="18"/>
        <line num="45" type="method" name="stringOrNull" crap="2" count="29"/>
        <line num="47" type="stmt" count="29"/>
        <line num="49" type="stmt" count="29"/>
        <line num="50" type="stmt" count="21"/>
        <line num="53" type="stmt" count="25"/>
        <line num="56" type="method" name="number" crap="2" count="3"/>
        <line num="58" type="stmt" count="3"/>
        <line num="60" type="stmt" count="2"/>
        <line num="61" type="stmt" count="1"/>
        <line num="64" type="stmt" count="1"/>
        <line num="67" type="method" name="numberOrNull" crap="4" count="5"/>
        <line num="69" type="stmt" count="5"/>
        <line num="71" type="stmt" count="5"/>
        <line num="72" type="stmt" count="2"/>
        <line num="73" type="stmt" count="3"/>
        <line num="74" type="stmt" count="1"/>
        <line num="75" type="stmt" count="2"/>
        <line num="76" type="stmt" count="2"/>
        <line num="78" type="stmt" count="1"/>
        <line num="82" type="method" name="createException" crap="1" count="4"/>
        <line num="84" type="stmt" count="4"/>
        <line num="85" type="stmt" count="4"/>
        <line num="86" type="stmt" count="4"/>
        <metrics loc="88" ncloc="85" classes="1" methods="7" coveredmethods="7" conditionals="0" coveredconditionals="0" statements="31" coveredstatements="31" elements="38" coveredelements="38"/>
      </file>
    </package>
    <metrics files="70" loc="6535" ncloc="4409" classes="70" methods="369" coveredmethods="369" conditionals="0" coveredconditionals="0" statements="1681" coveredstatements="1681" elements="2050" coveredelements="2050"/>
  </project>
</coverage>
