<?xml version="1.0" encoding="UTF-8"?>
<testsuites>
  <testsuite name="" tests="401" assertions="692" failures="0" errors="0" time="23.762422">
    <testsuite name="Icecave\Siphon\Atom\AtomReaderTest" file="/home/travis/build/IcecaveStudios/siphon/test/suite/Atom/AtomReaderTest.php" tests="6" assertions="11" failures="0" errors="0" time="0.349364">
      <testcase name="testRead" class="Icecave\Siphon\Atom\AtomReaderTest" file="/home/travis/build/IcecaveStudios/siphon/test/suite/Atom/AtomReaderTest.php" line="27" assertions="4" time="0.205124"/>
      <testcase name="testReadWithSpecificFeed" class="Icecave\Siphon\Atom\AtomReaderTest" file="/home/travis/build/IcecaveStudios/siphon/test/suite/Atom/AtomReaderTest.php" line="74" assertions="1" time="0.034398"/>
      <testcase name="testReadWithLimit" class="Icecave\Siphon\Atom\AtomReaderTest" file="/home/travis/build/IcecaveStudios/siphon/test/suite/Atom/AtomReaderTest.php" line="96" assertions="1" time="0.033099"/>
      <testcase name="testReadDescending" class="Icecave\Siphon\Atom\AtomReaderTest" file="/home/travis/build/IcecaveStudios/siphon/test/suite/Atom/AtomReaderTest.php" line="117" assertions="1" time="0.033199"/>
      <testcase name="testReadWithUnsupportedRequest" class="Icecave\Siphon\Atom\AtomReaderTest" file="/home/travis/build/IcecaveStudios/siphon/test/suite/Atom/AtomReaderTest.php" line="138" assertions="2" time="0.025445"/>
      <testcase name="testIsSupported" class="Icecave\Siphon\Atom\AtomReaderTest" file="/home/travis/build/IcecaveStudios/siphon/test/suite/Atom/AtomReaderTest.php" line="150" assertions="2" time="0.018099"/>
    </testsuite>
    <testsuite name="Icecave\Siphon\Atom\AtomRequestTest" file="/home/travis/build/IcecaveStudios/siphon/test/suite/Atom/AtomRequestTest.php" tests="9" assertions="17" failures="0" errors="0" time="0.115729">
      <testcase name="testUpdatedTime" class="Icecave\Siphon\Atom\AtomRequestTest" file="/home/travis/build/IcecaveStudios/siphon/test/suite/Atom/AtomRequestTest.php" line="18" assertions="2" time="0.008768"/>
      <testcase name="testFeed" class="Icecave\Siphon\Atom\AtomRequestTest" file="/home/travis/build/IcecaveStudios/siphon/test/suite/Atom/AtomRequestTest.php" line="35" assertions="3" time="0.008447"/>
      <testcase name="testLimit" class="Icecave\Siphon\Atom\AtomRequestTest" file="/home/travis/build/IcecaveStudios/siphon/test/suite/Atom/AtomRequestTest.php" line="55" assertions="2" time="0.007163"/>
      <testcase name="testLimitWithInvalidValue" class="Icecave\Siphon\Atom\AtomRequestTest" file="/home/travis/build/IcecaveStudios/siphon/test/suite/Atom/AtomRequestTest.php" line="70" assertions="2" time="0.007321"/>
      <testcase name="testOrder" class="Icecave\Siphon\Atom\AtomRequestTest" file="/home/travis/build/IcecaveStudios/siphon/test/suite/Atom/AtomRequestTest.php" line="80" assertions="2" time="0.007169"/>
      <testcase name="testOrderWithInvalidValue" class="Icecave\Siphon\Atom\AtomRequestTest" file="/home/travis/build/IcecaveStudios/siphon/test/suite/Atom/AtomRequestTest.php" line="95" assertions="2" time="0.007322"/>
      <testcase name="testAccept" class="Icecave\Siphon\Atom\AtomRequestTest" file="/home/travis/build/IcecaveStudios/siphon/test/suite/Atom/AtomRequestTest.php" line="105" assertions="1" time="0.032957"/>
      <testcase name="testSerialize" class="Icecave\Siphon\Atom\AtomRequestTest" file="/home/travis/build/IcecaveStudios/siphon/test/suite/Atom/AtomRequestTest.php" line="114" assertions="1" time="0.027870"/>
      <testcase name="testToString" class="Icecave\Siphon\Atom\AtomRequestTest" file="/home/travis/build/IcecaveStudios/siphon/test/suite/Atom/AtomRequestTest.php" line="125" assertions="2" time="0.008712"/>
    </testsuite>
    <testsuite name="Icecave\Siphon\Atom\AtomResponseTest" file="/home/travis/build/IcecaveStudios/siphon/test/suite/Atom/AtomResponseTest.php" tests="10" assertions="14" failures="0" errors="0" time="0.173705">
      <testcase name="testUpdatedTime" class="Icecave\Siphon\Atom\AtomResponseTest" file="/home/travis/build/IcecaveStudios/siphon/test/suite/Atom/AtomResponseTest.php" line="18" assertions="2" time="0.007763"/>
      <testcase name="testIsEmpty" class="Icecave\Siphon\Atom\AtomResponseTest" file="/home/travis/build/IcecaveStudios/siphon/test/suite/Atom/AtomResponseTest.php" line="35" assertions="2" time="0.007735"/>
      <testcase name="testCount" class="Icecave\Siphon\Atom\AtomResponseTest" file="/home/travis/build/IcecaveStudios/siphon/test/suite/Atom/AtomResponseTest.php" line="48" assertions="2" time="0.007673"/>
      <testcase name="testGetIterator" class="Icecave\Siphon\Atom\AtomResponseTest" file="/home/travis/build/IcecaveStudios/siphon/test/suite/Atom/AtomResponseTest.php" line="63" assertions="2" time="0.043364"/>
      <testcase name="testAdd" class="Icecave\Siphon\Atom\AtomResponseTest" file="/home/travis/build/IcecaveStudios/siphon/test/suite/Atom/AtomResponseTest.php" line="88" assertions="1" time="0.025319"/>
      <testcase name="testAddDoesNotDuplicate" class="Icecave\Siphon\Atom\AtomResponseTest" file="/home/travis/build/IcecaveStudios/siphon/test/suite/Atom/AtomResponseTest.php" line="103" assertions="1" time="0.025704"/>
      <testcase name="testRemove" class="Icecave\Siphon\Atom\AtomResponseTest" file="/home/travis/build/IcecaveStudios/siphon/test/suite/Atom/AtomResponseTest.php" line="119" assertions="1" time="0.007324"/>
      <testcase name="testRemoveUnknownRequest" class="Icecave\Siphon\Atom\AtomResponseTest" file="/home/travis/build/IcecaveStudios/siphon/test/suite/Atom/AtomResponseTest.php" line="130" assertions="1" time="0.007389"/>
      <testcase name="testClear" class="Icecave\Siphon\Atom\AtomResponseTest" file="/home/travis/build/IcecaveStudios/siphon/test/suite/Atom/AtomResponseTest.php" line="142" assertions="1" time="0.007903"/>
      <testcase name="testAccept" class="Icecave\Siphon\Atom\AtomResponseTest" file="/home/travis/build/IcecaveStudios/siphon/test/suite/Atom/AtomResponseTest.php" line="154" assertions="1" time="0.033531"/>
    </testsuite>
    <testsuite name="Icecave\Siphon\DispatcherTest" file="/home/travis/build/IcecaveStudios/siphon/test/suite/DispatcherTest.php" tests="13" assertions="34" failures="0" errors="0" time="1.856338">
      <testcase name="testCreate" class="Icecave\Siphon\DispatcherTest" file="/home/travis/build/IcecaveStudios/siphon/test/suite/DispatcherTest.php" line="72" assertions="2" time="0.173592"/>
      <testcase name="testUrlBuilder" class="Icecave\Siphon\DispatcherTest" file="/home/travis/build/IcecaveStudios/siphon/test/suite/DispatcherTest.php" line="87" assertions="1" time="0.080158"/>
      <testcase name="testXmlReader" class="Icecave\Siphon\DispatcherTest" file="/home/travis/build/IcecaveStudios/siphon/test/suite/DispatcherTest.php" line="95" assertions="1" time="0.080855"/>
      <testcase name="testReadAtomRequest" class="Icecave\Siphon\DispatcherTest" file="/home/travis/build/IcecaveStudios/siphon/test/suite/DispatcherTest.php" line="103" assertions="3" time="0.144265"/>
      <testcase name="testScheduleRequest" class="Icecave\Siphon\DispatcherTest" file="/home/travis/build/IcecaveStudios/siphon/test/suite/DispatcherTest.php" line="112" assertions="3" time="0.143099"/>
      <testcase name="testTeamRequest" class="Icecave\Siphon\DispatcherTest" file="/home/travis/build/IcecaveStudios/siphon/test/suite/DispatcherTest.php" line="121" assertions="3" time="0.145548"/>
      <testcase name="testTeamStatisticsRequest" class="Icecave\Siphon\DispatcherTest" file="/home/travis/build/IcecaveStudios/siphon/test/suite/DispatcherTest.php" line="130" assertions="3" time="0.149741"/>
      <testcase name="testPlayerRequest" class="Icecave\Siphon\DispatcherTest" file="/home/travis/build/IcecaveStudios/siphon/test/suite/DispatcherTest.php" line="139" assertions="3" time="0.152795"/>
      <testcase name="testPlayerStatisticsRequest" class="Icecave\Siphon\DispatcherTest" file="/home/travis/build/IcecaveStudios/siphon/test/suite/DispatcherTest.php" line="148" assertions="3" time="0.157156"/>
      <testcase name="testImageRequest" class="Icecave\Siphon\DispatcherTest" file="/home/travis/build/IcecaveStudios/siphon/test/suite/DispatcherTest.php" line="157" assertions="3" time="0.156296"/>
      <testcase name="testInjuryRequest" class="Icecave\Siphon\DispatcherTest" file="/home/travis/build/IcecaveStudios/siphon/test/suite/DispatcherTest.php" line="166" assertions="3" time="0.152871"/>
      <testcase name="testLiveScoreRequest" class="Icecave\Siphon\DispatcherTest" file="/home/travis/build/IcecaveStudios/siphon/test/suite/DispatcherTest.php" line="175" assertions="3" time="0.156129"/>
      <testcase name="testBoxScoreRequest" class="Icecave\Siphon\DispatcherTest" file="/home/travis/build/IcecaveStudios/siphon/test/suite/DispatcherTest.php" line="184" assertions="3" time="0.163833"/>
    </testsuite>
    <testsuite name="Icecave\Siphon\Player\Image\ImageReaderTest" file="/home/travis/build/IcecaveStudios/siphon/test/suite/Player/Image/ImageReaderTest.php" tests="4" assertions="7" failures="0" errors="0" time="0.159647">
      <testcase name="testRead" class="Icecave\Siphon\Player\Image\ImageReaderTest" file="/home/travis/build/IcecaveStudios/siphon/test/suite/Player/Image/ImageReaderTest.php" line="64" assertions="2" time="0.099927"/>
      <testcase name="testReadEmpty" class="Icecave\Siphon\Player\Image\ImageReaderTest" file="/home/travis/build/IcecaveStudios/siphon/test/suite/Player/Image/ImageReaderTest.php" line="83" assertions="1" time="0.024526"/>
      <testcase name="testReadWithUnsupportedRequest" class="Icecave\Siphon\Player\Image\ImageReaderTest" file="/home/travis/build/IcecaveStudios/siphon/test/suite/Player/Image/ImageReaderTest.php" line="94" assertions="2" time="0.017534"/>
      <testcase name="testIsSupported" class="Icecave\Siphon\Player\Image\ImageReaderTest" file="/home/travis/build/IcecaveStudios/siphon/test/suite/Player/Image/ImageReaderTest.php" line="106" assertions="2" time="0.017660"/>
    </testsuite>
    <testsuite name="Icecave\Siphon\Player\Image\ImageRequestTest" file="/home/travis/build/IcecaveStudios/siphon/test/suite/Player/Image/ImageRequestTest.php" tests="7" assertions="11" failures="0" errors="0" time="0.076390">
      <testcase name="testSport" class="Icecave\Siphon\Player\Image\ImageRequestTest" file="/home/travis/build/IcecaveStudios/siphon/test/suite/Player/Image/ImageRequestTest.php" line="20" assertions="2" time="0.009366"/>
      <testcase name="testSeasonName" class="Icecave\Siphon\Player\Image\ImageRequestTest" file="/home/travis/build/IcecaveStudios/siphon/test/suite/Player/Image/ImageRequestTest.php" line="35" assertions="2" time="0.007469"/>
      <testcase name="testTeamId" class="Icecave\Siphon\Player\Image\ImageRequestTest" file="/home/travis/build/IcecaveStudios/siphon/test/suite/Player/Image/ImageRequestTest.php" line="50" assertions="2" time="0.007573"/>
      <testcase name="testTeamIdWithString" class="Icecave\Siphon\Player\Image\ImageRequestTest" file="/home/travis/build/IcecaveStudios/siphon/test/suite/Player/Image/ImageRequestTest.php" line="65" assertions="1" time="0.007293"/>
      <testcase name="testAccept" class="Icecave\Siphon\Player\Image\ImageRequestTest" file="/home/travis/build/IcecaveStudios/siphon/test/suite/Player/Image/ImageRequestTest.php" line="75" assertions="1" time="0.023594"/>
      <testcase name="testSerialize" class="Icecave\Siphon\Player\Image\ImageRequestTest" file="/home/travis/build/IcecaveStudios/siphon/test/suite/Player/Image/ImageRequestTest.php" line="84" assertions="2" time="0.013900"/>
      <testcase name="testToString" class="Icecave\Siphon\Player\Image\ImageRequestTest" file="/home/travis/build/IcecaveStudios/siphon/test/suite/Player/Image/ImageRequestTest.php" line="101" assertions="1" time="0.007195"/>
    </testsuite>
    <testsuite name="Icecave\Siphon\Player\Image\ImageResponseTest" file="/home/travis/build/IcecaveStudios/siphon/test/suite/Player/Image/ImageResponseTest.php" tests="12" assertions="18" failures="0" errors="0" time="1.236423">
      <testcase name="testSport" class="Icecave\Siphon\Player\Image\ImageResponseTest" file="/home/travis/build/IcecaveStudios/siphon/test/suite/Player/Image/ImageResponseTest.php" line="32" assertions="2" time="0.117948"/>
      <testcase name="testSeason" class="Icecave\Siphon\Player\Image\ImageResponseTest" file="/home/travis/build/IcecaveStudios/siphon/test/suite/Player/Image/ImageResponseTest.php" line="47" assertions="2" time="0.110634"/>
      <testcase name="testTeam" class="Icecave\Siphon\Player\Image\ImageResponseTest" file="/home/travis/build/IcecaveStudios/siphon/test/suite/Player/Image/ImageResponseTest.php" line="63" assertions="2" time="0.110357"/>
      <testcase name="testIsEmpty" class="Icecave\Siphon\Player\Image\ImageResponseTest" file="/home/travis/build/IcecaveStudios/siphon/test/suite/Player/Image/ImageResponseTest.php" line="79" assertions="2" time="0.096294"/>
      <testcase name="testCount" class="Icecave\Siphon\Player\Image\ImageResponseTest" file="/home/travis/build/IcecaveStudios/siphon/test/suite/Player/Image/ImageResponseTest.php" line="92" assertions="2" time="0.096483"/>
      <testcase name="testGetIterator" class="Icecave\Siphon\Player\Image\ImageResponseTest" file="/home/travis/build/IcecaveStudios/siphon/test/suite/Player/Image/ImageResponseTest.php" line="107" assertions="2" time="0.100092"/>
      <testcase name="testAdd" class="Icecave\Siphon\Player\Image\ImageResponseTest" file="/home/travis/build/IcecaveStudios/siphon/test/suite/Player/Image/ImageResponseTest.php" line="126" assertions="1" time="0.096191"/>
      <testcase name="testAddDoesNotDuplicate" class="Icecave\Siphon\Player\Image\ImageResponseTest" file="/home/travis/build/IcecaveStudios/siphon/test/suite/Player/Image/ImageResponseTest.php" line="138" assertions="1" time="0.098654"/>
      <testcase name="testRemove" class="Icecave\Siphon\Player\Image\ImageResponseTest" file="/home/travis/build/IcecaveStudios/siphon/test/suite/Player/Image/ImageResponseTest.php" line="151" assertions="1" time="0.099669"/>
      <testcase name="testRemoveUnknownPlayer" class="Icecave\Siphon\Player\Image\ImageResponseTest" file="/home/travis/build/IcecaveStudios/siphon/test/suite/Player/Image/ImageResponseTest.php" line="162" assertions="1" time="0.103080"/>
      <testcase name="testClear" class="Icecave\Siphon\Player\Image\ImageResponseTest" file="/home/travis/build/IcecaveStudios/siphon/test/suite/Player/Image/ImageResponseTest.php" line="174" assertions="1" time="0.099203"/>
      <testcase name="testAccept" class="Icecave\Siphon\Player\Image\ImageResponseTest" file="/home/travis/build/IcecaveStudios/siphon/test/suite/Player/Image/ImageResponseTest.php" line="186" assertions="1" time="0.107818"/>
    </testsuite>
    <testsuite name="Icecave\Siphon\Player\Injury\InjuryReaderTest" file="/home/travis/build/IcecaveStudios/siphon/test/suite/Player/Injury/InjuryReaderTest.php" tests="3" assertions="6" failures="0" errors="0" time="0.146246">
      <testcase name="testRead" class="Icecave\Siphon\Player\Injury\InjuryReaderTest" file="/home/travis/build/IcecaveStudios/siphon/test/suite/Player/Injury/InjuryReaderTest.php" line="53" assertions="2" time="0.109319"/>
      <testcase name="testReadWithUnsupportedRequest" class="Icecave\Siphon\Player\Injury\InjuryReaderTest" file="/home/travis/build/IcecaveStudios/siphon/test/suite/Player/Injury/InjuryReaderTest.php" line="72" assertions="2" time="0.018635"/>
      <testcase name="testIsSupported" class="Icecave\Siphon\Player\Injury\InjuryReaderTest" file="/home/travis/build/IcecaveStudios/siphon/test/suite/Player/Injury/InjuryReaderTest.php" line="84" assertions="2" time="0.018292"/>
    </testsuite>
    <testsuite name="Icecave\Siphon\Player\Injury\InjuryRequestTest" file="/home/travis/build/IcecaveStudios/siphon/test/suite/Player/Injury/InjuryRequestTest.php" tests="4" assertions="6" failures="0" errors="0" time="0.050068">
      <testcase name="testSport" class="Icecave\Siphon\Player\Injury\InjuryRequestTest" file="/home/travis/build/IcecaveStudios/siphon/test/suite/Player/Injury/InjuryRequestTest.php" line="18" assertions="2" time="0.009199"/>
      <testcase name="testAccept" class="Icecave\Siphon\Player\Injury\InjuryRequestTest" file="/home/travis/build/IcecaveStudios/siphon/test/suite/Player/Injury/InjuryRequestTest.php" line="33" assertions="1" time="0.023348"/>
      <testcase name="testSerialize" class="Icecave\Siphon\Player\Injury\InjuryRequestTest" file="/home/travis/build/IcecaveStudios/siphon/test/suite/Player/Injury/InjuryRequestTest.php" line="42" assertions="2" time="0.010604"/>
      <testcase name="testToString" class="Icecave\Siphon\Player\Injury\InjuryRequestTest" file="/home/travis/build/IcecaveStudios/siphon/test/suite/Player/Injury/InjuryRequestTest.php" line="59" assertions="1" time="0.006917"/>
    </testsuite>
    <testsuite name="Icecave\Siphon\Player\Injury\InjuryResponseTest" file="/home/travis/build/IcecaveStudios/siphon/test/suite/Player/Injury/InjuryResponseTest.php" tests="10" assertions="14" failures="0" errors="0" time="1.028219">
      <testcase name="testSport" class="Icecave\Siphon\Player\Injury\InjuryResponseTest" file="/home/travis/build/IcecaveStudios/siphon/test/suite/Player/Injury/InjuryResponseTest.php" line="28" assertions="2" time="0.104983"/>
      <testcase name="testIsEmpty" class="Icecave\Siphon\Player\Injury\InjuryResponseTest" file="/home/travis/build/IcecaveStudios/siphon/test/suite/Player/Injury/InjuryResponseTest.php" line="43" assertions="2" time="0.098910"/>
      <testcase name="testCount" class="Icecave\Siphon\Player\Injury\InjuryResponseTest" file="/home/travis/build/IcecaveStudios/siphon/test/suite/Player/Injury/InjuryResponseTest.php" line="56" assertions="2" time="0.098362"/>
      <testcase name="testGetIterator" class="Icecave\Siphon\Player\Injury\InjuryResponseTest" file="/home/travis/build/IcecaveStudios/siphon/test/suite/Player/Injury/InjuryResponseTest.php" line="71" assertions="2" time="0.102811"/>
      <testcase name="testAdd" class="Icecave\Siphon\Player\Injury\InjuryResponseTest" file="/home/travis/build/IcecaveStudios/siphon/test/suite/Player/Injury/InjuryResponseTest.php" line="90" assertions="1" time="0.098905"/>
      <testcase name="testAddDoesNotDuplicate" class="Icecave\Siphon\Player\Injury\InjuryResponseTest" file="/home/travis/build/IcecaveStudios/siphon/test/suite/Player/Injury/InjuryResponseTest.php" line="102" assertions="1" time="0.102128"/>
      <testcase name="testRemove" class="Icecave\Siphon\Player\Injury\InjuryResponseTest" file="/home/travis/build/IcecaveStudios/siphon/test/suite/Player/Injury/InjuryResponseTest.php" line="115" assertions="1" time="0.102594"/>
      <testcase name="testRemoveUnknownPlayer" class="Icecave\Siphon\Player\Injury\InjuryResponseTest" file="/home/travis/build/IcecaveStudios/siphon/test/suite/Player/Injury/InjuryResponseTest.php" line="126" assertions="1" time="0.105415"/>
      <testcase name="testClear" class="Icecave\Siphon\Player\Injury\InjuryResponseTest" file="/home/travis/build/IcecaveStudios/siphon/test/suite/Player/Injury/InjuryResponseTest.php" line="138" assertions="1" time="0.103304"/>
      <testcase name="testAccept" class="Icecave\Siphon\Player\Injury\InjuryResponseTest" file="/home/travis/build/IcecaveStudios/siphon/test/suite/Player/Injury/InjuryResponseTest.php" line="150" assertions="1" time="0.110806"/>
    </testsuite>
    <testsuite name="Icecave\Siphon\Player\Injury\InjuryTest" file="/home/travis/build/IcecaveStudios/siphon/test/suite/Player/Injury/InjuryTest.php" tests="7" assertions="7" failures="0" errors="0" time="0.086401">
      <testcase name="testId" class="Icecave\Siphon\Player\Injury\InjuryTest" file="/home/travis/build/IcecaveStudios/siphon/test/suite/Player/Injury/InjuryTest.php" line="23" assertions="1" time="0.008010"/>
      <testcase name="testLocation" class="Icecave\Siphon\Player\Injury\InjuryTest" file="/home/travis/build/IcecaveStudios/siphon/test/suite/Player/Injury/InjuryTest.php" line="31" assertions="1" time="0.008528"/>
      <testcase name="testStatus" class="Icecave\Siphon\Player\Injury\InjuryTest" file="/home/travis/build/IcecaveStudios/siphon/test/suite/Player/Injury/InjuryTest.php" line="39" assertions="1" time="0.009165"/>
      <testcase name="testStatusInformation" class="Icecave\Siphon\Player\Injury\InjuryTest" file="/home/travis/build/IcecaveStudios/siphon/test/suite/Player/Injury/InjuryTest.php" line="47" assertions="1" time="0.008055"/>
      <testcase name="testStatusNote" class="Icecave\Siphon\Player\Injury\InjuryTest" file="/home/travis/build/IcecaveStudios/siphon/test/suite/Player/Injury/InjuryTest.php" line="55" assertions="1" time="0.008087"/>
      <testcase name="testStartDate" class="Icecave\Siphon\Player\Injury\InjuryTest" file="/home/travis/build/IcecaveStudios/siphon/test/suite/Player/Injury/InjuryTest.php" line="63" assertions="1" time="0.020123"/>
      <testcase name="testUpdatedTime" class="Icecave\Siphon\Player\Injury\InjuryTest" file="/home/travis/build/IcecaveStudios/siphon/test/suite/Player/Injury/InjuryTest.php" line="71" assertions="1" time="0.024433"/>
    </testsuite>
    <testsuite name="Icecave\Siphon\Player\PlayerReaderTest" file="/home/travis/build/IcecaveStudios/siphon/test/suite/Player/PlayerReaderTest.php" tests="4" assertions="7" failures="0" errors="0" time="0.951273">
      <testcase name="testRead" class="Icecave\Siphon\Player\PlayerReaderTest" file="/home/travis/build/IcecaveStudios/siphon/test/suite/Player/PlayerReaderTest.php" line="102" assertions="2" time="0.857430"/>
      <testcase name="testReadEmpty" class="Icecave\Siphon\Player\PlayerReaderTest" file="/home/travis/build/IcecaveStudios/siphon/test/suite/Player/PlayerReaderTest.php" line="121" assertions="1" time="0.035028"/>
      <testcase name="testReadWithUnsupportedRequest" class="Icecave\Siphon\Player\PlayerReaderTest" file="/home/travis/build/IcecaveStudios/siphon/test/suite/Player/PlayerReaderTest.php" line="132" assertions="2" time="0.029498"/>
      <testcase name="testIsSupported" class="Icecave\Siphon\Player\PlayerReaderTest" file="/home/travis/build/IcecaveStudios/siphon/test/suite/Player/PlayerReaderTest.php" line="144" assertions="2" time="0.029317"/>
    </testsuite>
    <testsuite name="Icecave\Siphon\Player\PlayerRequestTest" file="/home/travis/build/IcecaveStudios/siphon/test/suite/Player/PlayerRequestTest.php" tests="7" assertions="11" failures="0" errors="0" time="0.077621">
      <testcase name="testSport" class="Icecave\Siphon\Player\PlayerRequestTest" file="/home/travis/build/IcecaveStudios/siphon/test/suite/Player/PlayerRequestTest.php" line="20" assertions="2" time="0.009563"/>
      <testcase name="testSeasonName" class="Icecave\Siphon\Player\PlayerRequestTest" file="/home/travis/build/IcecaveStudios/siphon/test/suite/Player/PlayerRequestTest.php" line="35" assertions="2" time="0.007764"/>
      <testcase name="testTeamId" class="Icecave\Siphon\Player\PlayerRequestTest" file="/home/travis/build/IcecaveStudios/siphon/test/suite/Player/PlayerRequestTest.php" line="50" assertions="2" time="0.007805"/>
      <testcase name="testTeamIdWithString" class="Icecave\Siphon\Player\PlayerRequestTest" file="/home/travis/build/IcecaveStudios/siphon/test/suite/Player/PlayerRequestTest.php" line="65" assertions="1" time="0.007384"/>
      <testcase name="testAccept" class="Icecave\Siphon\Player\PlayerRequestTest" file="/home/travis/build/IcecaveStudios/siphon/test/suite/Player/PlayerRequestTest.php" line="75" assertions="1" time="0.023769"/>
      <testcase name="testSerialize" class="Icecave\Siphon\Player\PlayerRequestTest" file="/home/travis/build/IcecaveStudios/siphon/test/suite/Player/PlayerRequestTest.php" line="84" assertions="2" time="0.014027"/>
      <testcase name="testToString" class="Icecave\Siphon\Player\PlayerRequestTest" file="/home/travis/build/IcecaveStudios/siphon/test/suite/Player/PlayerRequestTest.php" line="101" assertions="1" time="0.007309"/>
    </testsuite>
    <testsuite name="Icecave\Siphon\Player\PlayerResponseTest" file="/home/travis/build/IcecaveStudios/siphon/test/suite/Player/PlayerResponseTest.php" tests="12" assertions="18" failures="0" errors="0" time="1.691161">
      <testcase name="testSport" class="Icecave\Siphon\Player\PlayerResponseTest" file="/home/travis/build/IcecaveStudios/siphon/test/suite/Player/PlayerResponseTest.php" line="34" assertions="2" time="0.140875"/>
      <testcase name="testSeason" class="Icecave\Siphon\Player\PlayerResponseTest" file="/home/travis/build/IcecaveStudios/siphon/test/suite/Player/PlayerResponseTest.php" line="49" assertions="2" time="0.149448"/>
      <testcase name="testTeam" class="Icecave\Siphon\Player\PlayerResponseTest" file="/home/travis/build/IcecaveStudios/siphon/test/suite/Player/PlayerResponseTest.php" line="65" assertions="2" time="0.150062"/>
      <testcase name="testIsEmpty" class="Icecave\Siphon\Player\PlayerResponseTest" file="/home/travis/build/IcecaveStudios/siphon/test/suite/Player/PlayerResponseTest.php" line="81" assertions="2" time="0.135310"/>
      <testcase name="testCount" class="Icecave\Siphon\Player\PlayerResponseTest" file="/home/travis/build/IcecaveStudios/siphon/test/suite/Player/PlayerResponseTest.php" line="94" assertions="2" time="0.135251"/>
      <testcase name="testGetIterator" class="Icecave\Siphon\Player\PlayerResponseTest" file="/home/travis/build/IcecaveStudios/siphon/test/suite/Player/PlayerResponseTest.php" line="109" assertions="2" time="0.139102"/>
      <testcase name="testAdd" class="Icecave\Siphon\Player\PlayerResponseTest" file="/home/travis/build/IcecaveStudios/siphon/test/suite/Player/PlayerResponseTest.php" line="128" assertions="1" time="0.135311"/>
      <testcase name="testAddDoesNotDuplicate" class="Icecave\Siphon\Player\PlayerResponseTest" file="/home/travis/build/IcecaveStudios/siphon/test/suite/Player/PlayerResponseTest.php" line="140" assertions="1" time="0.138443"/>
      <testcase name="testRemove" class="Icecave\Siphon\Player\PlayerResponseTest" file="/home/travis/build/IcecaveStudios/siphon/test/suite/Player/PlayerResponseTest.php" line="153" assertions="1" time="0.138527"/>
      <testcase name="testRemoveUnknownPlayer" class="Icecave\Siphon\Player\PlayerResponseTest" file="/home/travis/build/IcecaveStudios/siphon/test/suite/Player/PlayerResponseTest.php" line="164" assertions="1" time="0.142282"/>
      <testcase name="testClear" class="Icecave\Siphon\Player\PlayerResponseTest" file="/home/travis/build/IcecaveStudios/siphon/test/suite/Player/PlayerResponseTest.php" line="176" assertions="1" time="0.139252"/>
      <testcase name="testAccept" class="Icecave\Siphon\Player\PlayerResponseTest" file="/home/travis/build/IcecaveStudios/siphon/test/suite/Player/PlayerResponseTest.php" line="188" assertions="1" time="0.147298"/>
    </testsuite>
    <testsuite name="Icecave\Siphon\Player\PlayerSeasonDetailsTest" file="/home/travis/build/IcecaveStudios/siphon/test/suite/Player/PlayerSeasonDetailsTest.php" tests="4" assertions="4" failures="0" errors="0" time="0.025703">
      <testcase name="testNumber" class="Icecave\Siphon\Player\PlayerSeasonDetailsTest" file="/home/travis/build/IcecaveStudios/siphon/test/suite/Player/PlayerSeasonDetailsTest.php" line="18" assertions="1" time="0.006398"/>
      <testcase name="testPosition" class="Icecave\Siphon\Player\PlayerSeasonDetailsTest" file="/home/travis/build/IcecaveStudios/siphon/test/suite/Player/PlayerSeasonDetailsTest.php" line="26" assertions="1" time="0.006402"/>
      <testcase name="testPositionName" class="Icecave\Siphon\Player\PlayerSeasonDetailsTest" file="/home/travis/build/IcecaveStudios/siphon/test/suite/Player/PlayerSeasonDetailsTest.php" line="34" assertions="1" time="0.006425"/>
      <testcase name="testIsActive" class="Icecave\Siphon\Player\PlayerSeasonDetailsTest" file="/home/travis/build/IcecaveStudios/siphon/test/suite/Player/PlayerSeasonDetailsTest.php" line="42" assertions="1" time="0.006478"/>
    </testsuite>
    <testsuite name="Icecave\Siphon\Player\PlayerTest" file="/home/travis/build/IcecaveStudios/siphon/test/suite/Player/PlayerTest.php" tests="5" assertions="5" failures="0" errors="0" time="0.031903">
      <testcase name="testId" class="Icecave\Siphon\Player\PlayerTest" file="/home/travis/build/IcecaveStudios/siphon/test/suite/Player/PlayerTest.php" line="17" assertions="1" time="0.006419"/>
      <testcase name="testFirstName" class="Icecave\Siphon\Player\PlayerTest" file="/home/travis/build/IcecaveStudios/siphon/test/suite/Player/PlayerTest.php" line="25" assertions="1" time="0.006369"/>
      <testcase name="testLastName" class="Icecave\Siphon\Player\PlayerTest" file="/home/travis/build/IcecaveStudios/siphon/test/suite/Player/PlayerTest.php" line="33" assertions="1" time="0.006384"/>
      <testcase name="testDisplayName" class="Icecave\Siphon\Player\PlayerTest" file="/home/travis/build/IcecaveStudios/siphon/test/suite/Player/PlayerTest.php" line="41" assertions="1" time="0.006345"/>
      <testcase name="testDisplayNameWithEmptyLastName" class="Icecave\Siphon\Player\PlayerTest" file="/home/travis/build/IcecaveStudios/siphon/test/suite/Player/PlayerTest.php" line="49" assertions="1" time="0.006386"/>
    </testsuite>
    <testsuite name="Icecave\Siphon\Player\Statistics\PlayerStatisticsReaderTest" file="/home/travis/build/IcecaveStudios/siphon/test/suite/Player/Statistics/PlayerStatisticsReaderTest.php" tests="5" assertions="9" failures="0" errors="0" time="0.301422">
      <testcase name="testRead" class="Icecave\Siphon\Player\Statistics\PlayerStatisticsReaderTest" file="/home/travis/build/IcecaveStudios/siphon/test/suite/Player/Statistics/PlayerStatisticsReaderTest.php" line="50" assertions="2" time="0.140580"/>
      <testcase name="testReadSplitStats" class="Icecave\Siphon\Player\Statistics\PlayerStatisticsReaderTest" file="/home/travis/build/IcecaveStudios/siphon/test/suite/Player/Statistics/PlayerStatisticsReaderTest.php" line="133" assertions="2" time="0.103745"/>
      <testcase name="testReadEmpty" class="Icecave\Siphon\Player\Statistics\PlayerStatisticsReaderTest" file="/home/travis/build/IcecaveStudios/siphon/test/suite/Player/Statistics/PlayerStatisticsReaderTest.php" line="188" assertions="1" time="0.023143"/>
      <testcase name="testReadWithUnsupportedRequest" class="Icecave\Siphon\Player\Statistics\PlayerStatisticsReaderTest" file="/home/travis/build/IcecaveStudios/siphon/test/suite/Player/Statistics/PlayerStatisticsReaderTest.php" line="199" assertions="2" time="0.017054"/>
      <testcase name="testIsSupported" class="Icecave\Siphon\Player\Statistics\PlayerStatisticsReaderTest" file="/home/travis/build/IcecaveStudios/siphon/test/suite/Player/Statistics/PlayerStatisticsReaderTest.php" line="211" assertions="2" time="0.016900"/>
    </testsuite>
    <testsuite name="Icecave\Siphon\Player\Statistics\PlayerStatisticsRequestTest" file="/home/travis/build/IcecaveStudios/siphon/test/suite/Player/Statistics/PlayerStatisticsRequestTest.php" tests="8" assertions="14" failures="0" errors="0" time="0.091825">
      <testcase name="testSport" class="Icecave\Siphon\Player\Statistics\PlayerStatisticsRequestTest" file="/home/travis/build/IcecaveStudios/siphon/test/suite/Player/Statistics/PlayerStatisticsRequestTest.php" line="21" assertions="2" time="0.009858"/>
      <testcase name="testSeasonName" class="Icecave\Siphon\Player\Statistics\PlayerStatisticsRequestTest" file="/home/travis/build/IcecaveStudios/siphon/test/suite/Player/Statistics/PlayerStatisticsRequestTest.php" line="36" assertions="2" time="0.007980"/>
      <testcase name="testTeamId" class="Icecave\Siphon\Player\Statistics\PlayerStatisticsRequestTest" file="/home/travis/build/IcecaveStudios/siphon/test/suite/Player/Statistics/PlayerStatisticsRequestTest.php" line="51" assertions="2" time="0.008036"/>
      <testcase name="testTeamIdWithString" class="Icecave\Siphon\Player\Statistics\PlayerStatisticsRequestTest" file="/home/travis/build/IcecaveStudios/siphon/test/suite/Player/Statistics/PlayerStatisticsRequestTest.php" line="66" assertions="1" time="0.007751"/>
      <testcase name="testType" class="Icecave\Siphon\Player\Statistics\PlayerStatisticsRequestTest" file="/home/travis/build/IcecaveStudios/siphon/test/suite/Player/Statistics/PlayerStatisticsRequestTest.php" line="76" assertions="2" time="0.009616"/>
      <testcase name="testAccept" class="Icecave\Siphon\Player\Statistics\PlayerStatisticsRequestTest" file="/home/travis/build/IcecaveStudios/siphon/test/suite/Player/Statistics/PlayerStatisticsRequestTest.php" line="91" assertions="1" time="0.024059"/>
      <testcase name="testSerialize" class="Icecave\Siphon\Player\Statistics\PlayerStatisticsRequestTest" file="/home/travis/build/IcecaveStudios/siphon/test/suite/Player/Statistics/PlayerStatisticsRequestTest.php" line="100" assertions="2" time="0.015682"/>
      <testcase name="testToString" class="Icecave\Siphon\Player\Statistics\PlayerStatisticsRequestTest" file="/home/travis/build/IcecaveStudios/siphon/test/suite/Player/Statistics/PlayerStatisticsRequestTest.php" line="117" assertions="2" time="0.008842"/>
    </testsuite>
    <testsuite name="Icecave\Siphon\Player\Statistics\PlayerStatisticsResponseTest" file="/home/travis/build/IcecaveStudios/siphon/test/suite/Player/Statistics/PlayerStatisticsResponseTest.php" tests="13" assertions="20" failures="0" errors="0" time="1.862207">
      <testcase name="testSport" class="Icecave\Siphon\Player\Statistics\PlayerStatisticsResponseTest" file="/home/travis/build/IcecaveStudios/siphon/test/suite/Player/Statistics/PlayerStatisticsResponseTest.php" line="38" assertions="2" time="0.140692"/>
      <testcase name="testSeason" class="Icecave\Siphon\Player\Statistics\PlayerStatisticsResponseTest" file="/home/travis/build/IcecaveStudios/siphon/test/suite/Player/Statistics/PlayerStatisticsResponseTest.php" line="53" assertions="2" time="0.151822"/>
      <testcase name="testTeam" class="Icecave\Siphon\Player\Statistics\PlayerStatisticsResponseTest" file="/home/travis/build/IcecaveStudios/siphon/test/suite/Player/Statistics/PlayerStatisticsResponseTest.php" line="69" assertions="2" time="0.154008"/>
      <testcase name="testType" class="Icecave\Siphon\Player\Statistics\PlayerStatisticsResponseTest" file="/home/travis/build/IcecaveStudios/siphon/test/suite/Player/Statistics/PlayerStatisticsResponseTest.php" line="85" assertions="2" time="0.136731"/>
      <testcase name="testIsEmpty" class="Icecave\Siphon\Player\Statistics\PlayerStatisticsResponseTest" file="/home/travis/build/IcecaveStudios/siphon/test/suite/Player/Statistics/PlayerStatisticsResponseTest.php" line="100" assertions="2" time="0.138680"/>
      <testcase name="testCount" class="Icecave\Siphon\Player\Statistics\PlayerStatisticsResponseTest" file="/home/travis/build/IcecaveStudios/siphon/test/suite/Player/Statistics/PlayerStatisticsResponseTest.php" line="113" assertions="2" time="0.138804"/>
      <testcase name="testGetIterator" class="Icecave\Siphon\Player\Statistics\PlayerStatisticsResponseTest" file="/home/travis/build/IcecaveStudios/siphon/test/suite/Player/Statistics/PlayerStatisticsResponseTest.php" line="128" assertions="2" time="0.142657"/>
      <testcase name="testAdd" class="Icecave\Siphon\Player\Statistics\PlayerStatisticsResponseTest" file="/home/travis/build/IcecaveStudios/siphon/test/suite/Player/Statistics/PlayerStatisticsResponseTest.php" line="147" assertions="1" time="0.138422"/>
      <testcase name="testAddDoesNotDuplicate" class="Icecave\Siphon\Player\Statistics\PlayerStatisticsResponseTest" file="/home/travis/build/IcecaveStudios/siphon/test/suite/Player/Statistics/PlayerStatisticsResponseTest.php" line="159" assertions="1" time="0.142133"/>
      <testcase name="testRemove" class="Icecave\Siphon\Player\Statistics\PlayerStatisticsResponseTest" file="/home/travis/build/IcecaveStudios/siphon/test/suite/Player/Statistics/PlayerStatisticsResponseTest.php" line="172" assertions="1" time="0.141066"/>
      <testcase name="testRemoveUnknownPlayer" class="Icecave\Siphon\Player\Statistics\PlayerStatisticsResponseTest" file="/home/travis/build/IcecaveStudios/siphon/test/suite/Player/Statistics/PlayerStatisticsResponseTest.php" line="183" assertions="1" time="0.144499"/>
      <testcase name="testClear" class="Icecave\Siphon\Player\Statistics\PlayerStatisticsResponseTest" file="/home/travis/build/IcecaveStudios/siphon/test/suite/Player/Statistics/PlayerStatisticsResponseTest.php" line="195" assertions="1" time="0.140867"/>
      <testcase name="testAccept" class="Icecave\Siphon\Player\Statistics\PlayerStatisticsResponseTest" file="/home/travis/build/IcecaveStudios/siphon/test/suite/Player/Statistics/PlayerStatisticsResponseTest.php" line="207" assertions="1" time="0.151826"/>
    </testsuite>
    <testsuite name="Icecave\Siphon\Reader\RequestFactoryTest" file="/home/travis/build/IcecaveStudios/siphon/test/suite/Reader/RequestFactoryTest.php" tests="19" assertions="20" failures="0" errors="0" time="0.319371">
      <testsuite name="Icecave\Siphon\Reader\RequestFactoryTest::testCreate" tests="18" assertions="18" failures="0" errors="0" time="0.311610">
        <testcase name="testCreate with data set &quot;atom&quot;" assertions="1" time="0.030835"/>
        <testcase name="testCreate with data set &quot;atom with feed&quot;" assertions="1" time="0.028998"/>
        <testcase name="testCreate with data set &quot;atom with limit&quot;" assertions="1" time="0.029090"/>
        <testcase name="testCreate with data set &quot;atom with asc order&quot;" assertions="1" time="0.028861"/>
        <testcase name="testCreate with data set &quot;atom with desc order&quot;" assertions="1" time="0.028761"/>
        <testcase name="testCreate with data set &quot;schedule&quot;" assertions="1" time="0.011160"/>
        <testcase name="testCreate with data set &quot;schedule with limit&quot;" assertions="1" time="0.011552"/>
        <testcase name="testCreate with data set &quot;schedule with deleted competitions&quot;" assertions="1" time="0.011515"/>
        <testcase name="testCreate with data set &quot;team&quot;" assertions="1" time="0.011286"/>
        <testcase name="testCreate with data set &quot;team statistics (combined)&quot;" assertions="1" time="0.012873"/>
        <testcase name="testCreate with data set &quot;team statistics (split)&quot;" assertions="1" time="0.012854"/>
        <testcase name="testCreate with data set &quot;player&quot;" assertions="1" time="0.014191"/>
        <testcase name="testCreate with data set &quot;player statistics (combined)&quot;" assertions="1" time="0.014901"/>
        <testcase name="testCreate with data set &quot;player statistics (split)&quot;" assertions="1" time="0.014886"/>
        <testcase name="testCreate with data set &quot;player images&quot;" assertions="1" time="0.013043"/>
        <testcase name="testCreate with data set &quot;player injuries&quot;" assertions="1" time="0.010080"/>
        <testcase name="testCreate with data set &quot;live scores&quot;" assertions="1" time="0.013427"/>
        <testcase name="testCreate with data set &quot;box scores&quot;" assertions="1" time="0.013296"/>
      </testsuite>
      <testcase name="testCreateWithUnsupportedUrl" class="Icecave\Siphon\Reader\RequestFactoryTest" file="/home/travis/build/IcecaveStudios/siphon/test/suite/Reader/RequestFactoryTest.php" line="38" assertions="2" time="0.007761"/>
    </testsuite>
    <testsuite name="Icecave\Siphon\Reader\UrlBuilderTest" file="/home/travis/build/IcecaveStudios/siphon/test/suite/Reader/UrlBuilderTest.php" tests="7" assertions="9" failures="0" errors="0" time="0.048974">
      <testcase name="testBuild" class="Icecave\Siphon\Reader\UrlBuilderTest" file="/home/travis/build/IcecaveStudios/siphon/test/suite/Reader/UrlBuilderTest.php" line="14" assertions="1" time="0.006576"/>
      <testcase name="testBuildWithParameters" class="Icecave\Siphon\Reader\UrlBuilderTest" file="/home/travis/build/IcecaveStudios/siphon/test/suite/Reader/UrlBuilderTest.php" line="24" assertions="1" time="0.008093"/>
      <testcase name="testBuildWithInvalidResource" class="Icecave\Siphon\Reader\UrlBuilderTest" file="/home/travis/build/IcecaveStudios/siphon/test/suite/Reader/UrlBuilderTest.php" line="39" assertions="2" time="0.007274"/>
      <testcase name="testExtract" class="Icecave\Siphon\Reader\UrlBuilderTest" file="/home/travis/build/IcecaveStudios/siphon/test/suite/Reader/UrlBuilderTest.php" line="49" assertions="1" time="0.006615"/>
      <testcase name="testExtractWithNoPath" class="Icecave\Siphon\Reader\UrlBuilderTest" file="/home/travis/build/IcecaveStudios/siphon/test/suite/Reader/UrlBuilderTest.php" line="62" assertions="1" time="0.006666"/>
      <testcase name="testExtractWithParameters" class="Icecave\Siphon\Reader\UrlBuilderTest" file="/home/travis/build/IcecaveStudios/siphon/test/suite/Reader/UrlBuilderTest.php" line="75" assertions="1" time="0.006603"/>
      <testcase name="testExtractWithUnrecognizedUrl" class="Icecave\Siphon\Reader\UrlBuilderTest" file="/home/travis/build/IcecaveStudios/siphon/test/suite/Reader/UrlBuilderTest.php" line="88" assertions="2" time="0.007146"/>
    </testsuite>
    <testsuite name="Icecave\Siphon\Reader\XmlReaderTest" file="/home/travis/build/IcecaveStudios/siphon/test/suite/Reader/XmlReaderTest.php" tests="5" assertions="11" failures="0" errors="0" time="0.536670">
      <testcase name="testRead" class="Icecave\Siphon\Reader\XmlReaderTest" file="/home/travis/build/IcecaveStudios/siphon/test/suite/Reader/XmlReaderTest.php" line="44" assertions="3" time="0.128172"/>
      <testcase name="testReadWithHttpClientException" class="Icecave\Siphon\Reader\XmlReaderTest" file="/home/travis/build/IcecaveStudios/siphon/test/suite/Reader/XmlReaderTest.php" line="70" assertions="2" time="0.112530"/>
      <testcase name="testReadWithNotFoundException" class="Icecave\Siphon\Reader\XmlReaderTest" file="/home/travis/build/IcecaveStudios/siphon/test/suite/Reader/XmlReaderTest.php" line="89" assertions="2" time="0.134443"/>
      <testcase name="testReadWithGenericException" class="Icecave\Siphon\Reader\XmlReaderTest" file="/home/travis/build/IcecaveStudios/siphon/test/suite/Reader/XmlReaderTest.php" line="117" assertions="2" time="0.077809"/>
      <testcase name="testXmlParseErrorWithServiceUnavailableException" class="Icecave\Siphon\Reader\XmlReaderTest" file="/home/travis/build/IcecaveStudios/siphon/test/suite/Reader/XmlReaderTest.php" line="136" assertions="2" time="0.083716"/>
    </testsuite>
    <testsuite name="Icecave\Siphon\Schedule\CompetitionRefTest" file="/home/travis/build/IcecaveStudios/siphon/test/suite/Schedule/CompetitionRefTest.php" tests="6" assertions="6" failures="0" errors="0" time="0.580735">
      <testcase name="testId" class="Icecave\Siphon\Schedule\CompetitionRefTest" file="/home/travis/build/IcecaveStudios/siphon/test/suite/Schedule/CompetitionRefTest.php" line="35" assertions="1" time="0.100039"/>
      <testcase name="testStatus" class="Icecave\Siphon\Schedule\CompetitionRefTest" file="/home/travis/build/IcecaveStudios/siphon/test/suite/Schedule/CompetitionRefTest.php" line="43" assertions="1" time="0.097612"/>
      <testcase name="testStartTime" class="Icecave\Siphon\Schedule\CompetitionRefTest" file="/home/travis/build/IcecaveStudios/siphon/test/suite/Schedule/CompetitionRefTest.php" line="51" assertions="1" time="0.095509"/>
      <testcase name="testSport" class="Icecave\Siphon\Schedule\CompetitionRefTest" file="/home/travis/build/IcecaveStudios/siphon/test/suite/Schedule/CompetitionRefTest.php" line="59" assertions="1" time="0.096177"/>
      <testcase name="testHomeTeam" class="Icecave\Siphon\Schedule\CompetitionRefTest" file="/home/travis/build/IcecaveStudios/siphon/test/suite/Schedule/CompetitionRefTest.php" line="67" assertions="1" time="0.095528"/>
      <testcase name="testAwayTeam" class="Icecave\Siphon\Schedule\CompetitionRefTest" file="/home/travis/build/IcecaveStudios/siphon/test/suite/Schedule/CompetitionRefTest.php" line="75" assertions="1" time="0.095870"/>
    </testsuite>
    <testsuite name="Icecave\Siphon\Schedule\CompetitionTest" file="/home/travis/build/IcecaveStudios/siphon/test/suite/Schedule/CompetitionTest.php" tests="10" assertions="10" failures="0" errors="0" time="1.174025">
      <testcase name="testId" class="Icecave\Siphon\Schedule\CompetitionTest" file="/home/travis/build/IcecaveStudios/siphon/test/suite/Schedule/CompetitionTest.php" line="37" assertions="1" time="0.115291"/>
      <testcase name="testStatus" class="Icecave\Siphon\Schedule\CompetitionTest" file="/home/travis/build/IcecaveStudios/siphon/test/suite/Schedule/CompetitionTest.php" line="45" assertions="1" time="0.115123"/>
      <testcase name="testStartTime" class="Icecave\Siphon\Schedule\CompetitionTest" file="/home/travis/build/IcecaveStudios/siphon/test/suite/Schedule/CompetitionTest.php" line="53" assertions="1" time="0.115263"/>
      <testcase name="testSeason" class="Icecave\Siphon\Schedule\CompetitionTest" file="/home/travis/build/IcecaveStudios/siphon/test/suite/Schedule/CompetitionTest.php" line="61" assertions="1" time="0.114765"/>
      <testcase name="testSport" class="Icecave\Siphon\Schedule\CompetitionTest" file="/home/travis/build/IcecaveStudios/siphon/test/suite/Schedule/CompetitionTest.php" line="69" assertions="1" time="0.115003"/>
      <testcase name="testHomeTeam" class="Icecave\Siphon\Schedule\CompetitionTest" file="/home/travis/build/IcecaveStudios/siphon/test/suite/Schedule/CompetitionTest.php" line="77" assertions="1" time="0.114894"/>
      <testcase name="testAwayTeam" class="Icecave\Siphon\Schedule\CompetitionTest" file="/home/travis/build/IcecaveStudios/siphon/test/suite/Schedule/CompetitionTest.php" line="85" assertions="1" time="0.115155"/>
      <testcase name="testAddNotablePlayer" class="Icecave\Siphon\Schedule\CompetitionTest" file="/home/travis/build/IcecaveStudios/siphon/test/suite/Schedule/CompetitionTest.php" line="93" assertions="1" time="0.123014"/>
      <testcase name="testRemoveNotablePlayer" class="Icecave\Siphon\Schedule\CompetitionTest" file="/home/travis/build/IcecaveStudios/siphon/test/suite/Schedule/CompetitionTest.php" line="107" assertions="1" time="0.126288"/>
      <testcase name="testRemoveNotablePlayerWithUnknownPlayer" class="Icecave\Siphon\Schedule\CompetitionTest" file="/home/travis/build/IcecaveStudios/siphon/test/suite/Schedule/CompetitionTest.php" line="122" assertions="1" time="0.119229"/>
    </testsuite>
    <testsuite name="Icecave\Siphon\Schedule\ScheduleReaderTest" file="/home/travis/build/IcecaveStudios/siphon/test/suite/Schedule/ScheduleReaderTest.php" tests="6" assertions="12" failures="0" errors="0" time="0.726926">
      <testcase name="testReadFullSchedule" class="Icecave\Siphon\Schedule\ScheduleReaderTest" file="/home/travis/build/IcecaveStudios/siphon/test/suite/Schedule/ScheduleReaderTest.php" line="117" assertions="2" time="0.207653"/>
      <testcase name="testReadLimitedSchedule" class="Icecave\Siphon\Schedule\ScheduleReaderTest" file="/home/travis/build/IcecaveStudios/siphon/test/suite/Schedule/ScheduleReaderTest.php" line="136" assertions="2" time="0.210913"/>
      <testcase name="testReadDeletedSchedule" class="Icecave\Siphon\Schedule\ScheduleReaderTest" file="/home/travis/build/IcecaveStudios/siphon/test/suite/Schedule/ScheduleReaderTest.php" line="158" assertions="2" time="0.211658"/>
      <testcase name="testReadWithUnsupportedRequest" class="Icecave\Siphon\Schedule\ScheduleReaderTest" file="/home/travis/build/IcecaveStudios/siphon/test/suite/Schedule/ScheduleReaderTest.php" line="180" assertions="2" time="0.026908"/>
      <testcase name="testReadNotFound" class="Icecave\Siphon\Schedule\ScheduleReaderTest" file="/home/travis/build/IcecaveStudios/siphon/test/suite/Schedule/ScheduleReaderTest.php" line="192" assertions="2" time="0.043011"/>
      <testcase name="testIsSupported" class="Icecave\Siphon\Schedule\ScheduleReaderTest" file="/home/travis/build/IcecaveStudios/siphon/test/suite/Schedule/ScheduleReaderTest.php" line="213" assertions="2" time="0.026783"/>
    </testsuite>
    <testsuite name="Icecave\Siphon\Schedule\ScheduleRequestTest" file="/home/travis/build/IcecaveStudios/siphon/test/suite/Schedule/ScheduleRequestTest.php" tests="5" assertions="11" failures="0" errors="0" time="0.073713">
      <testcase name="testSport" class="Icecave\Siphon\Schedule\ScheduleRequestTest" file="/home/travis/build/IcecaveStudios/siphon/test/suite/Schedule/ScheduleRequestTest.php" line="18" assertions="2" time="0.010126"/>
      <testcase name="testType" class="Icecave\Siphon\Schedule\ScheduleRequestTest" file="/home/travis/build/IcecaveStudios/siphon/test/suite/Schedule/ScheduleRequestTest.php" line="33" assertions="2" time="0.010567"/>
      <testcase name="testAccept" class="Icecave\Siphon\Schedule\ScheduleRequestTest" file="/home/travis/build/IcecaveStudios/siphon/test/suite/Schedule/ScheduleRequestTest.php" line="48" assertions="1" time="0.025002"/>
      <testcase name="testSerialize" class="Icecave\Siphon\Schedule\ScheduleRequestTest" file="/home/travis/build/IcecaveStudios/siphon/test/suite/Schedule/ScheduleRequestTest.php" line="57" assertions="3" time="0.014095"/>
      <testcase name="testToString" class="Icecave\Siphon\Schedule\ScheduleRequestTest" file="/home/travis/build/IcecaveStudios/siphon/test/suite/Schedule/ScheduleRequestTest.php" line="79" assertions="3" time="0.013923"/>
    </testsuite>
    <testsuite name="Icecave\Siphon\Schedule\ScheduleResponseTest" file="/home/travis/build/IcecaveStudios/siphon/test/suite/Schedule/ScheduleResponseTest.php" tests="11" assertions="16" failures="0" errors="0" time="0.685225">
      <testcase name="testSport" class="Icecave\Siphon\Schedule\ScheduleResponseTest" file="/home/travis/build/IcecaveStudios/siphon/test/suite/Schedule/ScheduleResponseTest.php" line="25" assertions="2" time="0.057497"/>
      <testcase name="testType" class="Icecave\Siphon\Schedule\ScheduleResponseTest" file="/home/travis/build/IcecaveStudios/siphon/test/suite/Schedule/ScheduleResponseTest.php" line="40" assertions="2" time="0.057767"/>
      <testcase name="testIsEmpty" class="Icecave\Siphon\Schedule\ScheduleResponseTest" file="/home/travis/build/IcecaveStudios/siphon/test/suite/Schedule/ScheduleResponseTest.php" line="55" assertions="2" time="0.059476"/>
      <testcase name="testCount" class="Icecave\Siphon\Schedule\ScheduleResponseTest" file="/home/travis/build/IcecaveStudios/siphon/test/suite/Schedule/ScheduleResponseTest.php" line="68" assertions="2" time="0.059430"/>
      <testcase name="testGetIterator" class="Icecave\Siphon\Schedule\ScheduleResponseTest" file="/home/travis/build/IcecaveStudios/siphon/test/suite/Schedule/ScheduleResponseTest.php" line="83" assertions="2" time="0.063521"/>
      <testcase name="testAdd" class="Icecave\Siphon\Schedule\ScheduleResponseTest" file="/home/travis/build/IcecaveStudios/siphon/test/suite/Schedule/ScheduleResponseTest.php" line="102" assertions="1" time="0.059316"/>
      <testcase name="testAddDoesNotDuplicate" class="Icecave\Siphon\Schedule\ScheduleResponseTest" file="/home/travis/build/IcecaveStudios/siphon/test/suite/Schedule/ScheduleResponseTest.php" line="114" assertions="1" time="0.062989"/>
      <testcase name="testRemove" class="Icecave\Siphon\Schedule\ScheduleResponseTest" file="/home/travis/build/IcecaveStudios/siphon/test/suite/Schedule/ScheduleResponseTest.php" line="127" assertions="1" time="0.062645"/>
      <testcase name="testRemoveUnknownSeason" class="Icecave\Siphon\Schedule\ScheduleResponseTest" file="/home/travis/build/IcecaveStudios/siphon/test/suite/Schedule/ScheduleResponseTest.php" line="138" assertions="1" time="0.066720"/>
      <testcase name="testClear" class="Icecave\Siphon\Schedule\ScheduleResponseTest" file="/home/travis/build/IcecaveStudios/siphon/test/suite/Schedule/ScheduleResponseTest.php" line="150" assertions="1" time="0.063864"/>
      <testcase name="testAccept" class="Icecave\Siphon\Schedule\ScheduleResponseTest" file="/home/travis/build/IcecaveStudios/siphon/test/suite/Schedule/ScheduleResponseTest.php" line="162" assertions="1" time="0.072000"/>
    </testsuite>
    <testsuite name="Icecave\Siphon\Schedule\SeasonTest" file="/home/travis/build/IcecaveStudios/siphon/test/suite/Schedule/SeasonTest.php" tests="11" assertions="15" failures="0" errors="0" time="0.762418">
      <testcase name="testId" class="Icecave\Siphon\Schedule\SeasonTest" file="/home/travis/build/IcecaveStudios/siphon/test/suite/Schedule/SeasonTest.php" line="29" assertions="1" time="0.071444"/>
      <testcase name="testName" class="Icecave\Siphon\Schedule\SeasonTest" file="/home/travis/build/IcecaveStudios/siphon/test/suite/Schedule/SeasonTest.php" line="37" assertions="1" time="0.062902"/>
      <testcase name="testStartDate" class="Icecave\Siphon\Schedule\SeasonTest" file="/home/travis/build/IcecaveStudios/siphon/test/suite/Schedule/SeasonTest.php" line="45" assertions="1" time="0.063050"/>
      <testcase name="testEndDate" class="Icecave\Siphon\Schedule\SeasonTest" file="/home/travis/build/IcecaveStudios/siphon/test/suite/Schedule/SeasonTest.php" line="53" assertions="1" time="0.063098"/>
      <testcase name="testAdd" class="Icecave\Siphon\Schedule\SeasonTest" file="/home/travis/build/IcecaveStudios/siphon/test/suite/Schedule/SeasonTest.php" line="61" assertions="1" time="0.070804"/>
      <testcase name="testRemove" class="Icecave\Siphon\Schedule\SeasonTest" file="/home/travis/build/IcecaveStudios/siphon/test/suite/Schedule/SeasonTest.php" line="75" assertions="1" time="0.074552"/>
      <testcase name="testRemoveWithUnknownCompetition" class="Icecave\Siphon\Schedule\SeasonTest" file="/home/travis/build/IcecaveStudios/siphon/test/suite/Schedule/SeasonTest.php" line="90" assertions="1" time="0.067226"/>
      <testcase name="testClear" class="Icecave\Siphon\Schedule\SeasonTest" file="/home/travis/build/IcecaveStudios/siphon/test/suite/Schedule/SeasonTest.php" line="100" assertions="1" time="0.071029"/>
      <testcase name="testIsEmpty" class="Icecave\Siphon\Schedule\SeasonTest" file="/home/travis/build/IcecaveStudios/siphon/test/suite/Schedule/SeasonTest.php" line="112" assertions="2" time="0.067828"/>
      <testcase name="testCount" class="Icecave\Siphon\Schedule\SeasonTest" file="/home/travis/build/IcecaveStudios/siphon/test/suite/Schedule/SeasonTest.php" line="125" assertions="4" time="0.079607"/>
      <testcase name="testGetIterator" class="Icecave\Siphon\Schedule\SeasonTest" file="/home/travis/build/IcecaveStudios/siphon/test/suite/Schedule/SeasonTest.php" line="155" assertions="1" time="0.070877"/>
    </testsuite>
    <testsuite name="Icecave\Siphon\Score\BoxScore\BoxScoreReaderTest" file="/home/travis/build/IcecaveStudios/siphon/test/suite/Score/BoxScore/BoxScoreReaderTest.php" tests="4" assertions="7" failures="0" errors="0" time="0.442318">
      <testcase name="testRead" class="Icecave\Siphon\Score\BoxScore\BoxScoreReaderTest" file="/home/travis/build/IcecaveStudios/siphon/test/suite/Score/BoxScore/BoxScoreReaderTest.php" line="31" assertions="2" time="0.379411"/>
      <testcase name="testReadFinalized" class="Icecave\Siphon\Score\BoxScore\BoxScoreReaderTest" file="/home/travis/build/IcecaveStudios/siphon/test/suite/Score/BoxScore/BoxScoreReaderTest.php" line="289" assertions="1" time="0.033571"/>
      <testcase name="testReadWithUnsupportedRequest" class="Icecave\Siphon\Score\BoxScore\BoxScoreReaderTest" file="/home/travis/build/IcecaveStudios/siphon/test/suite/Score/BoxScore/BoxScoreReaderTest.php" line="308" assertions="2" time="0.014137"/>
      <testcase name="testIsSupported" class="Icecave\Siphon\Score\BoxScore\BoxScoreReaderTest" file="/home/travis/build/IcecaveStudios/siphon/test/suite/Score/BoxScore/BoxScoreReaderTest.php" line="320" assertions="2" time="0.015199"/>
    </testsuite>
    <testsuite name="Icecave\Siphon\Score\BoxScore\BoxScoreRequestTest" file="/home/travis/build/IcecaveStudios/siphon/test/suite/Score/BoxScore/BoxScoreRequestTest.php" tests="7" assertions="11" failures="0" errors="0" time="0.080255">
      <testcase name="testSport" class="Icecave\Siphon\Score\BoxScore\BoxScoreRequestTest" file="/home/travis/build/IcecaveStudios/siphon/test/suite/Score/BoxScore/BoxScoreRequestTest.php" line="20" assertions="2" time="0.009786"/>
      <testcase name="testSeasonName" class="Icecave\Siphon\Score\BoxScore\BoxScoreRequestTest" file="/home/travis/build/IcecaveStudios/siphon/test/suite/Score/BoxScore/BoxScoreRequestTest.php" line="35" assertions="2" time="0.007890"/>
      <testcase name="testCompetitionId" class="Icecave\Siphon\Score\BoxScore\BoxScoreRequestTest" file="/home/travis/build/IcecaveStudios/siphon/test/suite/Score/BoxScore/BoxScoreRequestTest.php" line="50" assertions="2" time="0.007940"/>
      <testcase name="testCompetitionIdWithString" class="Icecave\Siphon\Score\BoxScore\BoxScoreRequestTest" file="/home/travis/build/IcecaveStudios/siphon/test/suite/Score/BoxScore/BoxScoreRequestTest.php" line="65" assertions="1" time="0.007579"/>
      <testcase name="testAccept" class="Icecave\Siphon\Score\BoxScore\BoxScoreRequestTest" file="/home/travis/build/IcecaveStudios/siphon/test/suite/Score/BoxScore/BoxScoreRequestTest.php" line="75" assertions="1" time="0.024601"/>
      <testcase name="testSerialize" class="Icecave\Siphon\Score\BoxScore\BoxScoreRequestTest" file="/home/travis/build/IcecaveStudios/siphon/test/suite/Score/BoxScore/BoxScoreRequestTest.php" line="84" assertions="2" time="0.014653"/>
      <testcase name="testToString" class="Icecave\Siphon\Score\BoxScore\BoxScoreRequestTest" file="/home/travis/build/IcecaveStudios/siphon/test/suite/Score/BoxScore/BoxScoreRequestTest.php" line="101" assertions="1" time="0.007806"/>
    </testsuite>
    <testsuite name="Icecave\Siphon\Score\BoxScore\BoxScoreResponseTest" file="/home/travis/build/IcecaveStudios/siphon/test/suite/Score/BoxScore/BoxScoreResponseTest.php" tests="12" assertions="18" failures="0" errors="0" time="1.558478">
      <testcase name="testCompetition" class="Icecave\Siphon\Score\BoxScore\BoxScoreResponseTest" file="/home/travis/build/IcecaveStudios/siphon/test/suite/Score/BoxScore/BoxScoreResponseTest.php" line="36" assertions="2" time="0.146114"/>
      <testcase name="testHomeTeamStatistics" class="Icecave\Siphon\Score\BoxScore\BoxScoreResponseTest" file="/home/travis/build/IcecaveStudios/siphon/test/suite/Score/BoxScore/BoxScoreResponseTest.php" line="53" assertions="2" time="0.122490"/>
      <testcase name="testAwayTeamStatistics" class="Icecave\Siphon\Score\BoxScore\BoxScoreResponseTest" file="/home/travis/build/IcecaveStudios/siphon/test/suite/Score/BoxScore/BoxScoreResponseTest.php" line="70" assertions="2" time="0.122754"/>
      <testcase name="testIsEmpty" class="Icecave\Siphon\Score\BoxScore\BoxScoreResponseTest" file="/home/travis/build/IcecaveStudios/siphon/test/suite/Score/BoxScore/BoxScoreResponseTest.php" line="87" assertions="2" time="0.126901"/>
      <testcase name="testCount" class="Icecave\Siphon\Score\BoxScore\BoxScoreResponseTest" file="/home/travis/build/IcecaveStudios/siphon/test/suite/Score/BoxScore/BoxScoreResponseTest.php" line="100" assertions="2" time="0.126035"/>
      <testcase name="testGetIterator" class="Icecave\Siphon\Score\BoxScore\BoxScoreResponseTest" file="/home/travis/build/IcecaveStudios/siphon/test/suite/Score/BoxScore/BoxScoreResponseTest.php" line="115" assertions="2" time="0.129892"/>
      <testcase name="testAdd" class="Icecave\Siphon\Score\BoxScore\BoxScoreResponseTest" file="/home/travis/build/IcecaveStudios/siphon/test/suite/Score/BoxScore/BoxScoreResponseTest.php" line="134" assertions="1" time="0.125760"/>
      <testcase name="testAddDoesNotDuplicate" class="Icecave\Siphon\Score\BoxScore\BoxScoreResponseTest" file="/home/travis/build/IcecaveStudios/siphon/test/suite/Score/BoxScore/BoxScoreResponseTest.php" line="146" assertions="1" time="0.129535"/>
      <testcase name="testRemove" class="Icecave\Siphon\Score\BoxScore\BoxScoreResponseTest" file="/home/travis/build/IcecaveStudios/siphon/test/suite/Score/BoxScore/BoxScoreResponseTest.php" line="159" assertions="1" time="0.129434"/>
      <testcase name="testRemoveUnknownPlayer" class="Icecave\Siphon\Score\BoxScore\BoxScoreResponseTest" file="/home/travis/build/IcecaveStudios/siphon/test/suite/Score/BoxScore/BoxScoreResponseTest.php" line="170" assertions="1" time="0.132392"/>
      <testcase name="testClear" class="Icecave\Siphon\Score\BoxScore\BoxScoreResponseTest" file="/home/travis/build/IcecaveStudios/siphon/test/suite/Score/BoxScore/BoxScoreResponseTest.php" line="182" assertions="1" time="0.129132"/>
      <testcase name="testAccept" class="Icecave\Siphon\Score\BoxScore\BoxScoreResponseTest" file="/home/travis/build/IcecaveStudios/siphon/test/suite/Score/BoxScore/BoxScoreResponseTest.php" line="194" assertions="1" time="0.138040"/>
    </testsuite>
    <testsuite name="Icecave\Siphon\Score\LiveScore\LiveScoreReaderTest" file="/home/travis/build/IcecaveStudios/siphon/test/suite/Score/LiveScore/LiveScoreReaderTest.php" tests="7" assertions="14" failures="0" errors="0" time="0.649392">
      <testcase name="testRead" class="Icecave\Siphon\Score\LiveScore\LiveScoreReaderTest" file="/home/travis/build/IcecaveStudios/siphon/test/suite/Score/LiveScore/LiveScoreReaderTest.php" line="29" assertions="2" time="0.209913"/>
      <testcase name="testReadBaseball" class="Icecave\Siphon\Score\LiveScore\LiveScoreReaderTest" file="/home/travis/build/IcecaveStudios/siphon/test/suite/Score/LiveScore/LiveScoreReaderTest.php" line="83" assertions="1" time="0.282994"/>
      <testcase name="testReadSetsCurrentPeriodBasedOnNormalizedPeriodType" class="Icecave\Siphon\Score\LiveScore\LiveScoreReaderTest" file="/home/travis/build/IcecaveStudios/siphon/test/suite/Score/LiveScore/LiveScoreReaderTest.php" line="130" assertions="1" time="0.041933"/>
      <testcase name="testReadDoesNotSetCurrentPeriodWhenCompetitionHasEnded" class="Icecave\Siphon\Score\LiveScore\LiveScoreReaderTest" file="/home/travis/build/IcecaveStudios/siphon/test/suite/Score/LiveScore/LiveScoreReaderTest.php" line="147" assertions="2" time="0.042440"/>
      <testcase name="testReadNormalizesPeriodType" class="Icecave\Siphon\Score\LiveScore\LiveScoreReaderTest" file="/home/travis/build/IcecaveStudios/siphon/test/suite/Score/LiveScore/LiveScoreReaderTest.php" line="168" assertions="4" time="0.043791"/>
      <testcase name="testReadWithUnsupportedRequest" class="Icecave\Siphon\Score\LiveScore\LiveScoreReaderTest" file="/home/travis/build/IcecaveStudios/siphon/test/suite/Score/LiveScore/LiveScoreReaderTest.php" line="188" assertions="2" time="0.013683"/>
      <testcase name="testIsSupported" class="Icecave\Siphon\Score\LiveScore\LiveScoreReaderTest" file="/home/travis/build/IcecaveStudios/siphon/test/suite/Score/LiveScore/LiveScoreReaderTest.php" line="200" assertions="2" time="0.014638"/>
    </testsuite>
    <testsuite name="Icecave\Siphon\Score\LiveScore\LiveScoreRequestTest" file="/home/travis/build/IcecaveStudios/siphon/test/suite/Score/LiveScore/LiveScoreRequestTest.php" tests="6" assertions="9" failures="0" errors="0" time="0.068679">
      <testcase name="testSport" class="Icecave\Siphon\Score\LiveScore\LiveScoreRequestTest" file="/home/travis/build/IcecaveStudios/siphon/test/suite/Score/LiveScore/LiveScoreRequestTest.php" line="19" assertions="2" time="0.009437"/>
      <testcase name="testCompetitionId" class="Icecave\Siphon\Score\LiveScore\LiveScoreRequestTest" file="/home/travis/build/IcecaveStudios/siphon/test/suite/Score/LiveScore/LiveScoreRequestTest.php" line="34" assertions="2" time="0.007584"/>
      <testcase name="testCompetitionIdWithString" class="Icecave\Siphon\Score\LiveScore\LiveScoreRequestTest" file="/home/travis/build/IcecaveStudios/siphon/test/suite/Score/LiveScore/LiveScoreRequestTest.php" line="49" assertions="1" time="0.007318"/>
      <testcase name="testAccept" class="Icecave\Siphon\Score\LiveScore\LiveScoreRequestTest" file="/home/travis/build/IcecaveStudios/siphon/test/suite/Score/LiveScore/LiveScoreRequestTest.php" line="59" assertions="1" time="0.024469"/>
      <testcase name="testSerialize" class="Icecave\Siphon\Score\LiveScore\LiveScoreRequestTest" file="/home/travis/build/IcecaveStudios/siphon/test/suite/Score/LiveScore/LiveScoreRequestTest.php" line="68" assertions="2" time="0.012633"/>
      <testcase name="testToString" class="Icecave\Siphon\Score\LiveScore\LiveScoreRequestTest" file="/home/travis/build/IcecaveStudios/siphon/test/suite/Score/LiveScore/LiveScoreRequestTest.php" line="85" assertions="1" time="0.007238"/>
    </testsuite>
    <testsuite name="Icecave\Siphon\Score\LiveScore\LiveScoreResponseTest" file="/home/travis/build/IcecaveStudios/siphon/test/suite/Score/LiveScore/LiveScoreResponseTest.php" tests="5" assertions="11" failures="0" errors="0" time="0.345622">
      <testcase name="testCompetition" class="Icecave\Siphon\Score\LiveScore\LiveScoreResponseTest" file="/home/travis/build/IcecaveStudios/siphon/test/suite/Score/LiveScore/LiveScoreResponseTest.php" line="26" assertions="2" time="0.084031"/>
      <testcase name="testScore" class="Icecave\Siphon\Score\LiveScore\LiveScoreResponseTest" file="/home/travis/build/IcecaveStudios/siphon/test/suite/Score/LiveScore/LiveScoreResponseTest.php" line="43" assertions="2" time="0.078169"/>
      <testcase name="testCurrentPeriod" class="Icecave\Siphon\Score\LiveScore\LiveScoreResponseTest" file="/home/travis/build/IcecaveStudios/siphon/test/suite/Score/LiveScore/LiveScoreResponseTest.php" line="60" assertions="3" time="0.056492"/>
      <testcase name="testGameTime" class="Icecave\Siphon\Score\LiveScore\LiveScoreResponseTest" file="/home/travis/build/IcecaveStudios/siphon/test/suite/Score/LiveScore/LiveScoreResponseTest.php" line="82" assertions="3" time="0.055646"/>
      <testcase name="testAccept" class="Icecave\Siphon\Score\LiveScore\LiveScoreResponseTest" file="/home/travis/build/IcecaveStudios/siphon/test/suite/Score/LiveScore/LiveScoreResponseTest.php" line="104" assertions="1" time="0.071284"/>
    </testsuite>
    <testsuite name="Icecave\Siphon\Score\PeriodTest" file="/home/travis/build/IcecaveStudios/siphon/test/suite/Score/PeriodTest.php" tests="4" assertions="4" failures="0" errors="0" time="0.031703">
      <testcase name="testType" class="Icecave\Siphon\Score\PeriodTest" file="/home/travis/build/IcecaveStudios/siphon/test/suite/Score/PeriodTest.php" line="18" assertions="1" time="0.008642"/>
      <testcase name="testNumber" class="Icecave\Siphon\Score\PeriodTest" file="/home/travis/build/IcecaveStudios/siphon/test/suite/Score/PeriodTest.php" line="26" assertions="1" time="0.007484"/>
      <testcase name="testHomeScore" class="Icecave\Siphon\Score\PeriodTest" file="/home/travis/build/IcecaveStudios/siphon/test/suite/Score/PeriodTest.php" line="34" assertions="1" time="0.007749"/>
      <testcase name="testAwayScore" class="Icecave\Siphon\Score\PeriodTest" file="/home/travis/build/IcecaveStudios/siphon/test/suite/Score/PeriodTest.php" line="42" assertions="1" time="0.007828"/>
    </testsuite>
    <testsuite name="Icecave\Siphon\Score\PeriodTypeTest" file="/home/travis/build/IcecaveStudios/siphon/test/suite/Score/PeriodTypeTest.php" tests="8" assertions="86" failures="0" errors="0" time="0.455836">
      <testcase name="testMemberBySport" class="Icecave\Siphon\Score\PeriodTypeTest" file="/home/travis/build/IcecaveStudios/siphon/test/suite/Score/PeriodTypeTest.php" line="22" assertions="6" time="0.035650"/>
      <testcase name="testMemberBySportAndValue" class="Icecave\Siphon\Score\PeriodTypeTest" file="/home/travis/build/IcecaveStudios/siphon/test/suite/Score/PeriodTypeTest.php" line="32" assertions="13" time="0.088579"/>
      <testcase name="testMemberBySportAndValueFailure" class="Icecave\Siphon\Score\PeriodTypeTest" file="/home/travis/build/IcecaveStudios/siphon/test/suite/Score/PeriodTypeTest.php" line="52" assertions="2" time="0.023789"/>
      <testcase name="testMemberByCode" class="Icecave\Siphon\Score\PeriodTypeTest" file="/home/travis/build/IcecaveStudios/siphon/test/suite/Score/PeriodTypeTest.php" line="65" assertions="7" time="0.023268"/>
      <testcase name="testMemberByCodeFailure" class="Icecave\Siphon\Score\PeriodTypeTest" file="/home/travis/build/IcecaveStudios/siphon/test/suite/Score/PeriodTypeTest.php" line="75" assertions="2" time="0.020390"/>
      <testcase name="testCode" class="Icecave\Siphon\Score\PeriodTypeTest" file="/home/travis/build/IcecaveStudios/siphon/test/suite/Score/PeriodTypeTest.php" line="85" assertions="7" time="0.025257"/>
      <testcase name="testCodesAreUnique" class="Icecave\Siphon\Score\PeriodTypeTest" file="/home/travis/build/IcecaveStudios/siphon/test/suite/Score/PeriodTypeTest.php" line="96" assertions="7" time="0.025960"/>
      <testcase name="testUsedBy" class="Icecave\Siphon\Score\PeriodTypeTest" file="/home/travis/build/IcecaveStudios/siphon/test/suite/Score/PeriodTypeTest.php" line="111" assertions="42" time="0.212943"/>
    </testsuite>
    <testsuite name="Icecave\Siphon\Score\ScoreTest" file="/home/travis/build/IcecaveStudios/siphon/test/suite/Score/ScoreTest.php" tests="3" assertions="3" failures="0" errors="0" time="0.025594">
      <testcase name="testScore" class="Icecave\Siphon\Score\ScoreTest" file="/home/travis/build/IcecaveStudios/siphon/test/suite/Score/ScoreTest.php" line="28" assertions="1" time="0.008726"/>
      <testcase name="testCount" class="Icecave\Siphon\Score\ScoreTest" file="/home/travis/build/IcecaveStudios/siphon/test/suite/Score/ScoreTest.php" line="36" assertions="1" time="0.008376"/>
      <testcase name="testGetIterator" class="Icecave\Siphon\Score\ScoreTest" file="/home/travis/build/IcecaveStudios/siphon/test/suite/Score/ScoreTest.php" line="44" assertions="1" time="0.008492"/>
    </testsuite>
    <testsuite name="Icecave\Siphon\Score\SerializerTest" file="/home/travis/build/IcecaveStudios/siphon/test/suite/Score/SerializerTest.php" tests="5" assertions="7" failures="0" errors="0" time="0.080663">
      <testsuite name="Icecave\Siphon\Score\SerializerTest::testSerialize" tests="3" assertions="3" failures="0" errors="0" time="0.065718">
        <testcase name="testSerialize with data set &quot;empty&quot;" assertions="1" time="0.012216"/>
        <testcase name="testSerialize with data set &quot;single period&quot;" assertions="1" time="0.018892"/>
        <testcase name="testSerialize with data set &quot;multiple periods&quot;" assertions="1" time="0.034610"/>
      </testsuite>
      <testcase name="testUnserializeWithInvalidDataArray" class="Icecave\Siphon\Score\SerializerTest" file="/home/travis/build/IcecaveStudios/siphon/test/suite/Score/SerializerTest.php" line="26" assertions="2" time="0.007465"/>
      <testcase name="testUnserializeWithInvalidDataArrayPacking" class="Icecave\Siphon\Score\SerializerTest" file="/home/travis/build/IcecaveStudios/siphon/test/suite/Score/SerializerTest.php" line="38" assertions="2" time="0.007480"/>
    </testsuite>
    <testsuite name="Icecave\Siphon\SportTest" file="/home/travis/build/IcecaveStudios/siphon/test/suite/SportTest.php" tests="2" assertions="13" failures="0" errors="0" time="0.026329">
      <testcase name="testFindByComponents" class="Icecave\Siphon\SportTest" file="/home/travis/build/IcecaveStudios/siphon/test/suite/SportTest.php" line="20" assertions="6" time="0.015881"/>
      <testcase name="testSportAndLeague" class="Icecave\Siphon\SportTest" file="/home/travis/build/IcecaveStudios/siphon/test/suite/SportTest.php" line="30" assertions="7" time="0.010448"/>
    </testsuite>
    <testsuite name="Icecave\Siphon\Statistics\SerializerTest" file="/home/travis/build/IcecaveStudios/siphon/test/suite/Statistics/SerializerTest.php" tests="9" assertions="12" failures="0" errors="0" time="0.125917">
      <testsuite name="Icecave\Siphon\Statistics\SerializerTest::testSerialize" tests="5" assertions="5" failures="0" errors="0" time="0.096061">
        <testcase name="testSerialize with data set &quot;empty&quot;" assertions="1" time="0.010888"/>
        <testcase name="testSerialize with data set &quot;empty group&quot;" assertions="1" time="0.014835"/>
        <testcase name="testSerialize with data set &quot;single group&quot;" assertions="1" time="0.021114"/>
        <testcase name="testSerialize with data set &quot;multiple groups&quot;" assertions="1" time="0.032857"/>
        <testcase name="testSerialize with data set &quot;numeric scope value (regression)&quot;" assertions="1" time="0.016367"/>
      </testsuite>
      <testcase name="testNumericStringsAreSerializedAsNumbers" class="Icecave\Siphon\Statistics\SerializerTest" file="/home/travis/build/IcecaveStudios/siphon/test/suite/Statistics/SerializerTest.php" line="26" assertions="1" time="0.007553"/>
      <testcase name="testUnserializeInvalidStringTable" class="Icecave\Siphon\Statistics\SerializerTest" file="/home/travis/build/IcecaveStudios/siphon/test/suite/Statistics/SerializerTest.php" line="43" assertions="2" time="0.007494"/>
      <testcase name="testUnserializeWithInvalidDataArray" class="Icecave\Siphon\Statistics\SerializerTest" file="/home/travis/build/IcecaveStudios/siphon/test/suite/Statistics/SerializerTest.php" line="55" assertions="2" time="0.007444"/>
      <testcase name="testUnserializeWithOddDataArray" class="Icecave\Siphon\Statistics\SerializerTest" file="/home/travis/build/IcecaveStudios/siphon/test/suite/Statistics/SerializerTest.php" line="67" assertions="2" time="0.007365"/>
    </testsuite>
    <testsuite name="Icecave\Siphon\Statistics\StatisticsCollectionTest" file="/home/travis/build/IcecaveStudios/siphon/test/suite/Statistics/StatisticsCollectionTest.php" tests="4" assertions="6" failures="0" errors="0" time="0.029326">
      <testcase name="testConstructorWithNonGroup" class="Icecave\Siphon\Statistics\StatisticsCollectionTest" file="/home/travis/build/IcecaveStudios/siphon/test/suite/Statistics/StatisticsCollectionTest.php" line="21" assertions="2" time="0.007678"/>
      <testcase name="testIsEmpty" class="Icecave\Siphon\Statistics\StatisticsCollectionTest" file="/home/travis/build/IcecaveStudios/siphon/test/suite/Statistics/StatisticsCollectionTest.php" line="31" assertions="2" time="0.007588"/>
      <testcase name="testCount" class="Icecave\Siphon\Statistics\StatisticsCollectionTest" file="/home/travis/build/IcecaveStudios/siphon/test/suite/Statistics/StatisticsCollectionTest.php" line="44" assertions="1" time="0.006949"/>
      <testcase name="testGetIterator" class="Icecave\Siphon\Statistics\StatisticsCollectionTest" file="/home/travis/build/IcecaveStudios/siphon/test/suite/Statistics/StatisticsCollectionTest.php" line="52" assertions="1" time="0.007111"/>
    </testsuite>
    <testsuite name="Icecave\Siphon\Statistics\StatisticsGroupTest" file="/home/travis/build/IcecaveStudios/siphon/test/suite/Statistics/StatisticsGroupTest.php" tests="15" assertions="22" failures="0" errors="0" time="0.105909">
      <testcase name="testConstructorWithInvalidKey" class="Icecave\Siphon\Statistics\StatisticsGroupTest" file="/home/travis/build/IcecaveStudios/siphon/test/suite/Statistics/StatisticsGroupTest.php" line="23" assertions="2" time="0.007405"/>
      <testcase name="testConstructorWithInvalidScopeType" class="Icecave\Siphon\Statistics\StatisticsGroupTest" file="/home/travis/build/IcecaveStudios/siphon/test/suite/Statistics/StatisticsGroupTest.php" line="33" assertions="2" time="0.007342"/>
      <testcase name="testConstructorWithInvalidScopeValue" class="Icecave\Siphon\Statistics\StatisticsGroupTest" file="/home/travis/build/IcecaveStudios/siphon/test/suite/Statistics/StatisticsGroupTest.php" line="46" assertions="2" time="0.007291"/>
      <testcase name="testConstructorWithInvalidStatisticType" class="Icecave\Siphon\Statistics\StatisticsGroupTest" file="/home/travis/build/IcecaveStudios/siphon/test/suite/Statistics/StatisticsGroupTest.php" line="59" assertions="2" time="0.007326"/>
      <testcase name="testConstructorWithInvalidStatisticValue" class="Icecave\Siphon\Statistics\StatisticsGroupTest" file="/home/travis/build/IcecaveStudios/siphon/test/suite/Statistics/StatisticsGroupTest.php" line="73" assertions="2" time="0.007338"/>
      <testcase name="testKey" class="Icecave\Siphon\Statistics\StatisticsGroupTest" file="/home/travis/build/IcecaveStudios/siphon/test/suite/Statistics/StatisticsGroupTest.php" line="87" assertions="1" time="0.006678"/>
      <testcase name="testScopes" class="Icecave\Siphon\Statistics\StatisticsGroupTest" file="/home/travis/build/IcecaveStudios/siphon/test/suite/Statistics/StatisticsGroupTest.php" line="95" assertions="1" time="0.006731"/>
      <testcase name="testScopeByType" class="Icecave\Siphon\Statistics\StatisticsGroupTest" file="/home/travis/build/IcecaveStudios/siphon/test/suite/Statistics/StatisticsGroupTest.php" line="106" assertions="2" time="0.007174"/>
      <testcase name="testStatistics" class="Icecave\Siphon\Statistics\StatisticsGroupTest" file="/home/travis/build/IcecaveStudios/siphon/test/suite/Statistics/StatisticsGroupTest.php" line="118" assertions="1" time="0.006734"/>
      <testcase name="testStatisticsProjection" class="Icecave\Siphon\Statistics\StatisticsGroupTest" file="/home/travis/build/IcecaveStudios/siphon/test/suite/Statistics/StatisticsGroupTest.php" line="129" assertions="1" time="0.006796"/>
      <testcase name="testStatisticsExpansion" class="Icecave\Siphon\Statistics\StatisticsGroupTest" file="/home/travis/build/IcecaveStudios/siphon/test/suite/Statistics/StatisticsGroupTest.php" line="139" assertions="1" time="0.006877"/>
      <testcase name="testStatisticsExpansionWithExplicitDefault" class="Icecave\Siphon\Statistics\StatisticsGroupTest" file="/home/travis/build/IcecaveStudios/siphon/test/suite/Statistics/StatisticsGroupTest.php" line="150" assertions="1" time="0.007215"/>
      <testcase name="testIsEmpty" class="Icecave\Siphon\Statistics\StatisticsGroupTest" file="/home/travis/build/IcecaveStudios/siphon/test/suite/Statistics/StatisticsGroupTest.php" line="164" assertions="2" time="0.007300"/>
      <testcase name="testCount" class="Icecave\Siphon\Statistics\StatisticsGroupTest" file="/home/travis/build/IcecaveStudios/siphon/test/suite/Statistics/StatisticsGroupTest.php" line="177" assertions="1" time="0.006754"/>
      <testcase name="testGetIterator" class="Icecave\Siphon\Statistics\StatisticsGroupTest" file="/home/travis/build/IcecaveStudios/siphon/test/suite/Statistics/StatisticsGroupTest.php" line="185" assertions="1" time="0.006948"/>
    </testsuite>
    <testsuite name="Icecave\Siphon\Team\Statistics\TeamStatisticsReaderTest" file="/home/travis/build/IcecaveStudios/siphon/test/suite/Team/Statistics/TeamStatisticsReaderTest.php" tests="5" assertions="9" failures="0" errors="0" time="0.486574">
      <testcase name="testRead" class="Icecave\Siphon\Team\Statistics\TeamStatisticsReaderTest" file="/home/travis/build/IcecaveStudios/siphon/test/suite/Team/Statistics/TeamStatisticsReaderTest.php" line="44" assertions="2" time="0.210242"/>
      <testcase name="testReadSplitStats" class="Icecave\Siphon\Team\Statistics\TeamStatisticsReaderTest" file="/home/travis/build/IcecaveStudios/siphon/test/suite/Team/Statistics/TeamStatisticsReaderTest.php" line="194" assertions="2" time="0.215741"/>
      <testcase name="testReadEmpty" class="Icecave\Siphon\Team\Statistics\TeamStatisticsReaderTest" file="/home/travis/build/IcecaveStudios/siphon/test/suite/Team/Statistics/TeamStatisticsReaderTest.php" line="351" assertions="1" time="0.024361"/>
[...]
    </testsuite>
    <testsuite name="Icecave\Siphon\Team\Statistics\TeamStatisticsRequestTest" file="/home/travis/build/IcecaveStudios/siphon/test/suite/Team/Statistics/TeamStatisticsRequestTest.php" tests="6" assertions="11" failures="0" errors="0" time="0.079044">
      <testcase name="testSport" class="Icecave\Siphon\Team\Statistics\TeamStatisticsRequestTest" file="/home/travis/build/IcecaveStudios/siphon/test/suite/Team/Statistics/TeamStatisticsRequestTest.php" line="20" assertions="2" time="0.010300"/>
      <testcase name="testSeasonName" class="Icecave\Siphon\Team\Statistics\TeamStatisticsRequestTest" file="/home/travis/build/IcecaveStudios/siphon/test/suite/Team/Statistics/TeamStatisticsRequestTest.php" line="35" assertions="2" time="0.008775"/>
      <testcase name="testType" class="Icecave\Siphon\Team\Statistics\TeamStatisticsRequestTest" file="/home/travis/build/IcecaveStudios/siphon/test/suite/Team/Statistics/TeamStatisticsRequestTest.php" line="50" assertions="2" time="0.010196"/>
      <testcase name="testAccept" class="Icecave\Siphon\Team\Statistics\TeamStatisticsRequestTest" file="/home/travis/build/IcecaveStudios/siphon/test/suite/Team/Statistics/TeamStatisticsRequestTest.php" line="65" assertions="1" time="0.025278"/>
      <testcase name="testSerialize" class="Icecave\Siphon\Team\Statistics\TeamStatisticsRequestTest" file="/home/travis/build/IcecaveStudios/siphon/test/suite/Team/Statistics/TeamStatisticsRequestTest.php" line="74" assertions="2" time="0.015160"/>
      <testcase name="testToString" class="Icecave\Siphon\Team\Statistics\TeamStatisticsRequestTest" file="/home/travis/build/IcecaveStudios/siphon/test/suite/Team/Statistics/TeamStatisticsRequestTest.php" line="91" assertions="2" time="0.009335"/>
    </testsuite>
    <testsuite name="Icecave\Siphon\Team\Statistics\TeamStatisticsResponseTest" file="/home/travis/build/IcecaveStudios/siphon/test/suite/Team/Statistics/TeamStatisticsResponseTest.php" tests="12" assertions="18" failures="0" errors="0" time="2.121254">
      <testcase name="testSport" class="Icecave\Siphon\Team\Statistics\TeamStatisticsResponseTest" file="/home/travis/build/IcecaveStudios/siphon/test/suite/Team/Statistics/TeamStatisticsResponseTest.php" line="42" assertions="2" time="0.172036"/>
      <testcase name="testSeason" class="Icecave\Siphon\Team\Statistics\TeamStatisticsResponseTest" file="/home/travis/build/IcecaveStudios/siphon/test/suite/Team/Statistics/TeamStatisticsResponseTest.php" line="57" assertions="2" time="0.187811"/>
      <testcase name="testType" class="Icecave\Siphon\Team\Statistics\TeamStatisticsResponseTest" file="/home/travis/build/IcecaveStudios/siphon/test/suite/Team/Statistics/TeamStatisticsResponseTest.php" line="73" assertions="2" time="0.168985"/>
      <testcase name="testIsEmpty" class="Icecave\Siphon\Team\Statistics\TeamStatisticsResponseTest" file="/home/travis/build/IcecaveStudios/siphon/test/suite/Team/Statistics/TeamStatisticsResponseTest.php" line="88" assertions="2" time="0.172315"/>
      <testcase name="testCount" class="Icecave\Siphon\Team\Statistics\TeamStatisticsResponseTest" file="/home/travis/build/IcecaveStudios/siphon/test/suite/Team/Statistics/TeamStatisticsResponseTest.php" line="101" assertions="2" time="0.176335"/>
      <testcase name="testGetIterator" class="Icecave\Siphon\Team\Statistics\TeamStatisticsResponseTest" file="/home/travis/build/IcecaveStudios/siphon/test/suite/Team/Statistics/TeamStatisticsResponseTest.php" line="117" assertions="2" time="0.176930"/>
      <testcase name="testAdd" class="Icecave\Siphon\Team\Statistics\TeamStatisticsResponseTest" file="/home/travis/build/IcecaveStudios/siphon/test/suite/Team/Statistics/TeamStatisticsResponseTest.php" line="136" assertions="1" time="0.171786"/>
      <testcase name="testAddDoesNotDuplicate" class="Icecave\Siphon\Team\Statistics\TeamStatisticsResponseTest" file="/home/travis/build/IcecaveStudios/siphon/test/suite/Team/Statistics/TeamStatisticsResponseTest.php" line="148" assertions="1" time="0.175908"/>
      <testcase name="testRemove" class="Icecave\Siphon\Team\Statistics\TeamStatisticsResponseTest" file="/home/travis/build/IcecaveStudios/siphon/test/suite/Team/Statistics/TeamStatisticsResponseTest.php" line="161" assertions="1" time="0.175008"/>
      <testcase name="testRemoveUnknownPlayer" class="Icecave\Siphon\Team\Statistics\TeamStatisticsResponseTest" file="/home/travis/build/IcecaveStudios/siphon/test/suite/Team/Statistics/TeamStatisticsResponseTest.php" line="172" assertions="1" time="0.182637"/>
      <testcase name="testClear" class="Icecave\Siphon\Team\Statistics\TeamStatisticsResponseTest" file="/home/travis/build/IcecaveStudios/siphon/test/suite/Team/Statistics/TeamStatisticsResponseTest.php" line="187" assertions="1" time="0.176485"/>
      <testcase name="testAccept" class="Icecave\Siphon\Team\Statistics\TeamStatisticsResponseTest" file="/home/travis/build/IcecaveStudios/siphon/test/suite/Team/Statistics/TeamStatisticsResponseTest.php" line="199" assertions="1" time="0.185018"/>
    </testsuite>
    <testsuite name="Icecave\Siphon\Team\TeamReaderTest" file="/home/travis/build/IcecaveStudios/siphon/test/suite/Team/TeamReaderTest.php" tests="5" assertions="8" failures="0" errors="0" time="0.501309">
      <testcase name="testRead" class="Icecave\Siphon\Team\TeamReaderTest" file="/home/travis/build/IcecaveStudios/siphon/test/suite/Team/TeamReaderTest.php" line="69" assertions="2" time="0.304936"/>
      <testcase name="testReadWithoutNickName" class="Icecave\Siphon\Team\TeamReaderTest" file="/home/travis/build/IcecaveStudios/siphon/test/suite/Team/TeamReaderTest.php" line="88" assertions="1" time="0.071061"/>
      <testcase name="testReadIncludesTeamsOutsideConference" class="Icecave\Siphon\Team\TeamReaderTest" file="/home/travis/build/IcecaveStudios/siphon/test/suite/Team/TeamReaderTest.php" line="113" assertions="1" time="0.079189"/>
      <testcase name="testReadWithUnsupportedRequest" class="Icecave\Siphon\Team\TeamReaderTest" file="/home/travis/build/IcecaveStudios/siphon/test/suite/Team/TeamReaderTest.php" line="139" assertions="2" time="0.023174"/>
      <testcase name="testIsSupported" class="Icecave\Siphon\Team\TeamReaderTest" file="/home/travis/build/IcecaveStudios/siphon/test/suite/Team/TeamReaderTest.php" line="151" assertions="2" time="0.022949"/>
    </testsuite>
    <testsuite name="Icecave\Siphon\Team\TeamRefTest" file="/home/travis/build/IcecaveStudios/siphon/test/suite/Team/TeamRefTest.php" tests="2" assertions="2" failures="0" errors="0" time="0.013407">
      <testcase name="testId" class="Icecave\Siphon\Team\TeamRefTest" file="/home/travis/build/IcecaveStudios/siphon/test/suite/Team/TeamRefTest.php" line="16" assertions="1" time="0.006690"/>
      <testcase name="testName" class="Icecave\Siphon\Team\TeamRefTest" file="/home/travis/build/IcecaveStudios/siphon/test/suite/Team/TeamRefTest.php" line="24" assertions="1" time="0.006717"/>
    </testsuite>
    <testsuite name="Icecave\Siphon\Team\TeamRequestTest" file="/home/travis/build/IcecaveStudios/siphon/test/suite/Team/TeamRequestTest.php" tests="5" assertions="8" failures="0" errors="0" time="0.062615">
      <testcase name="testSport" class="Icecave\Siphon\Team\TeamRequestTest" file="/home/travis/build/IcecaveStudios/siphon/test/suite/Team/TeamRequestTest.php" line="19" assertions="2" time="0.009767"/>
      <testcase name="testSeasonName" class="Icecave\Siphon\Team\TeamRequestTest" file="/home/travis/build/IcecaveStudios/siphon/test/suite/Team/TeamRequestTest.php" line="34" assertions="2" time="0.007805"/>
      <testcase name="testAccept" class="Icecave\Siphon\Team\TeamRequestTest" file="/home/travis/build/IcecaveStudios/siphon/test/suite/Team/TeamRequestTest.php" line="49" assertions="1" time="0.024706"/>
      <testcase name="testSerialize" class="Icecave\Siphon\Team\TeamRequestTest" file="/home/travis/build/IcecaveStudios/siphon/test/suite/Team/TeamRequestTest.php" line="58" assertions="2" time="0.012859"/>
      <testcase name="testToString" class="Icecave\Siphon\Team\TeamRequestTest" file="/home/travis/build/IcecaveStudios/siphon/test/suite/Team/TeamRequestTest.php" line="75" assertions="1" time="0.007478"/>
    </testsuite>
    <testsuite name="Icecave\Siphon\Team\TeamResponseTest" file="/home/travis/build/IcecaveStudios/siphon/test/suite/Team/TeamResponseTest.php" tests="11" assertions="16" failures="0" errors="0" time="0.921216">
      <testcase name="testSport" class="Icecave\Siphon\Team\TeamResponseTest" file="/home/travis/build/IcecaveStudios/siphon/test/suite/Team/TeamResponseTest.php" line="28" assertions="2" time="0.077559"/>
      <testcase name="testSeason" class="Icecave\Siphon\Team\TeamResponseTest" file="/home/travis/build/IcecaveStudios/siphon/test/suite/Team/TeamResponseTest.php" line="43" assertions="2" time="0.094436"/>
      <testcase name="testIsEmpty" class="Icecave\Siphon\Team\TeamResponseTest" file="/home/travis/build/IcecaveStudios/siphon/test/suite/Team/TeamResponseTest.php" line="59" assertions="2" time="0.079505"/>
      <testcase name="testCount" class="Icecave\Siphon\Team\TeamResponseTest" file="/home/travis/build/IcecaveStudios/siphon/test/suite/Team/TeamResponseTest.php" line="72" assertions="2" time="0.079023"/>
      <testcase name="testGetIterator" class="Icecave\Siphon\Team\TeamResponseTest" file="/home/travis/build/IcecaveStudios/siphon/test/suite/Team/TeamResponseTest.php" line="87" assertions="2" time="0.083505"/>
      <testcase name="testAdd" class="Icecave\Siphon\Team\TeamResponseTest" file="/home/travis/build/IcecaveStudios/siphon/test/suite/Team/TeamResponseTest.php" line="106" assertions="1" time="0.079344"/>
      <testcase name="testAddDoesNotDuplicate" class="Icecave\Siphon\Team\TeamResponseTest" file="/home/travis/build/IcecaveStudios/siphon/test/suite/Team/TeamResponseTest.php" line="118" assertions="1" time="0.082852"/>
      <testcase name="testRemove" class="Icecave\Siphon\Team\TeamResponseTest" file="/home/travis/build/IcecaveStudios/siphon/test/suite/Team/TeamResponseTest.php" line="131" assertions="1" time="0.082903"/>
      <testcase name="testRemoveUnknownTeam" class="Icecave\Siphon\Team\TeamResponseTest" file="/home/travis/build/IcecaveStudios/siphon/test/suite/Team/TeamResponseTest.php" line="142" assertions="1" time="0.086689"/>
      <testcase name="testClear" class="Icecave\Siphon\Team\TeamResponseTest" file="/home/travis/build/IcecaveStudios/siphon/test/suite/Team/TeamResponseTest.php" line="154" assertions="1" time="0.082971"/>
      <testcase name="testAccept" class="Icecave\Siphon\Team\TeamResponseTest" file="/home/travis/build/IcecaveStudios/siphon/test/suite/Team/TeamResponseTest.php" line="166" assertions="1" time="0.092429"/>
    </testsuite>
    <testsuite name="Icecave\Siphon\Team\TeamTest" file="/home/travis/build/IcecaveStudios/siphon/test/suite/Team/TeamTest.php" tests="6" assertions="6" failures="0" errors="0" time="0.040766">
      <testcase name="testId" class="Icecave\Siphon\Team\TeamTest" file="/home/travis/build/IcecaveStudios/siphon/test/suite/Team/TeamTest.php" line="18" assertions="1" time="0.006797"/>
      <testcase name="testName" class="Icecave\Siphon\Team\TeamTest" file="/home/travis/build/IcecaveStudios/siphon/test/suite/Team/TeamTest.php" line="26" assertions="1" time="0.006790"/>
      <testcase name="testNickname" class="Icecave\Siphon\Team\TeamTest" file="/home/travis/build/IcecaveStudios/siphon/test/suite/Team/TeamTest.php" line="34" assertions="1" time="0.006754"/>
      <testcase name="testAbbreviation" class="Icecave\Siphon\Team\TeamTest" file="/home/travis/build/IcecaveStudios/siphon/test/suite/Team/TeamTest.php" line="42" assertions="1" time="0.006736"/>
      <testcase name="testDisplayName" class="Icecave\Siphon\Team\TeamTest" file="/home/travis/build/IcecaveStudios/siphon/test/suite/Team/TeamTest.php" line="50" assertions="1" time="0.006815"/>
      <testcase name="testDisplayNameWithoutNickname" class="Icecave\Siphon\Team\TeamTest" file="/home/travis/build/IcecaveStudios/siphon/test/suite/Team/TeamTest.php" line="58" assertions="1" time="0.006874"/>
    </testsuite>
    <testsuite name="Icecave\Siphon\Util\IdParserTest" file="/home/travis/build/IcecaveStudios/siphon/test/suite/Util/IdParserTest.php" tests="5" assertions="7" failures="0" errors="0" time="0.037942">
      <testcase name="testParseInt" class="Icecave\Siphon\Util\IdParserTest" file="/home/travis/build/IcecaveStudios/siphon/test/suite/Util/IdParserTest.php" line="9" assertions="1" time="0.007256"/>
      <testcase name="testParseNumericString" class="Icecave\Siphon\Util\IdParserTest" file="/home/travis/build/IcecaveStudios/siphon/test/suite/Util/IdParserTest.php" line="17" assertions="1" time="0.007280"/>
      <testcase name="testParseString" class="Icecave\Siphon\Util\IdParserTest" file="/home/travis/build/IcecaveStudios/siphon/test/suite/Util/IdParserTest.php" line="25" assertions="1" time="0.007367"/>
      <testcase name="testParseStringWithInvalidType" class="Icecave\Siphon\Util\IdParserTest" file="/home/travis/build/IcecaveStudios/siphon/test/suite/Util/IdParserTest.php" line="33" assertions="2" time="0.008009"/>
      <testcase name="testParseStringWithInvalidSport" class="Icecave\Siphon\Util\IdParserTest" file="/home/travis/build/IcecaveStudios/siphon/test/suite/Util/IdParserTest.php" line="43" assertions="2" time="0.008030"/>
    </testsuite>
    <testsuite name="Icecave\Siphon\Util\SerializationTest" file="/home/travis/build/IcecaveStudios/siphon/test/suite/Util/SerializationTest.php" tests="8" assertions="14" failures="0" errors="0" time="0.094925">
      <testcase name="testSerialize" class="Icecave\Siphon\Util\SerializationTest" file="/home/travis/build/IcecaveStudios/siphon/test/suite/Util/SerializationTest.php" line="9" assertions="1" time="0.006734"/>
      <testcase name="testSerializeWithNonIntegerVersion" class="Icecave\Siphon\Util\SerializationTest" file="/home/travis/build/IcecaveStudios/siphon/test/suite/Util/SerializationTest.php" line="17" assertions="2" time="0.007344"/>
      <testcase name="testSerializeWithInvalidIntegerVersion" class="Icecave\Siphon\Util\SerializationTest" file="/home/travis/build/IcecaveStudios/siphon/test/suite/Util/SerializationTest.php" line="27" assertions="2" time="0.007394"/>
      <testcase name="testUnserialize" class="Icecave\Siphon\Util\SerializationTest" file="/home/travis/build/IcecaveStudios/siphon/test/suite/Util/SerializationTest.php" line="37" assertions="1" time="0.022894"/>
      <testcase name="testUnserializeSelectsCorrectVersion" class="Icecave\Siphon\Util\SerializationTest" file="/home/travis/build/IcecaveStudios/siphon/test/suite/Util/SerializationTest.php" line="49" assertions="2" time="0.026090"/>
      <testcase name="testUnserializeFailureWithUnsupportedVersion" class="Icecave\Siphon\Util\SerializationTest" file="/home/travis/build/IcecaveStudios/siphon/test/suite/Util/SerializationTest.php" line="64" assertions="2" time="0.009725"/>
      <testcase name="testUnserializeFailureWithNonArray" class="Icecave\Siphon\Util\SerializationTest" file="/home/travis/build/IcecaveStudios/siphon/test/suite/Util/SerializationTest.php" line="77" assertions="2" time="0.007332"/>
      <testcase name="testUnserializeFailureWithNoVersion" class="Icecave\Siphon\Util\SerializationTest" file="/home/travis/build/IcecaveStudios/siphon/test/suite/Util/SerializationTest.php" line="89" assertions="2" time="0.007412"/>
    </testsuite>
    <testsuite name="Icecave\Siphon\Util\URLTest" file="/home/travis/build/IcecaveStudios/siphon/test/suite/Util/URLTest.php" tests="9" assertions="9" failures="0" errors="0" time="0.061440">
      <testsuite name="Icecave\Siphon\Util\URLTest::testStripParameter" tests="9" assertions="9" failures="0" errors="0" time="0.061440">
        <testcase name="testStripParameter with data set &quot;not present&quot;" assertions="1" time="0.006806"/>
        <testcase name="testStripParameter with data set &quot;only parameter&quot;" assertions="1" time="0.006851"/>
        <testcase name="testStripParameter with data set &quot;only parameter, no value&quot;" assertions="1" time="0.006808"/>
        <testcase name="testStripParameter with data set &quot;first parameter&quot;" assertions="1" time="0.006785"/>
        <testcase name="testStripParameter with data set &quot;first parameter, no value&quot;" assertions="1" time="0.006797"/>
        <testcase name="testStripParameter with data set &quot;last parameter&quot;" assertions="1" time="0.006796"/>
        <testcase name="testStripParameter with data set &quot;last parameter, no value&quot;" assertions="1" time="0.006797"/>
        <testcase name="testStripParameter with data set &quot;middle parameter&quot;" assertions="1" time="0.006826"/>
        <testcase name="testStripParameter with data set &quot;middle parameter, no value&quot;" assertions="1" time="0.006973"/>
      </testsuite>
    </testsuite>
    <testsuite name="Icecave\Siphon\Util\XPathTest" file="/home/travis/build/IcecaveStudios/siphon/test/suite/Util/XPathTest.php" tests="13" assertions="18" failures="0" errors="0" time="0.096208">
      <testcase name="testElement" class="Icecave\Siphon\Util\XPathTest" file="/home/travis/build/IcecaveStudios/siphon/test/suite/Util/XPathTest.php" line="15" assertions="1" time="0.008055"/>
      <testcase name="testElementFailure" class="Icecave\Siphon\Util\XPathTest" file="/home/travis/build/IcecaveStudios/siphon/test/suite/Util/XPathTest.php" line="23" assertions="2" time="0.007592"/>
      <testcase name="testElementOrNull" class="Icecave\Siphon\Util\XPathTest" file="/home/travis/build/IcecaveStudios/siphon/test/suite/Util/XPathTest.php" line="33" assertions="1" time="0.007866"/>
      <testcase name="testElementOrNullFailure" class="Icecave\Siphon\Util\XPathTest" file="/home/travis/build/IcecaveStudios/siphon/test/suite/Util/XPathTest.php" line="41" assertions="1" time="0.006860"/>
      <testcase name="testString" class="Icecave\Siphon\Util\XPathTest" file="/home/travis/build/IcecaveStudios/siphon/test/suite/Util/XPathTest.php" line="48" assertions="1" time="0.006982"/>
      <testcase name="testStringFailure" class="Icecave\Siphon\Util\XPathTest" file="/home/travis/build/IcecaveStudios/siphon/test/suite/Util/XPathTest.php" line="56" assertions="2" time="0.007696"/>
      <testcase name="testStringOrNull" class="Icecave\Siphon\Util\XPathTest" file="/home/travis/build/IcecaveStudios/siphon/test/suite/Util/XPathTest.php" line="66" assertions="1" time="0.006912"/>
      <testcase name="testStringOrNullFailure" class="Icecave\Siphon\Util\XPathTest" file="/home/travis/build/IcecaveStudios/siphon/test/suite/Util/XPathTest.php" line="74" assertions="1" time="0.007048"/>
      <testcase name="testNumber" class="Icecave\Siphon\Util\XPathTest" file="/home/travis/build/IcecaveStudios/siphon/test/suite/Util/XPathTest.php" line="81" assertions="2" time="0.007613"/>
      <testcase name="testNumberFailure" class="Icecave\Siphon\Util\XPathTest" file="/home/travis/build/IcecaveStudios/siphon/test/suite/Util/XPathTest.php" line="94" assertions="2" time="0.007676"/>
      <testcase name="testNumberFailureWithNonNumeric" class="Icecave\Siphon\Util\XPathTest" file="/home/travis/build/IcecaveStudios/siphon/test/suite/Util/XPathTest.php" line="104" assertions="2" time="0.007889"/>
      <testcase name="testNumberOrNull" class="Icecave\Siphon\Util\XPathTest" file="/home/travis/build/IcecaveStudios/siphon/test/suite/Util/XPathTest.php" line="114" assertions="1" time="0.007042"/>
      <testcase name="testNumberOrNullFailure" class="Icecave\Siphon\Util\XPathTest" file="/home/travis/build/IcecaveStudios/siphon/test/suite/Util/XPathTest.php" line="122" assertions="1" time="0.006977"/>
    </testsuite>
  </testsuite>
</testsuites>
