<?xml version="1.0" encoding="UTF-8"?>
<testsuites>
  <testsuite name="" tests="401" assertions="692" failures="0" errors="0" time="23.538162">
    <testsuite name="Icecave\Siphon\Atom\AtomReaderTest" file="/home/travis/build/IcecaveStudios/siphon/test/suite/Atom/AtomReaderTest.php" tests="6" assertions="11" failures="0" errors="0" time="0.348785">
      <testcase name="testRead" class="Icecave\Siphon\Atom\AtomReaderTest" file="/home/travis/build/IcecaveStudios/siphon/test/suite/Atom/AtomReaderTest.php" line="28" assertions="4" time="0.205533"/>
      <testcase name="testReadWithSpecificFeed" class="Icecave\Siphon\Atom\AtomReaderTest" file="/home/travis/build/IcecaveStudios/siphon/test/suite/Atom/AtomReaderTest.php" line="75" assertions="1" time="0.034182"/>
      <testcase name="testReadWithLimit" class="Icecave\Siphon\Atom\AtomReaderTest" file="/home/travis/build/IcecaveStudios/siphon/test/suite/Atom/AtomReaderTest.php" line="97" assertions="1" time="0.032824"/>
      <testcase name="testReadDescending" class="Icecave\Siphon\Atom\AtomReaderTest" file="/home/travis/build/IcecaveStudios/siphon/test/suite/Atom/AtomReaderTest.php" line="118" assertions="1" time="0.033083"/>
      <testcase name="testReadWithUnsupportedRequest" class="Icecave\Siphon\Atom\AtomReaderTest" file="/home/travis/build/IcecaveStudios/siphon/test/suite/Atom/AtomReaderTest.php" line="139" assertions="2" time="0.025191"/>
      <testcase name="testIsSupported" class="Icecave\Siphon\Atom\AtomReaderTest" file="/home/travis/build/IcecaveStudios/siphon/test/suite/Atom/AtomReaderTest.php" line="151" assertions="2" time="0.017972"/>
    </testsuite>
    <testsuite name="Icecave\Siphon\Atom\AtomRequestTest" file="/home/travis/build/IcecaveStudios/siphon/test/suite/Atom/AtomRequestTest.php" tests="9" assertions="17" failures="0" errors="0" time="0.114681">
      <testcase name="testUpdatedTime" class="Icecave\Siphon\Atom\AtomRequestTest" file="/home/travis/build/IcecaveStudios/siphon/test/suite/Atom/AtomRequestTest.php" line="19" assertions="2" time="0.008656"/>
      <testcase name="testFeed" class="Icecave\Siphon\Atom\AtomRequestTest" file="/home/travis/build/IcecaveStudios/siphon/test/suite/Atom/AtomRequestTest.php" line="36" assertions="3" time="0.008404"/>
      <testcase name="testLimit" class="Icecave\Siphon\Atom\AtomRequestTest" file="/home/travis/build/IcecaveStudios/siphon/test/suite/Atom/AtomRequestTest.php" line="56" assertions="2" time="0.007121"/>
      <testcase name="testLimitWithInvalidValue" class="Icecave\Siphon\Atom\AtomRequestTest" file="/home/travis/build/IcecaveStudios/siphon/test/suite/Atom/AtomRequestTest.php" line="71" assertions="2" time="0.007205"/>
      <testcase name="testOrder" class="Icecave\Siphon\Atom\AtomRequestTest" file="/home/travis/build/IcecaveStudios/siphon/test/suite/Atom/AtomRequestTest.php" line="81" assertions="2" time="0.007093"/>
      <testcase name="testOrderWithInvalidValue" class="Icecave\Siphon\Atom\AtomRequestTest" file="/home/travis/build/IcecaveStudios/siphon/test/suite/Atom/AtomRequestTest.php" line="96" assertions="2" time="0.007213"/>
      <testcase name="testAccept" class="Icecave\Siphon\Atom\AtomRequestTest" file="/home/travis/build/IcecaveStudios/siphon/test/suite/Atom/AtomRequestTest.php" line="106" assertions="1" time="0.032525"/>
      <testcase name="testSerialize" class="Icecave\Siphon\Atom\AtomRequestTest" file="/home/travis/build/IcecaveStudios/siphon/test/suite/Atom/AtomRequestTest.php" line="115" assertions="1" time="0.027769"/>
      <testcase name="testToString" class="Icecave\Siphon\Atom\AtomRequestTest" file="/home/travis/build/IcecaveStudios/siphon/test/suite/Atom/AtomRequestTest.php" line="126" assertions="2" time="0.008695"/>
    </testsuite>
    <testsuite name="Icecave\Siphon\Atom\AtomResponseTest" file="/home/travis/build/IcecaveStudios/siphon/test/suite/Atom/AtomResponseTest.php" tests="10" assertions="14" failures="0" errors="0" time="0.171040">
      <testcase name="testUpdatedTime" class="Icecave\Siphon\Atom\AtomResponseTest" file="/home/travis/build/IcecaveStudios/siphon/test/suite/Atom/AtomResponseTest.php" line="19" assertions="2" time="0.007532"/>
      <testcase name="testIsEmpty" class="Icecave\Siphon\Atom\AtomResponseTest" file="/home/travis/build/IcecaveStudios/siphon/test/suite/Atom/AtomResponseTest.php" line="36" assertions="2" time="0.007591"/>
      <testcase name="testCount" class="Icecave\Siphon\Atom\AtomResponseTest" file="/home/travis/build/IcecaveStudios/siphon/test/suite/Atom/AtomResponseTest.php" line="49" assertions="2" time="0.007499"/>
      <testcase name="testGetIterator" class="Icecave\Siphon\Atom\AtomResponseTest" file="/home/travis/build/IcecaveStudios/siphon/test/suite/Atom/AtomResponseTest.php" line="64" assertions="2" time="0.042655"/>
      <testcase name="testAdd" class="Icecave\Siphon\Atom\AtomResponseTest" file="/home/travis/build/IcecaveStudios/siphon/test/suite/Atom/AtomResponseTest.php" line="89" assertions="1" time="0.024962"/>
      <testcase name="testAddDoesNotDuplicate" class="Icecave\Siphon\Atom\AtomResponseTest" file="/home/travis/build/IcecaveStudios/siphon/test/suite/Atom/AtomResponseTest.php" line="104" assertions="1" time="0.025562"/>
      <testcase name="testRemove" class="Icecave\Siphon\Atom\AtomResponseTest" file="/home/travis/build/IcecaveStudios/siphon/test/suite/Atom/AtomResponseTest.php" line="120" assertions="1" time="0.007310"/>
      <testcase name="testRemoveUnknownRequest" class="Icecave\Siphon\Atom\AtomResponseTest" file="/home/travis/build/IcecaveStudios/siphon/test/suite/Atom/AtomResponseTest.php" line="131" assertions="1" time="0.007276"/>
      <testcase name="testClear" class="Icecave\Siphon\Atom\AtomResponseTest" file="/home/travis/build/IcecaveStudios/siphon/test/suite/Atom/AtomResponseTest.php" line="143" assertions="1" time="0.007783"/>
      <testcase name="testAccept" class="Icecave\Siphon\Atom\AtomResponseTest" file="/home/travis/build/IcecaveStudios/siphon/test/suite/Atom/AtomResponseTest.php" line="155" assertions="1" time="0.032870"/>
    </testsuite>
    <testsuite name="Icecave\Siphon\DispatcherTest" file="/home/travis/build/IcecaveStudios/siphon/test/suite/DispatcherTest.php" tests="13" assertions="34" failures="0" errors="0" time="1.842039">
      <testcase name="testCreate" class="Icecave\Siphon\DispatcherTest" file="/home/travis/build/IcecaveStudios/siphon/test/suite/DispatcherTest.php" line="73" assertions="2" time="0.170237"/>
      <testcase name="testUrlBuilder" class="Icecave\Siphon\DispatcherTest" file="/home/travis/build/IcecaveStudios/siphon/test/suite/DispatcherTest.php" line="88" assertions="1" time="0.079764"/>
      <testcase name="testXmlReader" class="Icecave\Siphon\DispatcherTest" file="/home/travis/build/IcecaveStudios/siphon/test/suite/DispatcherTest.php" line="96" assertions="1" time="0.080087"/>
      <testcase name="testReadAtomRequest" class="Icecave\Siphon\DispatcherTest" file="/home/travis/build/IcecaveStudios/siphon/test/suite/DispatcherTest.php" line="104" assertions="3" time="0.143177"/>
      <testcase name="testScheduleRequest" class="Icecave\Siphon\DispatcherTest" file="/home/travis/build/IcecaveStudios/siphon/test/suite/DispatcherTest.php" line="113" assertions="3" time="0.142370"/>
      <testcase name="testTeamRequest" class="Icecave\Siphon\DispatcherTest" file="/home/travis/build/IcecaveStudios/siphon/test/suite/DispatcherTest.php" line="122" assertions="3" time="0.144833"/>
      <testcase name="testTeamStatisticsRequest" class="Icecave\Siphon\DispatcherTest" file="/home/travis/build/IcecaveStudios/siphon/test/suite/DispatcherTest.php" line="131" assertions="3" time="0.148669"/>
      <testcase name="testPlayerRequest" class="Icecave\Siphon\DispatcherTest" file="/home/travis/build/IcecaveStudios/siphon/test/suite/DispatcherTest.php" line="140" assertions="3" time="0.151544"/>
      <testcase name="testPlayerStatisticsRequest" class="Icecave\Siphon\DispatcherTest" file="/home/travis/build/IcecaveStudios/siphon/test/suite/DispatcherTest.php" line="149" assertions="3" time="0.155787"/>
      <testcase name="testImageRequest" class="Icecave\Siphon\DispatcherTest" file="/home/travis/build/IcecaveStudios/siphon/test/suite/DispatcherTest.php" line="158" assertions="3" time="0.154912"/>
      <testcase name="testInjuryRequest" class="Icecave\Siphon\DispatcherTest" file="/home/travis/build/IcecaveStudios/siphon/test/suite/DispatcherTest.php" line="167" assertions="3" time="0.152215"/>
      <testcase name="testLiveScoreRequest" class="Icecave\Siphon\DispatcherTest" file="/home/travis/build/IcecaveStudios/siphon/test/suite/DispatcherTest.php" line="176" assertions="3" time="0.155654"/>
      <testcase name="testBoxScoreRequest" class="Icecave\Siphon\DispatcherTest" file="/home/travis/build/IcecaveStudios/siphon/test/suite/DispatcherTest.php" line="185" assertions="3" time="0.162790"/>
    </testsuite>
    <testsuite name="Icecave\Siphon\Player\Image\ImageReaderTest" file="/home/travis/build/IcecaveStudios/siphon/test/suite/Player/Image/ImageReaderTest.php" tests="4" assertions="7" failures="0" errors="0" time="0.157636">
      <testcase name="testRead" class="Icecave\Siphon\Player\Image\ImageReaderTest" file="/home/travis/build/IcecaveStudios/siphon/test/suite/Player/Image/ImageReaderTest.php" line="65" assertions="2" time="0.098924"/>
      <testcase name="testReadEmpty" class="Icecave\Siphon\Player\Image\ImageReaderTest" file="/home/travis/build/IcecaveStudios/siphon/test/suite/Player/Image/ImageReaderTest.php" line="84" assertions="1" time="0.023993"/>
      <testcase name="testReadWithUnsupportedRequest" class="Icecave\Siphon\Player\Image\ImageReaderTest" file="/home/travis/build/IcecaveStudios/siphon/test/suite/Player/Image/ImageReaderTest.php" line="95" assertions="2" time="0.017431"/>
      <testcase name="testIsSupported" class="Icecave\Siphon\Player\Image\ImageReaderTest" file="/home/travis/build/IcecaveStudios/siphon/test/suite/Player/Image/ImageReaderTest.php" line="107" assertions="2" time="0.017288"/>
    </testsuite>
    <testsuite name="Icecave\Siphon\Player\Image\ImageRequestTest" file="/home/travis/build/IcecaveStudios/siphon/test/suite/Player/Image/ImageRequestTest.php" tests="7" assertions="11" failures="0" errors="0" time="0.075723">
      <testcase name="testSport" class="Icecave\Siphon\Player\Image\ImageRequestTest" file="/home/travis/build/IcecaveStudios/siphon/test/suite/Player/Image/ImageRequestTest.php" line="21" assertions="2" time="0.009285"/>
      <testcase name="testSeasonName" class="Icecave\Siphon\Player\Image\ImageRequestTest" file="/home/travis/build/IcecaveStudios/siphon/test/suite/Player/Image/ImageRequestTest.php" line="36" assertions="2" time="0.007465"/>
      <testcase name="testTeamId" class="Icecave\Siphon\Player\Image\ImageRequestTest" file="/home/travis/build/IcecaveStudios/siphon/test/suite/Player/Image/ImageRequestTest.php" line="51" assertions="2" time="0.007582"/>
      <testcase name="testTeamIdWithString" class="Icecave\Siphon\Player\Image\ImageRequestTest" file="/home/travis/build/IcecaveStudios/siphon/test/suite/Player/Image/ImageRequestTest.php" line="66" assertions="1" time="0.007307"/>
      <testcase name="testAccept" class="Icecave\Siphon\Player\Image\ImageRequestTest" file="/home/travis/build/IcecaveStudios/siphon/test/suite/Player/Image/ImageRequestTest.php" line="76" assertions="1" time="0.023340"/>
      <testcase name="testSerialize" class="Icecave\Siphon\Player\Image\ImageRequestTest" file="/home/travis/build/IcecaveStudios/siphon/test/suite/Player/Image/ImageRequestTest.php" line="85" assertions="2" time="0.013588"/>
      <testcase name="testToString" class="Icecave\Siphon\Player\Image\ImageRequestTest" file="/home/travis/build/IcecaveStudios/siphon/test/suite/Player/Image/ImageRequestTest.php" line="102" assertions="1" time="0.007156"/>
    </testsuite>
    <testsuite name="Icecave\Siphon\Player\Image\ImageResponseTest" file="/home/travis/build/IcecaveStudios/siphon/test/suite/Player/Image/ImageResponseTest.php" tests="12" assertions="18" failures="0" errors="0" time="1.222851">
      <testcase name="testSport" class="Icecave\Siphon\Player\Image\ImageResponseTest" file="/home/travis/build/IcecaveStudios/siphon/test/suite/Player/Image/ImageResponseTest.php" line="33" assertions="2" time="0.115870"/>
      <testcase name="testSeason" class="Icecave\Siphon\Player\Image\ImageResponseTest" file="/home/travis/build/IcecaveStudios/siphon/test/suite/Player/Image/ImageResponseTest.php" line="48" assertions="2" time="0.109365"/>
      <testcase name="testTeam" class="Icecave\Siphon\Player\Image\ImageResponseTest" file="/home/travis/build/IcecaveStudios/siphon/test/suite/Player/Image/ImageResponseTest.php" line="64" assertions="2" time="0.109644"/>
      <testcase name="testIsEmpty" class="Icecave\Siphon\Player\Image\ImageResponseTest" file="/home/travis/build/IcecaveStudios/siphon/test/suite/Player/Image/ImageResponseTest.php" line="80" assertions="2" time="0.095244"/>
      <testcase name="testCount" class="Icecave\Siphon\Player\Image\ImageResponseTest" file="/home/travis/build/IcecaveStudios/siphon/test/suite/Player/Image/ImageResponseTest.php" line="93" assertions="2" time="0.094753"/>
      <testcase name="testGetIterator" class="Icecave\Siphon\Player\Image\ImageResponseTest" file="/home/travis/build/IcecaveStudios/siphon/test/suite/Player/Image/ImageResponseTest.php" line="108" assertions="2" time="0.098469"/>
      <testcase name="testAdd" class="Icecave\Siphon\Player\Image\ImageResponseTest" file="/home/travis/build/IcecaveStudios/siphon/test/suite/Player/Image/ImageResponseTest.php" line="127" assertions="1" time="0.094676"/>
      <testcase name="testAddDoesNotDuplicate" class="Icecave\Siphon\Player\Image\ImageResponseTest" file="/home/travis/build/IcecaveStudios/siphon/test/suite/Player/Image/ImageResponseTest.php" line="139" assertions="1" time="0.098518"/>
      <testcase name="testRemove" class="Icecave\Siphon\Player\Image\ImageResponseTest" file="/home/travis/build/IcecaveStudios/siphon/test/suite/Player/Image/ImageResponseTest.php" line="152" assertions="1" time="0.098183"/>
      <testcase name="testRemoveUnknownPlayer" class="Icecave\Siphon\Player\Image\ImageResponseTest" file="/home/travis/build/IcecaveStudios/siphon/test/suite/Player/Image/ImageResponseTest.php" line="163" assertions="1" time="0.101961"/>
      <testcase name="testClear" class="Icecave\Siphon\Player\Image\ImageResponseTest" file="/home/travis/build/IcecaveStudios/siphon/test/suite/Player/Image/ImageResponseTest.php" line="175" assertions="1" time="0.099257"/>
      <testcase name="testAccept" class="Icecave\Siphon\Player\Image\ImageResponseTest" file="/home/travis/build/IcecaveStudios/siphon/test/suite/Player/Image/ImageResponseTest.php" line="187" assertions="1" time="0.106911"/>
    </testsuite>
    <testsuite name="Icecave\Siphon\Player\Injury\InjuryReaderTest" file="/home/travis/build/IcecaveStudios/siphon/test/suite/Player/Injury/InjuryReaderTest.php" tests="3" assertions="6" failures="0" errors="0" time="0.145135">
      <testcase name="testRead" class="Icecave\Siphon\Player\Injury\InjuryReaderTest" file="/home/travis/build/IcecaveStudios/siphon/test/suite/Player/Injury/InjuryReaderTest.php" line="54" assertions="2" time="0.108400"/>
      <testcase name="testReadWithUnsupportedRequest" class="Icecave\Siphon\Player\Injury\InjuryReaderTest" file="/home/travis/build/IcecaveStudios/siphon/test/suite/Player/Injury/InjuryReaderTest.php" line="73" assertions="2" time="0.018452"/>
      <testcase name="testIsSupported" class="Icecave\Siphon\Player\Injury\InjuryReaderTest" file="/home/travis/build/IcecaveStudios/siphon/test/suite/Player/Injury/InjuryReaderTest.php" line="85" assertions="2" time="0.018283"/>
    </testsuite>
    <testsuite name="Icecave\Siphon\Player\Injury\InjuryRequestTest" file="/home/travis/build/IcecaveStudios/siphon/test/suite/Player/Injury/InjuryRequestTest.php" tests="4" assertions="6" failures="0" errors="0" time="0.049985">
      <testcase name="testSport" class="Icecave\Siphon\Player\Injury\InjuryRequestTest" file="/home/travis/build/IcecaveStudios/siphon/test/suite/Player/Injury/InjuryRequestTest.php" line="19" assertions="2" time="0.009168"/>
      <testcase name="testAccept" class="Icecave\Siphon\Player\Injury\InjuryRequestTest" file="/home/travis/build/IcecaveStudios/siphon/test/suite/Player/Injury/InjuryRequestTest.php" line="34" assertions="1" time="0.023272"/>
      <testcase name="testSerialize" class="Icecave\Siphon\Player\Injury\InjuryRequestTest" file="/home/travis/build/IcecaveStudios/siphon/test/suite/Player/Injury/InjuryRequestTest.php" line="43" assertions="2" time="0.010586"/>
      <testcase name="testToString" class="Icecave\Siphon\Player\Injury\InjuryRequestTest" file="/home/travis/build/IcecaveStudios/siphon/test/suite/Player/Injury/InjuryRequestTest.php" line="60" assertions="1" time="0.006959"/>
    </testsuite>
    <testsuite name="Icecave\Siphon\Player\Injury\InjuryResponseTest" file="/home/travis/build/IcecaveStudios/siphon/test/suite/Player/Injury/InjuryResponseTest.php" tests="10" assertions="14" failures="0" errors="0" time="1.013298">
      <testcase name="testSport" class="Icecave\Siphon\Player\Injury\InjuryResponseTest" file="/home/travis/build/IcecaveStudios/siphon/test/suite/Player/Injury/InjuryResponseTest.php" line="29" assertions="2" time="0.103993"/>
      <testcase name="testIsEmpty" class="Icecave\Siphon\Player\Injury\InjuryResponseTest" file="/home/travis/build/IcecaveStudios/siphon/test/suite/Player/Injury/InjuryResponseTest.php" line="44" assertions="2" time="0.097520"/>
      <testcase name="testCount" class="Icecave\Siphon\Player\Injury\InjuryResponseTest" file="/home/travis/build/IcecaveStudios/siphon/test/suite/Player/Injury/InjuryResponseTest.php" line="57" assertions="2" time="0.097302"/>
      <testcase name="testGetIterator" class="Icecave\Siphon\Player\Injury\InjuryResponseTest" file="/home/travis/build/IcecaveStudios/siphon/test/suite/Player/Injury/InjuryResponseTest.php" line="72" assertions="2" time="0.101307"/>
      <testcase name="testAdd" class="Icecave\Siphon\Player\Injury\InjuryResponseTest" file="/home/travis/build/IcecaveStudios/siphon/test/suite/Player/Injury/InjuryResponseTest.php" line="91" assertions="1" time="0.097112"/>
      <testcase name="testAddDoesNotDuplicate" class="Icecave\Siphon\Player\Injury\InjuryResponseTest" file="/home/travis/build/IcecaveStudios/siphon/test/suite/Player/Injury/InjuryResponseTest.php" line="103" assertions="1" time="0.101057"/>
      <testcase name="testRemove" class="Icecave\Siphon\Player\Injury\InjuryResponseTest" file="/home/travis/build/IcecaveStudios/siphon/test/suite/Player/Injury/InjuryResponseTest.php" line="116" assertions="1" time="0.100893"/>
      <testcase name="testRemoveUnknownPlayer" class="Icecave\Siphon\Player\Injury\InjuryResponseTest" file="/home/travis/build/IcecaveStudios/siphon/test/suite/Player/Injury/InjuryResponseTest.php" line="127" assertions="1" time="0.104020"/>
      <testcase name="testClear" class="Icecave\Siphon\Player\Injury\InjuryResponseTest" file="/home/travis/build/IcecaveStudios/siphon/test/suite/Player/Injury/InjuryResponseTest.php" line="139" assertions="1" time="0.100734"/>
      <testcase name="testAccept" class="Icecave\Siphon\Player\Injury\InjuryResponseTest" file="/home/travis/build/IcecaveStudios/siphon/test/suite/Player/Injury/InjuryResponseTest.php" line="151" assertions="1" time="0.109360"/>
    </testsuite>
    <testsuite name="Icecave\Siphon\Player\Injury\InjuryTest" file="/home/travis/build/IcecaveStudios/siphon/test/suite/Player/Injury/InjuryTest.php" tests="7" assertions="7" failures="0" errors="0" time="0.082383">
      <testcase name="testId" class="Icecave\Siphon\Player\Injury\InjuryTest" file="/home/travis/build/IcecaveStudios/siphon/test/suite/Player/Injury/InjuryTest.php" line="24" assertions="1" time="0.007914"/>
      <testcase name="testLocation" class="Icecave\Siphon\Player\Injury\InjuryTest" file="/home/travis/build/IcecaveStudios/siphon/test/suite/Player/Injury/InjuryTest.php" line="32" assertions="1" time="0.007809"/>
      <testcase name="testStatus" class="Icecave\Siphon\Player\Injury\InjuryTest" file="/home/travis/build/IcecaveStudios/siphon/test/suite/Player/Injury/InjuryTest.php" line="40" assertions="1" time="0.008265"/>
      <testcase name="testStatusInformation" class="Icecave\Siphon\Player\Injury\InjuryTest" file="/home/travis/build/IcecaveStudios/siphon/test/suite/Player/Injury/InjuryTest.php" line="48" assertions="1" time="0.007875"/>
      <testcase name="testStatusNote" class="Icecave\Siphon\Player\Injury\InjuryTest" file="/home/travis/build/IcecaveStudios/siphon/test/suite/Player/Injury/InjuryTest.php" line="56" assertions="1" time="0.007847"/>
      <testcase name="testStartDate" class="Icecave\Siphon\Player\Injury\InjuryTest" file="/home/travis/build/IcecaveStudios/siphon/test/suite/Player/Injury/InjuryTest.php" line="64" assertions="1" time="0.019063"/>
      <testcase name="testUpdatedTime" class="Icecave\Siphon\Player\Injury\InjuryTest" file="/home/travis/build/IcecaveStudios/siphon/test/suite/Player/Injury/InjuryTest.php" line="72" assertions="1" time="0.023610"/>
    </testsuite>
    <testsuite name="Icecave\Siphon\Player\PlayerReaderTest" file="/home/travis/build/IcecaveStudios/siphon/test/suite/Player/PlayerReaderTest.php" tests="4" assertions="7" failures="0" errors="0" time="0.944785">
      <testcase name="testRead" class="Icecave\Siphon\Player\PlayerReaderTest" file="/home/travis/build/IcecaveStudios/siphon/test/suite/Player/PlayerReaderTest.php" line="103" assertions="2" time="0.852058"/>
      <testcase name="testReadEmpty" class="Icecave\Siphon\Player\PlayerReaderTest" file="/home/travis/build/IcecaveStudios/siphon/test/suite/Player/PlayerReaderTest.php" line="122" assertions="1" time="0.034653"/>
      <testcase name="testReadWithUnsupportedRequest" class="Icecave\Siphon\Player\PlayerReaderTest" file="/home/travis/build/IcecaveStudios/siphon/test/suite/Player/PlayerReaderTest.php" line="133" assertions="2" time="0.029191"/>
      <testcase name="testIsSupported" class="Icecave\Siphon\Player\PlayerReaderTest" file="/home/travis/build/IcecaveStudios/siphon/test/suite/Player/PlayerReaderTest.php" line="145" assertions="2" time="0.028883"/>
    </testsuite>
    <testsuite name="Icecave\Siphon\Player\PlayerRequestTest" file="/home/travis/build/IcecaveStudios/siphon/test/suite/Player/PlayerRequestTest.php" tests="7" assertions="11" failures="0" errors="0" time="0.076842">
      <testcase name="testSport" class="Icecave\Siphon\Player\PlayerRequestTest" file="/home/travis/build/IcecaveStudios/siphon/test/suite/Player/PlayerRequestTest.php" line="21" assertions="2" time="0.009437"/>
      <testcase name="testSeasonName" class="Icecave\Siphon\Player\PlayerRequestTest" file="/home/travis/build/IcecaveStudios/siphon/test/suite/Player/PlayerRequestTest.php" line="36" assertions="2" time="0.007584"/>
      <testcase name="testTeamId" class="Icecave\Siphon\Player\PlayerRequestTest" file="/home/travis/build/IcecaveStudios/siphon/test/suite/Player/PlayerRequestTest.php" line="51" assertions="2" time="0.007623"/>
      <testcase name="testTeamIdWithString" class="Icecave\Siphon\Player\PlayerRequestTest" file="/home/travis/build/IcecaveStudios/siphon/test/suite/Player/PlayerRequestTest.php" line="66" assertions="1" time="0.007370"/>
      <testcase name="testAccept" class="Icecave\Siphon\Player\PlayerRequestTest" file="/home/travis/build/IcecaveStudios/siphon/test/suite/Player/PlayerRequestTest.php" line="76" assertions="1" time="0.023657"/>
      <testcase name="testSerialize" class="Icecave\Siphon\Player\PlayerRequestTest" file="/home/travis/build/IcecaveStudios/siphon/test/suite/Player/PlayerRequestTest.php" line="85" assertions="2" time="0.013919"/>
      <testcase name="testToString" class="Icecave\Siphon\Player\PlayerRequestTest" file="/home/travis/build/IcecaveStudios/siphon/test/suite/Player/PlayerRequestTest.php" line="102" assertions="1" time="0.007252"/>
    </testsuite>
    <testsuite name="Icecave\Siphon\Player\PlayerResponseTest" file="/home/travis/build/IcecaveStudios/siphon/test/suite/Player/PlayerResponseTest.php" tests="12" assertions="18" failures="0" errors="0" time="1.690884">
      <testcase name="testSport" class="Icecave\Siphon\Player\PlayerResponseTest" file="/home/travis/build/IcecaveStudios/siphon/test/suite/Player/PlayerResponseTest.php" line="35" assertions="2" time="0.139845"/>
      <testcase name="testSeason" class="Icecave\Siphon\Player\PlayerResponseTest" file="/home/travis/build/IcecaveStudios/siphon/test/suite/Player/PlayerResponseTest.php" line="50" assertions="2" time="0.149263"/>
      <testcase name="testTeam" class="Icecave\Siphon\Player\PlayerResponseTest" file="/home/travis/build/IcecaveStudios/siphon/test/suite/Player/PlayerResponseTest.php" line="66" assertions="2" time="0.150130"/>
      <testcase name="testIsEmpty" class="Icecave\Siphon\Player\PlayerResponseTest" file="/home/travis/build/IcecaveStudios/siphon/test/suite/Player/PlayerResponseTest.php" line="82" assertions="2" time="0.138472"/>
      <testcase name="testCount" class="Icecave\Siphon\Player\PlayerResponseTest" file="/home/travis/build/IcecaveStudios/siphon/test/suite/Player/PlayerResponseTest.php" line="95" assertions="2" time="0.135447"/>
      <testcase name="testGetIterator" class="Icecave\Siphon\Player\PlayerResponseTest" file="/home/travis/build/IcecaveStudios/siphon/test/suite/Player/PlayerResponseTest.php" line="110" assertions="2" time="0.139068"/>
      <testcase name="testAdd" class="Icecave\Siphon\Player\PlayerResponseTest" file="/home/travis/build/IcecaveStudios/siphon/test/suite/Player/PlayerResponseTest.php" line="129" assertions="1" time="0.134751"/>
      <testcase name="testAddDoesNotDuplicate" class="Icecave\Siphon\Player\PlayerResponseTest" file="/home/travis/build/IcecaveStudios/siphon/test/suite/Player/PlayerResponseTest.php" line="141" assertions="1" time="0.138256"/>
      <testcase name="testRemove" class="Icecave\Siphon\Player\PlayerResponseTest" file="/home/travis/build/IcecaveStudios/siphon/test/suite/Player/PlayerResponseTest.php" line="154" assertions="1" time="0.138391"/>
      <testcase name="testRemoveUnknownPlayer" class="Icecave\Siphon\Player\PlayerResponseTest" file="/home/travis/build/IcecaveStudios/siphon/test/suite/Player/PlayerResponseTest.php" line="165" assertions="1" time="0.141819"/>
      <testcase name="testClear" class="Icecave\Siphon\Player\PlayerResponseTest" file="/home/travis/build/IcecaveStudios/siphon/test/suite/Player/PlayerResponseTest.php" line="177" assertions="1" time="0.138571"/>
      <testcase name="testAccept" class="Icecave\Siphon\Player\PlayerResponseTest" file="/home/travis/build/IcecaveStudios/siphon/test/suite/Player/PlayerResponseTest.php" line="189" assertions="1" time="0.146871"/>
    </testsuite>
    <testsuite name="Icecave\Siphon\Player\PlayerSeasonDetailsTest" file="/home/travis/build/IcecaveStudios/siphon/test/suite/Player/PlayerSeasonDetailsTest.php" tests="4" assertions="4" failures="0" errors="0" time="0.025693">
      <testcase name="testNumber" class="Icecave\Siphon\Player\PlayerSeasonDetailsTest" file="/home/travis/build/IcecaveStudios/siphon/test/suite/Player/PlayerSeasonDetailsTest.php" line="19" assertions="1" time="0.006378"/>
      <testcase name="testPosition" class="Icecave\Siphon\Player\PlayerSeasonDetailsTest" file="/home/travis/build/IcecaveStudios/siphon/test/suite/Player/PlayerSeasonDetailsTest.php" line="27" assertions="1" time="0.006393"/>
      <testcase name="testPositionName" class="Icecave\Siphon\Player\PlayerSeasonDetailsTest" file="/home/travis/build/IcecaveStudios/siphon/test/suite/Player/PlayerSeasonDetailsTest.php" line="35" assertions="1" time="0.006358"/>
      <testcase name="testIsActive" class="Icecave\Siphon\Player\PlayerSeasonDetailsTest" file="/home/travis/build/IcecaveStudios/siphon/test/suite/Player/PlayerSeasonDetailsTest.php" line="43" assertions="1" time="0.006564"/>
    </testsuite>
    <testsuite name="Icecave\Siphon\Player\PlayerTest" file="/home/travis/build/IcecaveStudios/siphon/test/suite/Player/PlayerTest.php" tests="5" assertions="5" failures="0" errors="0" time="0.032516">
      <testcase name="testId" class="Icecave\Siphon\Player\PlayerTest" file="/home/travis/build/IcecaveStudios/siphon/test/suite/Player/PlayerTest.php" line="18" assertions="1" time="0.006504"/>
      <testcase name="testFirstName" class="Icecave\Siphon\Player\PlayerTest" file="/home/travis/build/IcecaveStudios/siphon/test/suite/Player/PlayerTest.php" line="26" assertions="1" time="0.006463"/>
      <testcase name="testLastName" class="Icecave\Siphon\Player\PlayerTest" file="/home/travis/build/IcecaveStudios/siphon/test/suite/Player/PlayerTest.php" line="34" assertions="1" time="0.006426"/>
      <testcase name="testDisplayName" class="Icecave\Siphon\Player\PlayerTest" file="/home/travis/build/IcecaveStudios/siphon/test/suite/Player/PlayerTest.php" line="42" assertions="1" time="0.006552"/>
      <testcase name="testDisplayNameWithEmptyLastName" class="Icecave\Siphon\Player\PlayerTest" file="/home/travis/build/IcecaveStudios/siphon/test/suite/Player/PlayerTest.php" line="50" assertions="1" time="0.006571"/>
    </testsuite>
    <testsuite name="Icecave\Siphon\Player\Statistics\PlayerStatisticsReaderTest" file="/home/travis/build/IcecaveStudios/siphon/test/suite/Player/Statistics/PlayerStatisticsReaderTest.php" tests="5" assertions="9" failures="0" errors="0" time="0.299530">
      <testcase name="testRead" class="Icecave\Siphon\Player\Statistics\PlayerStatisticsReaderTest" file="/home/travis/build/IcecaveStudios/siphon/test/suite/Player/Statistics/PlayerStatisticsReaderTest.php" line="51" assertions="2" time="0.139067"/>
      <testcase name="testReadSplitStats" class="Icecave\Siphon\Player\Statistics\PlayerStatisticsReaderTest" file="/home/travis/build/IcecaveStudios/siphon/test/suite/Player/Statistics/PlayerStatisticsReaderTest.php" line="134" assertions="2" time="0.102534"/>
      <testcase name="testReadEmpty" class="Icecave\Siphon\Player\Statistics\PlayerStatisticsReaderTest" file="/home/travis/build/IcecaveStudios/siphon/test/suite/Player/Statistics/PlayerStatisticsReaderTest.php" line="189" assertions="1" time="0.023379"/>
      <testcase name="testReadWithUnsupportedRequest" class="Icecave\Siphon\Player\Statistics\PlayerStatisticsReaderTest" file="/home/travis/build/IcecaveStudios/siphon/test/suite/Player/Statistics/PlayerStatisticsReaderTest.php" line="200" assertions="2" time="0.017340"/>
      <testcase name="testIsSupported" class="Icecave\Siphon\Player\Statistics\PlayerStatisticsReaderTest" file="/home/travis/build/IcecaveStudios/siphon/test/suite/Player/Statistics/PlayerStatisticsReaderTest.php" line="212" assertions="2" time="0.017210"/>
    </testsuite>
    <testsuite name="Icecave\Siphon\Player\Statistics\PlayerStatisticsRequestTest" file="/home/travis/build/IcecaveStudios/siphon/test/suite/Player/Statistics/PlayerStatisticsRequestTest.php" tests="8" assertions="14" failures="0" errors="0" time="0.093778">
      <testcase name="testSport" class="Icecave\Siphon\Player\Statistics\PlayerStatisticsRequestTest" file="/home/travis/build/IcecaveStudios/siphon/test/suite/Player/Statistics/PlayerStatisticsRequestTest.php" line="22" assertions="2" time="0.010146"/>
      <testcase name="testSeasonName" class="Icecave\Siphon\Player\Statistics\PlayerStatisticsRequestTest" file="/home/travis/build/IcecaveStudios/siphon/test/suite/Player/Statistics/PlayerStatisticsRequestTest.php" line="37" assertions="2" time="0.008365"/>
      <testcase name="testTeamId" class="Icecave\Siphon\Player\Statistics\PlayerStatisticsRequestTest" file="/home/travis/build/IcecaveStudios/siphon/test/suite/Player/Statistics/PlayerStatisticsRequestTest.php" line="52" assertions="2" time="0.008316"/>
      <testcase name="testTeamIdWithString" class="Icecave\Siphon\Player\Statistics\PlayerStatisticsRequestTest" file="/home/travis/build/IcecaveStudios/siphon/test/suite/Player/Statistics/PlayerStatisticsRequestTest.php" line="67" assertions="1" time="0.007931"/>
      <testcase name="testType" class="Icecave\Siphon\Player\Statistics\PlayerStatisticsRequestTest" file="/home/travis/build/IcecaveStudios/siphon/test/suite/Player/Statistics/PlayerStatisticsRequestTest.php" line="77" assertions="2" time="0.009833"/>
      <testcase name="testAccept" class="Icecave\Siphon\Player\Statistics\PlayerStatisticsRequestTest" file="/home/travis/build/IcecaveStudios/siphon/test/suite/Player/Statistics/PlayerStatisticsRequestTest.php" line="92" assertions="1" time="0.024297"/>
      <testcase name="testSerialize" class="Icecave\Siphon\Player\Statistics\PlayerStatisticsRequestTest" file="/home/travis/build/IcecaveStudios/siphon/test/suite/Player/Statistics/PlayerStatisticsRequestTest.php" line="101" assertions="2" time="0.015899"/>
      <testcase name="testToString" class="Icecave\Siphon\Player\Statistics\PlayerStatisticsRequestTest" file="/home/travis/build/IcecaveStudios/siphon/test/suite/Player/Statistics/PlayerStatisticsRequestTest.php" line="118" assertions="2" time="0.008991"/>
    </testsuite>
    <testsuite name="Icecave\Siphon\Player\Statistics\PlayerStatisticsResponseTest" file="/home/travis/build/IcecaveStudios/siphon/test/suite/Player/Statistics/PlayerStatisticsResponseTest.php" tests="13" assertions="20" failures="0" errors="0" time="1.843820">
      <testcase name="testSport" class="Icecave\Siphon\Player\Statistics\PlayerStatisticsResponseTest" file="/home/travis/build/IcecaveStudios/siphon/test/suite/Player/Statistics/PlayerStatisticsResponseTest.php" line="39" assertions="2" time="0.140968"/>
      <testcase name="testSeason" class="Icecave\Siphon\Player\Statistics\PlayerStatisticsResponseTest" file="/home/travis/build/IcecaveStudios/siphon/test/suite/Player/Statistics/PlayerStatisticsResponseTest.php" line="54" assertions="2" time="0.150937"/>
      <testcase name="testTeam" class="Icecave\Siphon\Player\Statistics\PlayerStatisticsResponseTest" file="/home/travis/build/IcecaveStudios/siphon/test/suite/Player/Statistics/PlayerStatisticsResponseTest.php" line="70" assertions="2" time="0.151067"/>
      <testcase name="testType" class="Icecave\Siphon\Player\Statistics\PlayerStatisticsResponseTest" file="/home/travis/build/IcecaveStudios/siphon/test/suite/Player/Statistics/PlayerStatisticsResponseTest.php" line="86" assertions="2" time="0.134902"/>
      <testcase name="testIsEmpty" class="Icecave\Siphon\Player\Statistics\PlayerStatisticsResponseTest" file="/home/travis/build/IcecaveStudios/siphon/test/suite/Player/Statistics/PlayerStatisticsResponseTest.php" line="101" assertions="2" time="0.136796"/>
      <testcase name="testCount" class="Icecave\Siphon\Player\Statistics\PlayerStatisticsResponseTest" file="/home/travis/build/IcecaveStudios/siphon/test/suite/Player/Statistics/PlayerStatisticsResponseTest.php" line="114" assertions="2" time="0.136445"/>
      <testcase name="testGetIterator" class="Icecave\Siphon\Player\Statistics\PlayerStatisticsResponseTest" file="/home/travis/build/IcecaveStudios/siphon/test/suite/Player/Statistics/PlayerStatisticsResponseTest.php" line="129" assertions="2" time="0.141101"/>
      <testcase name="testAdd" class="Icecave\Siphon\Player\Statistics\PlayerStatisticsResponseTest" file="/home/travis/build/IcecaveStudios/siphon/test/suite/Player/Statistics/PlayerStatisticsResponseTest.php" line="148" assertions="1" time="0.136717"/>
      <testcase name="testAddDoesNotDuplicate" class="Icecave\Siphon\Player\Statistics\PlayerStatisticsResponseTest" file="/home/travis/build/IcecaveStudios/siphon/test/suite/Player/Statistics/PlayerStatisticsResponseTest.php" line="160" assertions="1" time="0.140564"/>
      <testcase name="testRemove" class="Icecave\Siphon\Player\Statistics\PlayerStatisticsResponseTest" file="/home/travis/build/IcecaveStudios/siphon/test/suite/Player/Statistics/PlayerStatisticsResponseTest.php" line="173" assertions="1" time="0.140931"/>
      <testcase name="testRemoveUnknownPlayer" class="Icecave\Siphon\Player\Statistics\PlayerStatisticsResponseTest" file="/home/travis/build/IcecaveStudios/siphon/test/suite/Player/Statistics/PlayerStatisticsResponseTest.php" line="184" assertions="1" time="0.144210"/>
      <testcase name="testClear" class="Icecave\Siphon\Player\Statistics\PlayerStatisticsResponseTest" file="/home/travis/build/IcecaveStudios/siphon/test/suite/Player/Statistics/PlayerStatisticsResponseTest.php" line="196" assertions="1" time="0.140286"/>
      <testcase name="testAccept" class="Icecave\Siphon\Player\Statistics\PlayerStatisticsResponseTest" file="/home/travis/build/IcecaveStudios/siphon/test/suite/Player/Statistics/PlayerStatisticsResponseTest.php" line="208" assertions="1" time="0.148896"/>
    </testsuite>
    <testsuite name="Icecave\Siphon\Reader\RequestFactoryTest" file="/home/travis/build/IcecaveStudios/siphon/test/suite/Reader/RequestFactoryTest.php" tests="19" assertions="20" failures="0" errors="0" time="0.309517">
      <testsuite name="Icecave\Siphon\Reader\RequestFactoryTest::testCreate" tests="18" assertions="18" failures="0" errors="0" time="0.301860">
        <testcase name="testCreate with data set &quot;atom&quot;" assertions="1" time="0.030477"/>
        <testcase name="testCreate with data set &quot;atom with feed&quot;" assertions="1" time="0.028642"/>
        <testcase name="testCreate with data set &quot;atom with limit&quot;" assertions="1" time="0.028460"/>
        <testcase name="testCreate with data set &quot;atom with asc order&quot;" assertions="1" time="0.028410"/>
        <testcase name="testCreate with data set &quot;atom with desc order&quot;" assertions="1" time="0.028401"/>
        <testcase name="testCreate with data set &quot;schedule&quot;" assertions="1" time="0.010817"/>
        <testcase name="testCreate with data set &quot;schedule with limit&quot;" assertions="1" time="0.010879"/>
        <testcase name="testCreate with data set &quot;schedule with deleted competitions&quot;" assertions="1" time="0.011235"/>
        <testcase name="testCreate with data set &quot;team&quot;" assertions="1" time="0.010778"/>
        <testcase name="testCreate with data set &quot;team statistics (combined)&quot;" assertions="1" time="0.012742"/>
        <testcase name="testCreate with data set &quot;team statistics (split)&quot;" assertions="1" time="0.012905"/>
        <testcase name="testCreate with data set &quot;player&quot;" assertions="1" time="0.012785"/>
        <testcase name="testCreate with data set &quot;player statistics (combined)&quot;" assertions="1" time="0.014251"/>
        <testcase name="testCreate with data set &quot;player statistics (split)&quot;" assertions="1" time="0.014380"/>
        <testcase name="testCreate with data set &quot;player images&quot;" assertions="1" time="0.012741"/>
        <testcase name="testCreate with data set &quot;player injuries&quot;" assertions="1" time="0.009636"/>
        <testcase name="testCreate with data set &quot;live scores&quot;" assertions="1" time="0.011366"/>
        <testcase name="testCreate with data set &quot;box scores&quot;" assertions="1" time="0.012955"/>
      </testsuite>
      <testcase name="testCreateWithUnsupportedUrl" class="Icecave\Siphon\Reader\RequestFactoryTest" file="/home/travis/build/IcecaveStudios/siphon/test/suite/Reader/RequestFactoryTest.php" line="39" assertions="2" time="0.007657"/>
    </testsuite>
    <testsuite name="Icecave\Siphon\Reader\UrlBuilderTest" file="/home/travis/build/IcecaveStudios/siphon/test/suite/Reader/UrlBuilderTest.php" tests="7" assertions="9" failures="0" errors="0" time="0.047699">
      <testcase name="testBuild" class="Icecave\Siphon\Reader\UrlBuilderTest" file="/home/travis/build/IcecaveStudios/siphon/test/suite/Reader/UrlBuilderTest.php" line="15" assertions="1" time="0.006475"/>
      <testcase name="testBuildWithParameters" class="Icecave\Siphon\Reader\UrlBuilderTest" file="/home/travis/build/IcecaveStudios/siphon/test/suite/Reader/UrlBuilderTest.php" line="25" assertions="1" time="0.007804"/>
      <testcase name="testBuildWithInvalidResource" class="Icecave\Siphon\Reader\UrlBuilderTest" file="/home/travis/build/IcecaveStudios/siphon/test/suite/Reader/UrlBuilderTest.php" line="40" assertions="2" time="0.007134"/>
      <testcase name="testExtract" class="Icecave\Siphon\Reader\UrlBuilderTest" file="/home/travis/build/IcecaveStudios/siphon/test/suite/Reader/UrlBuilderTest.php" line="50" assertions="1" time="0.006463"/>
      <testcase name="testExtractWithNoPath" class="Icecave\Siphon\Reader\UrlBuilderTest" file="/home/travis/build/IcecaveStudios/siphon/test/suite/Reader/UrlBuilderTest.php" line="63" assertions="1" time="0.006441"/>
      <testcase name="testExtractWithParameters" class="Icecave\Siphon\Reader\UrlBuilderTest" file="/home/travis/build/IcecaveStudios/siphon/test/suite/Reader/UrlBuilderTest.php" line="76" assertions="1" time="0.006414"/>
      <testcase name="testExtractWithUnrecognizedUrl" class="Icecave\Siphon\Reader\UrlBuilderTest" file="/home/travis/build/IcecaveStudios/siphon/test/suite/Reader/UrlBuilderTest.php" line="89" assertions="2" time="0.006968"/>
    </testsuite>
    <testsuite name="Icecave\Siphon\Reader\XmlReaderTest" file="/home/travis/build/IcecaveStudios/siphon/test/suite/Reader/XmlReaderTest.php" tests="5" assertions="11" failures="0" errors="0" time="0.528733">
      <testcase name="testRead" class="Icecave\Siphon\Reader\XmlReaderTest" file="/home/travis/build/IcecaveStudios/siphon/test/suite/Reader/XmlReaderTest.php" line="45" assertions="3" time="0.125437"/>
      <testcase name="testReadWithHttpClientException" class="Icecave\Siphon\Reader\XmlReaderTest" file="/home/travis/build/IcecaveStudios/siphon/test/suite/Reader/XmlReaderTest.php" line="71" assertions="2" time="0.110966"/>
      <testcase name="testReadWithNotFoundException" class="Icecave\Siphon\Reader\XmlReaderTest" file="/home/travis/build/IcecaveStudios/siphon/test/suite/Reader/XmlReaderTest.php" line="90" assertions="2" time="0.132954"/>
      <testcase name="testReadWithGenericException" class="Icecave\Siphon\Reader\XmlReaderTest" file="/home/travis/build/IcecaveStudios/siphon/test/suite/Reader/XmlReaderTest.php" line="118" assertions="2" time="0.077174"/>
      <testcase name="testXmlParseErrorWithServiceUnavailableException" class="Icecave\Siphon\Reader\XmlReaderTest" file="/home/travis/build/IcecaveStudios/siphon/test/suite/Reader/XmlReaderTest.php" line="137" assertions="2" time="0.082202"/>
    </testsuite>
    <testsuite name="Icecave\Siphon\Schedule\CompetitionRefTest" file="/home/travis/build/IcecaveStudios/siphon/test/suite/Schedule/CompetitionRefTest.php" tests="6" assertions="6" failures="0" errors="0" time="0.575329">
      <testcase name="testId" class="Icecave\Siphon\Schedule\CompetitionRefTest" file="/home/travis/build/IcecaveStudios/siphon/test/suite/Schedule/CompetitionRefTest.php" line="36" assertions="1" time="0.099525"/>
      <testcase name="testStatus" class="Icecave\Siphon\Schedule\CompetitionRefTest" file="/home/travis/build/IcecaveStudios/siphon/test/suite/Schedule/CompetitionRefTest.php" line="44" assertions="1" time="0.095374"/>
      <testcase name="testStartTime" class="Icecave\Siphon\Schedule\CompetitionRefTest" file="/home/travis/build/IcecaveStudios/siphon/test/suite/Schedule/CompetitionRefTest.php" line="52" assertions="1" time="0.094993"/>
      <testcase name="testSport" class="Icecave\Siphon\Schedule\CompetitionRefTest" file="/home/travis/build/IcecaveStudios/siphon/test/suite/Schedule/CompetitionRefTest.php" line="60" assertions="1" time="0.095425"/>
      <testcase name="testHomeTeam" class="Icecave\Siphon\Schedule\CompetitionRefTest" file="/home/travis/build/IcecaveStudios/siphon/test/suite/Schedule/CompetitionRefTest.php" line="68" assertions="1" time="0.094853"/>
      <testcase name="testAwayTeam" class="Icecave\Siphon\Schedule\CompetitionRefTest" file="/home/travis/build/IcecaveStudios/siphon/test/suite/Schedule/CompetitionRefTest.php" line="76" assertions="1" time="0.095159"/>
    </testsuite>
    <testsuite name="Icecave\Siphon\Schedule\CompetitionTest" file="/home/travis/build/IcecaveStudios/siphon/test/suite/Schedule/CompetitionTest.php" tests="10" assertions="10" failures="0" errors="0" time="1.164869">
      <testcase name="testId" class="Icecave\Siphon\Schedule\CompetitionTest" file="/home/travis/build/IcecaveStudios/siphon/test/suite/Schedule/CompetitionTest.php" line="38" assertions="1" time="0.114267"/>
      <testcase name="testStatus" class="Icecave\Siphon\Schedule\CompetitionTest" file="/home/travis/build/IcecaveStudios/siphon/test/suite/Schedule/CompetitionTest.php" line="46" assertions="1" time="0.114346"/>
      <testcase name="testStartTime" class="Icecave\Siphon\Schedule\CompetitionTest" file="/home/travis/build/IcecaveStudios/siphon/test/suite/Schedule/CompetitionTest.php" line="54" assertions="1" time="0.114225"/>
      <testcase name="testSeason" class="Icecave\Siphon\Schedule\CompetitionTest" file="/home/travis/build/IcecaveStudios/siphon/test/suite/Schedule/CompetitionTest.php" line="62" assertions="1" time="0.113853"/>
      <testcase name="testSport" class="Icecave\Siphon\Schedule\CompetitionTest" file="/home/travis/build/IcecaveStudios/siphon/test/suite/Schedule/CompetitionTest.php" line="70" assertions="1" time="0.113945"/>
      <testcase name="testHomeTeam" class="Icecave\Siphon\Schedule\CompetitionTest" file="/home/travis/build/IcecaveStudios/siphon/test/suite/Schedule/CompetitionTest.php" line="78" assertions="1" time="0.113900"/>
      <testcase name="testAwayTeam" class="Icecave\Siphon\Schedule\CompetitionTest" file="/home/travis/build/IcecaveStudios/siphon/test/suite/Schedule/CompetitionTest.php" line="86" assertions="1" time="0.113817"/>
      <testcase name="testAddNotablePlayer" class="Icecave\Siphon\Schedule\CompetitionTest" file="/home/travis/build/IcecaveStudios/siphon/test/suite/Schedule/CompetitionTest.php" line="94" assertions="1" time="0.122372"/>
      <testcase name="testRemoveNotablePlayer" class="Icecave\Siphon\Schedule\CompetitionTest" file="/home/travis/build/IcecaveStudios/siphon/test/suite/Schedule/CompetitionTest.php" line="108" assertions="1" time="0.125733"/>
      <testcase name="testRemoveNotablePlayerWithUnknownPlayer" class="Icecave\Siphon\Schedule\CompetitionTest" file="/home/travis/build/IcecaveStudios/siphon/test/suite/Schedule/CompetitionTest.php" line="123" assertions="1" time="0.118411"/>
    </testsuite>
    <testsuite name="Icecave\Siphon\Schedule\ScheduleReaderTest" file="/home/travis/build/IcecaveStudios/siphon/test/suite/Schedule/ScheduleReaderTest.php" tests="6" assertions="12" failures="0" errors="0" time="0.719950">
      <testcase name="testReadFullSchedule" class="Icecave\Siphon\Schedule\ScheduleReaderTest" file="/home/travis/build/IcecaveStudios/siphon/test/suite/Schedule/ScheduleReaderTest.php" line="118" assertions="2" time="0.205422"/>
      <testcase name="testReadLimitedSchedule" class="Icecave\Siphon\Schedule\ScheduleReaderTest" file="/home/travis/build/IcecaveStudios/siphon/test/suite/Schedule/ScheduleReaderTest.php" line="137" assertions="2" time="0.208896"/>
      <testcase name="testReadDeletedSchedule" class="Icecave\Siphon\Schedule\ScheduleReaderTest" file="/home/travis/build/IcecaveStudios/siphon/test/suite/Schedule/ScheduleReaderTest.php" line="159" assertions="2" time="0.209766"/>
      <testcase name="testReadWithUnsupportedRequest" class="Icecave\Siphon\Schedule\ScheduleReaderTest" file="/home/travis/build/IcecaveStudios/siphon/test/suite/Schedule/ScheduleReaderTest.php" line="181" assertions="2" time="0.026647"/>
      <testcase name="testReadNotFound" class="Icecave\Siphon\Schedule\ScheduleReaderTest" file="/home/travis/build/IcecaveStudios/siphon/test/suite/Schedule/ScheduleReaderTest.php" line="193" assertions="2" time="0.042519"/>
      <testcase name="testIsSupported" class="Icecave\Siphon\Schedule\ScheduleReaderTest" file="/home/travis/build/IcecaveStudios/siphon/test/suite/Schedule/ScheduleReaderTest.php" line="214" assertions="2" time="0.026700"/>
    </testsuite>
    <testsuite name="Icecave\Siphon\Schedule\ScheduleRequestTest" file="/home/travis/build/IcecaveStudios/siphon/test/suite/Schedule/ScheduleRequestTest.php" tests="5" assertions="11" failures="0" errors="0" time="0.073143">
      <testcase name="testSport" class="Icecave\Siphon\Schedule\ScheduleRequestTest" file="/home/travis/build/IcecaveStudios/siphon/test/suite/Schedule/ScheduleRequestTest.php" line="19" assertions="2" time="0.009979"/>
      <testcase name="testType" class="Icecave\Siphon\Schedule\ScheduleRequestTest" file="/home/travis/build/IcecaveStudios/siphon/test/suite/Schedule/ScheduleRequestTest.php" line="34" assertions="2" time="0.010633"/>
      <testcase name="testAccept" class="Icecave\Siphon\Schedule\ScheduleRequestTest" file="/home/travis/build/IcecaveStudios/siphon/test/suite/Schedule/ScheduleRequestTest.php" line="49" assertions="1" time="0.024843"/>
      <testcase name="testSerialize" class="Icecave\Siphon\Schedule\ScheduleRequestTest" file="/home/travis/build/IcecaveStudios/siphon/test/suite/Schedule/ScheduleRequestTest.php" line="58" assertions="3" time="0.013910"/>
      <testcase name="testToString" class="Icecave\Siphon\Schedule\ScheduleRequestTest" file="/home/travis/build/IcecaveStudios/siphon/test/suite/Schedule/ScheduleRequestTest.php" line="80" assertions="3" time="0.013778"/>
    </testsuite>
    <testsuite name="Icecave\Siphon\Schedule\ScheduleResponseTest" file="/home/travis/build/IcecaveStudios/siphon/test/suite/Schedule/ScheduleResponseTest.php" tests="11" assertions="16" failures="0" errors="0" time="0.681333">
      <testcase name="testSport" class="Icecave\Siphon\Schedule\ScheduleResponseTest" file="/home/travis/build/IcecaveStudios/siphon/test/suite/Schedule/ScheduleResponseTest.php" line="26" assertions="2" time="0.057393"/>
      <testcase name="testType" class="Icecave\Siphon\Schedule\ScheduleResponseTest" file="/home/travis/build/IcecaveStudios/siphon/test/suite/Schedule/ScheduleResponseTest.php" line="41" assertions="2" time="0.058011"/>
      <testcase name="testIsEmpty" class="Icecave\Siphon\Schedule\ScheduleResponseTest" file="/home/travis/build/IcecaveStudios/siphon/test/suite/Schedule/ScheduleResponseTest.php" line="56" assertions="2" time="0.059953"/>
      <testcase name="testCount" class="Icecave\Siphon\Schedule\ScheduleResponseTest" file="/home/travis/build/IcecaveStudios/siphon/test/suite/Schedule/ScheduleResponseTest.php" line="69" assertions="2" time="0.059342"/>
      <testcase name="testGetIterator" class="Icecave\Siphon\Schedule\ScheduleResponseTest" file="/home/travis/build/IcecaveStudios/siphon/test/suite/Schedule/ScheduleResponseTest.php" line="84" assertions="2" time="0.063037"/>
      <testcase name="testAdd" class="Icecave\Siphon\Schedule\ScheduleResponseTest" file="/home/travis/build/IcecaveStudios/siphon/test/suite/Schedule/ScheduleResponseTest.php" line="103" assertions="1" time="0.058816"/>
      <testcase name="testAddDoesNotDuplicate" class="Icecave\Siphon\Schedule\ScheduleResponseTest" file="/home/travis/build/IcecaveStudios/siphon/test/suite/Schedule/ScheduleResponseTest.php" line="115" assertions="1" time="0.062570"/>
      <testcase name="testRemove" class="Icecave\Siphon\Schedule\ScheduleResponseTest" file="/home/travis/build/IcecaveStudios/siphon/test/suite/Schedule/ScheduleResponseTest.php" line="128" assertions="1" time="0.062434"/>
      <testcase name="testRemoveUnknownSeason" class="Icecave\Siphon\Schedule\ScheduleResponseTest" file="/home/travis/build/IcecaveStudios/siphon/test/suite/Schedule/ScheduleResponseTest.php" line="139" assertions="1" time="0.066091"/>
      <testcase name="testClear" class="Icecave\Siphon\Schedule\ScheduleResponseTest" file="/home/travis/build/IcecaveStudios/siphon/test/suite/Schedule/ScheduleResponseTest.php" line="151" assertions="1" time="0.062529"/>
      <testcase name="testAccept" class="Icecave\Siphon\Schedule\ScheduleResponseTest" file="/home/travis/build/IcecaveStudios/siphon/test/suite/Schedule/ScheduleResponseTest.php" line="163" assertions="1" time="0.071157"/>
    </testsuite>
    <testsuite name="Icecave\Siphon\Schedule\SeasonTest" file="/home/travis/build/IcecaveStudios/siphon/test/suite/Schedule/SeasonTest.php" tests="11" assertions="15" failures="0" errors="0" time="0.760398">
      <testcase name="testId" class="Icecave\Siphon\Schedule\SeasonTest" file="/home/travis/build/IcecaveStudios/siphon/test/suite/Schedule/SeasonTest.php" line="30" assertions="1" time="0.070833"/>
      <testcase name="testName" class="Icecave\Siphon\Schedule\SeasonTest" file="/home/travis/build/IcecaveStudios/siphon/test/suite/Schedule/SeasonTest.php" line="38" assertions="1" time="0.062676"/>
      <testcase name="testStartDate" class="Icecave\Siphon\Schedule\SeasonTest" file="/home/travis/build/IcecaveStudios/siphon/test/suite/Schedule/SeasonTest.php" line="46" assertions="1" time="0.063176"/>
      <testcase name="testEndDate" class="Icecave\Siphon\Schedule\SeasonTest" file="/home/travis/build/IcecaveStudios/siphon/test/suite/Schedule/SeasonTest.php" line="54" assertions="1" time="0.062929"/>
      <testcase name="testAdd" class="Icecave\Siphon\Schedule\SeasonTest" file="/home/travis/build/IcecaveStudios/siphon/test/suite/Schedule/SeasonTest.php" line="62" assertions="1" time="0.071156"/>
      <testcase name="testRemove" class="Icecave\Siphon\Schedule\SeasonTest" file="/home/travis/build/IcecaveStudios/siphon/test/suite/Schedule/SeasonTest.php" line="76" assertions="1" time="0.074328"/>
      <testcase name="testRemoveWithUnknownCompetition" class="Icecave\Siphon\Schedule\SeasonTest" file="/home/travis/build/IcecaveStudios/siphon/test/suite/Schedule/SeasonTest.php" line="91" assertions="1" time="0.066909"/>
      <testcase name="testClear" class="Icecave\Siphon\Schedule\SeasonTest" file="/home/travis/build/IcecaveStudios/siphon/test/suite/Schedule/SeasonTest.php" line="101" assertions="1" time="0.070682"/>
      <testcase name="testIsEmpty" class="Icecave\Siphon\Schedule\SeasonTest" file="/home/travis/build/IcecaveStudios/siphon/test/suite/Schedule/SeasonTest.php" line="113" assertions="2" time="0.067298"/>
      <testcase name="testCount" class="Icecave\Siphon\Schedule\SeasonTest" file="/home/travis/build/IcecaveStudios/siphon/test/suite/Schedule/SeasonTest.php" line="126" assertions="4" time="0.079413"/>
      <testcase name="testGetIterator" class="Icecave\Siphon\Schedule\SeasonTest" file="/home/travis/build/IcecaveStudios/siphon/test/suite/Schedule/SeasonTest.php" line="156" assertions="1" time="0.070998"/>
    </testsuite>
    <testsuite name="Icecave\Siphon\Score\BoxScore\BoxScoreReaderTest" file="/home/travis/build/IcecaveStudios/siphon/test/suite/Score/BoxScore/BoxScoreReaderTest.php" tests="4" assertions="7" failures="0" errors="0" time="0.436662">
      <testcase name="testRead" class="Icecave\Siphon\Score\BoxScore\BoxScoreReaderTest" file="/home/travis/build/IcecaveStudios/siphon/test/suite/Score/BoxScore/BoxScoreReaderTest.php" line="32" assertions="2" time="0.374476"/>
      <testcase name="testReadFinalized" class="Icecave\Siphon\Score\BoxScore\BoxScoreReaderTest" file="/home/travis/build/IcecaveStudios/siphon/test/suite/Score/BoxScore/BoxScoreReaderTest.php" line="290" assertions="1" time="0.032842"/>
      <testcase name="testReadWithUnsupportedRequest" class="Icecave\Siphon\Score\BoxScore\BoxScoreReaderTest" file="/home/travis/build/IcecaveStudios/siphon/test/suite/Score/BoxScore/BoxScoreReaderTest.php" line="309" assertions="2" time="0.014105"/>
      <testcase name="testIsSupported" class="Icecave\Siphon\Score\BoxScore\BoxScoreReaderTest" file="/home/travis/build/IcecaveStudios/siphon/test/suite/Score/BoxScore/BoxScoreReaderTest.php" line="321" assertions="2" time="0.015239"/>
    </testsuite>
    <testsuite name="Icecave\Siphon\Score\BoxScore\BoxScoreRequestTest" file="/home/travis/build/IcecaveStudios/siphon/test/suite/Score/BoxScore/BoxScoreRequestTest.php" tests="7" assertions="11" failures="0" errors="0" time="0.078497">
      <testcase name="testSport" class="Icecave\Siphon\Score\BoxScore\BoxScoreRequestTest" file="/home/travis/build/IcecaveStudios/siphon/test/suite/Score/BoxScore/BoxScoreRequestTest.php" line="21" assertions="2" time="0.009613"/>
      <testcase name="testSeasonName" class="Icecave\Siphon\Score\BoxScore\BoxScoreRequestTest" file="/home/travis/build/IcecaveStudios/siphon/test/suite/Score/BoxScore/BoxScoreRequestTest.php" line="36" assertions="2" time="0.007883"/>
      <testcase name="testCompetitionId" class="Icecave\Siphon\Score\BoxScore\BoxScoreRequestTest" file="/home/travis/build/IcecaveStudios/siphon/test/suite/Score/BoxScore/BoxScoreRequestTest.php" line="51" assertions="2" time="0.007833"/>
      <testcase name="testCompetitionIdWithString" class="Icecave\Siphon\Score\BoxScore\BoxScoreRequestTest" file="/home/travis/build/IcecaveStudios/siphon/test/suite/Score/BoxScore/BoxScoreRequestTest.php" line="66" assertions="1" time="0.007467"/>
      <testcase name="testAccept" class="Icecave\Siphon\Score\BoxScore\BoxScoreRequestTest" file="/home/travis/build/IcecaveStudios/siphon/test/suite/Score/BoxScore/BoxScoreRequestTest.php" line="76" assertions="1" time="0.024174"/>
      <testcase name="testSerialize" class="Icecave\Siphon\Score\BoxScore\BoxScoreRequestTest" file="/home/travis/build/IcecaveStudios/siphon/test/suite/Score/BoxScore/BoxScoreRequestTest.php" line="85" assertions="2" time="0.014189"/>
      <testcase name="testToString" class="Icecave\Siphon\Score\BoxScore\BoxScoreRequestTest" file="/home/travis/build/IcecaveStudios/siphon/test/suite/Score/BoxScore/BoxScoreRequestTest.php" line="102" assertions="1" time="0.007338"/>
    </testsuite>
    <testsuite name="Icecave\Siphon\Score\BoxScore\BoxScoreResponseTest" file="/home/travis/build/IcecaveStudios/siphon/test/suite/Score/BoxScore/BoxScoreResponseTest.php" tests="12" assertions="18" failures="0" errors="0" time="1.552574">
      <testcase name="testCompetition" class="Icecave\Siphon\Score\BoxScore\BoxScoreResponseTest" file="/home/travis/build/IcecaveStudios/siphon/test/suite/Score/BoxScore/BoxScoreResponseTest.php" line="37" assertions="2" time="0.144657"/>
      <testcase name="testHomeTeamStatistics" class="Icecave\Siphon\Score\BoxScore\BoxScoreResponseTest" file="/home/travis/build/IcecaveStudios/siphon/test/suite/Score/BoxScore/BoxScoreResponseTest.php" line="54" assertions="2" time="0.121894"/>
      <testcase name="testAwayTeamStatistics" class="Icecave\Siphon\Score\BoxScore\BoxScoreResponseTest" file="/home/travis/build/IcecaveStudios/siphon/test/suite/Score/BoxScore/BoxScoreResponseTest.php" line="71" assertions="2" time="0.121785"/>
      <testcase name="testIsEmpty" class="Icecave\Siphon\Score\BoxScore\BoxScoreResponseTest" file="/home/travis/build/IcecaveStudios/siphon/test/suite/Score/BoxScore/BoxScoreResponseTest.php" line="88" assertions="2" time="0.125777"/>
      <testcase name="testCount" class="Icecave\Siphon\Score\BoxScore\BoxScoreResponseTest" file="/home/travis/build/IcecaveStudios/siphon/test/suite/Score/BoxScore/BoxScoreResponseTest.php" line="101" assertions="2" time="0.125373"/>
      <testcase name="testGetIterator" class="Icecave\Siphon\Score\BoxScore\BoxScoreResponseTest" file="/home/travis/build/IcecaveStudios/siphon/test/suite/Score/BoxScore/BoxScoreResponseTest.php" line="116" assertions="2" time="0.129484"/>
      <testcase name="testAdd" class="Icecave\Siphon\Score\BoxScore\BoxScoreResponseTest" file="/home/travis/build/IcecaveStudios/siphon/test/suite/Score/BoxScore/BoxScoreResponseTest.php" line="135" assertions="1" time="0.126440"/>
      <testcase name="testAddDoesNotDuplicate" class="Icecave\Siphon\Score\BoxScore\BoxScoreResponseTest" file="/home/travis/build/IcecaveStudios/siphon/test/suite/Score/BoxScore/BoxScoreResponseTest.php" line="147" assertions="1" time="0.128971"/>
      <testcase name="testRemove" class="Icecave\Siphon\Score\BoxScore\BoxScoreResponseTest" file="/home/travis/build/IcecaveStudios/siphon/test/suite/Score/BoxScore/BoxScoreResponseTest.php" line="160" assertions="1" time="0.128793"/>
      <testcase name="testRemoveUnknownPlayer" class="Icecave\Siphon\Score\BoxScore\BoxScoreResponseTest" file="/home/travis/build/IcecaveStudios/siphon/test/suite/Score/BoxScore/BoxScoreResponseTest.php" line="171" assertions="1" time="0.132031"/>
      <testcase name="testClear" class="Icecave\Siphon\Score\BoxScore\BoxScoreResponseTest" file="/home/travis/build/IcecaveStudios/siphon/test/suite/Score/BoxScore/BoxScoreResponseTest.php" line="183" assertions="1" time="0.129300"/>
      <testcase name="testAccept" class="Icecave\Siphon\Score\BoxScore\BoxScoreResponseTest" file="/home/travis/build/IcecaveStudios/siphon/test/suite/Score/BoxScore/BoxScoreResponseTest.php" line="195" assertions="1" time="0.138069"/>
    </testsuite>
    <testsuite name="Icecave\Siphon\Score\LiveScore\LiveScoreReaderTest" file="/home/travis/build/IcecaveStudios/siphon/test/suite/Score/LiveScore/LiveScoreReaderTest.php" tests="7" assertions="14" failures="0" errors="0" time="0.651617">
      <testcase name="testRead" class="Icecave\Siphon\Score\LiveScore\LiveScoreReaderTest" file="/home/travis/build/IcecaveStudios/siphon/test/suite/Score/LiveScore/LiveScoreReaderTest.php" line="30" assertions="2" time="0.209939"/>
      <testcase name="testReadBaseball" class="Icecave\Siphon\Score\LiveScore\LiveScoreReaderTest" file="/home/travis/build/IcecaveStudios/siphon/test/suite/Score/LiveScore/LiveScoreReaderTest.php" line="84" assertions="1" time="0.282021"/>
      <testcase name="testReadSetsCurrentPeriodBasedOnNormalizedPeriodType" class="Icecave\Siphon\Score\LiveScore\LiveScoreReaderTest" file="/home/travis/build/IcecaveStudios/siphon/test/suite/Score/LiveScore/LiveScoreReaderTest.php" line="131" assertions="1" time="0.042313"/>
      <testcase name="testReadDoesNotSetCurrentPeriodWhenCompetitionHasEnded" class="Icecave\Siphon\Score\LiveScore\LiveScoreReaderTest" file="/home/travis/build/IcecaveStudios/siphon/test/suite/Score/LiveScore/LiveScoreReaderTest.php" line="148" assertions="2" time="0.043376"/>
      <testcase name="testReadNormalizesPeriodType" class="Icecave\Siphon\Score\LiveScore\LiveScoreReaderTest" file="/home/travis/build/IcecaveStudios/siphon/test/suite/Score/LiveScore/LiveScoreReaderTest.php" line="169" assertions="4" time="0.044699"/>
      <testcase name="testReadWithUnsupportedRequest" class="Icecave\Siphon\Score\LiveScore\LiveScoreReaderTest" file="/home/travis/build/IcecaveStudios/siphon/test/suite/Score/LiveScore/LiveScoreReaderTest.php" line="189" assertions="2" time="0.014122"/>
      <testcase name="testIsSupported" class="Icecave\Siphon\Score\LiveScore\LiveScoreReaderTest" file="/home/travis/build/IcecaveStudios/siphon/test/suite/Score/LiveScore/LiveScoreReaderTest.php" line="201" assertions="2" time="0.015147"/>
    </testsuite>
    <testsuite name="Icecave\Siphon\Score\LiveScore\LiveScoreRequestTest" file="/home/travis/build/IcecaveStudios/siphon/test/suite/Score/LiveScore/LiveScoreRequestTest.php" tests="6" assertions="9" failures="0" errors="0" time="0.069982">
      <testcase name="testSport" class="Icecave\Siphon\Score\LiveScore\LiveScoreRequestTest" file="/home/travis/build/IcecaveStudios/siphon/test/suite/Score/LiveScore/LiveScoreRequestTest.php" line="20" assertions="2" time="0.009743"/>
      <testcase name="testCompetitionId" class="Icecave\Siphon\Score\LiveScore\LiveScoreRequestTest" file="/home/travis/build/IcecaveStudios/siphon/test/suite/Score/LiveScore/LiveScoreRequestTest.php" line="35" assertions="2" time="0.007875"/>
      <testcase name="testCompetitionIdWithString" class="Icecave\Siphon\Score\LiveScore\LiveScoreRequestTest" file="/home/travis/build/IcecaveStudios/siphon/test/suite/Score/LiveScore/LiveScoreRequestTest.php" line="50" assertions="1" time="0.007551"/>
      <testcase name="testAccept" class="Icecave\Siphon\Score\LiveScore\LiveScoreRequestTest" file="/home/travis/build/IcecaveStudios/siphon/test/suite/Score/LiveScore/LiveScoreRequestTest.php" line="60" assertions="1" time="0.024441"/>
      <testcase name="testSerialize" class="Icecave\Siphon\Score\LiveScore\LiveScoreRequestTest" file="/home/travis/build/IcecaveStudios/siphon/test/suite/Score/LiveScore/LiveScoreRequestTest.php" line="69" assertions="2" time="0.012735"/>
      <testcase name="testToString" class="Icecave\Siphon\Score\LiveScore\LiveScoreRequestTest" file="/home/travis/build/IcecaveStudios/siphon/test/suite/Score/LiveScore/LiveScoreRequestTest.php" line="86" assertions="1" time="0.007637"/>
    </testsuite>
    <testsuite name="Icecave\Siphon\Score\LiveScore\LiveScoreResponseTest" file="/home/travis/build/IcecaveStudios/siphon/test/suite/Score/LiveScore/LiveScoreResponseTest.php" tests="5" assertions="11" failures="0" errors="0" time="0.345522">
      <testcase name="testCompetition" class="Icecave\Siphon\Score\LiveScore\LiveScoreResponseTest" file="/home/travis/build/IcecaveStudios/siphon/test/suite/Score/LiveScore/LiveScoreResponseTest.php" line="27" assertions="2" time="0.084402"/>
      <testcase name="testScore" class="Icecave\Siphon\Score\LiveScore\LiveScoreResponseTest" file="/home/travis/build/IcecaveStudios/siphon/test/suite/Score/LiveScore/LiveScoreResponseTest.php" line="44" assertions="2" time="0.078733"/>
      <testcase name="testCurrentPeriod" class="Icecave\Siphon\Score\LiveScore\LiveScoreResponseTest" file="/home/travis/build/IcecaveStudios/siphon/test/suite/Score/LiveScore/LiveScoreResponseTest.php" line="61" assertions="3" time="0.056109"/>
      <testcase name="testGameTime" class="Icecave\Siphon\Score\LiveScore\LiveScoreResponseTest" file="/home/travis/build/IcecaveStudios/siphon/test/suite/Score/LiveScore/LiveScoreResponseTest.php" line="83" assertions="3" time="0.055241"/>
      <testcase name="testAccept" class="Icecave\Siphon\Score\LiveScore\LiveScoreResponseTest" file="/home/travis/build/IcecaveStudios/siphon/test/suite/Score/LiveScore/LiveScoreResponseTest.php" line="105" assertions="1" time="0.071037"/>
    </testsuite>
    <testsuite name="Icecave\Siphon\Score\PeriodTest" file="/home/travis/build/IcecaveStudios/siphon/test/suite/Score/PeriodTest.php" tests="4" assertions="4" failures="0" errors="0" time="0.031605">
      <testcase name="testType" class="Icecave\Siphon\Score\PeriodTest" file="/home/travis/build/IcecaveStudios/siphon/test/suite/Score/PeriodTest.php" line="19" assertions="1" time="0.008705"/>
      <testcase name="testNumber" class="Icecave\Siphon\Score\PeriodTest" file="/home/travis/build/IcecaveStudios/siphon/test/suite/Score/PeriodTest.php" line="27" assertions="1" time="0.007631"/>
      <testcase name="testHomeScore" class="Icecave\Siphon\Score\PeriodTest" file="/home/travis/build/IcecaveStudios/siphon/test/suite/Score/PeriodTest.php" line="35" assertions="1" time="0.007656"/>
      <testcase name="testAwayScore" class="Icecave\Siphon\Score\PeriodTest" file="/home/travis/build/IcecaveStudios/siphon/test/suite/Score/PeriodTest.php" line="43" assertions="1" time="0.007613"/>
    </testsuite>
    <testsuite name="Icecave\Siphon\Score\PeriodTypeTest" file="/home/travis/build/IcecaveStudios/siphon/test/suite/Score/PeriodTypeTest.php" tests="8" assertions="86" failures="0" errors="0" time="0.452481">
      <testcase name="testMemberBySport" class="Icecave\Siphon\Score\PeriodTypeTest" file="/home/travis/build/IcecaveStudios/siphon/test/suite/Score/PeriodTypeTest.php" line="23" assertions="6" time="0.035464"/>
      <testcase name="testMemberBySportAndValue" class="Icecave\Siphon\Score\PeriodTypeTest" file="/home/travis/build/IcecaveStudios/siphon/test/suite/Score/PeriodTypeTest.php" line="33" assertions="13" time="0.088295"/>
      <testcase name="testMemberBySportAndValueFailure" class="Icecave\Siphon\Score\PeriodTypeTest" file="/home/travis/build/IcecaveStudios/siphon/test/suite/Score/PeriodTypeTest.php" line="53" assertions="2" time="0.023826"/>
      <testcase name="testMemberByCode" class="Icecave\Siphon\Score\PeriodTypeTest" file="/home/travis/build/IcecaveStudios/siphon/test/suite/Score/PeriodTypeTest.php" line="66" assertions="7" time="0.023353"/>
      <testcase name="testMemberByCodeFailure" class="Icecave\Siphon\Score\PeriodTypeTest" file="/home/travis/build/IcecaveStudios/siphon/test/suite/Score/PeriodTypeTest.php" line="76" assertions="2" time="0.019915"/>
      <testcase name="testCode" class="Icecave\Siphon\Score\PeriodTypeTest" file="/home/travis/build/IcecaveStudios/siphon/test/suite/Score/PeriodTypeTest.php" line="86" assertions="7" time="0.025106"/>
      <testcase name="testCodesAreUnique" class="Icecave\Siphon\Score\PeriodTypeTest" file="/home/travis/build/IcecaveStudios/siphon/test/suite/Score/PeriodTypeTest.php" line="97" assertions="7" time="0.025898"/>
      <testcase name="testUsedBy" class="Icecave\Siphon\Score\PeriodTypeTest" file="/home/travis/build/IcecaveStudios/siphon/test/suite/Score/PeriodTypeTest.php" line="112" assertions="42" time="0.210624"/>
    </testsuite>
    <testsuite name="Icecave\Siphon\Score\ScoreTest" file="/home/travis/build/IcecaveStudios/siphon/test/suite/Score/ScoreTest.php" tests="3" assertions="3" failures="0" errors="0" time="0.025274">
      <testcase name="testScore" class="Icecave\Siphon\Score\ScoreTest" file="/home/travis/build/IcecaveStudios/siphon/test/suite/Score/ScoreTest.php" line="29" assertions="1" time="0.008448"/>
      <testcase name="testCount" class="Icecave\Siphon\Score\ScoreTest" file="/home/travis/build/IcecaveStudios/siphon/test/suite/Score/ScoreTest.php" line="37" assertions="1" time="0.008558"/>
      <testcase name="testGetIterator" class="Icecave\Siphon\Score\ScoreTest" file="/home/travis/build/IcecaveStudios/siphon/test/suite/Score/ScoreTest.php" line="45" assertions="1" time="0.008268"/>
    </testsuite>
    <testsuite name="Icecave\Siphon\Score\SerializerTest" file="/home/travis/build/IcecaveStudios/siphon/test/suite/Score/SerializerTest.php" tests="5" assertions="7" failures="0" errors="0" time="0.079144">
      <testsuite name="Icecave\Siphon\Score\SerializerTest::testSerialize" tests="3" assertions="3" failures="0" errors="0" time="0.064553">
        <testcase name="testSerialize with data set &quot;empty&quot;" assertions="1" time="0.011917"/>
        <testcase name="testSerialize with data set &quot;single period&quot;" assertions="1" time="0.018503"/>
        <testcase name="testSerialize with data set &quot;multiple periods&quot;" assertions="1" time="0.034133"/>
      </testsuite>
      <testcase name="testUnserializeWithInvalidDataArray" class="Icecave\Siphon\Score\SerializerTest" file="/home/travis/build/IcecaveStudios/siphon/test/suite/Score/SerializerTest.php" line="27" assertions="2" time="0.007320"/>
      <testcase name="testUnserializeWithInvalidDataArrayPacking" class="Icecave\Siphon\Score\SerializerTest" file="/home/travis/build/IcecaveStudios/siphon/test/suite/Score/SerializerTest.php" line="39" assertions="2" time="0.007272"/>
    </testsuite>
    <testsuite name="Icecave\Siphon\SportTest" file="/home/travis/build/IcecaveStudios/siphon/test/suite/SportTest.php" tests="2" assertions="13" failures="0" errors="0" time="0.026137">
      <testcase name="testFindByComponents" class="Icecave\Siphon\SportTest" file="/home/travis/build/IcecaveStudios/siphon/test/suite/SportTest.php" line="21" assertions="6" time="0.015727"/>
      <testcase name="testSportAndLeague" class="Icecave\Siphon\SportTest" file="/home/travis/build/IcecaveStudios/siphon/test/suite/SportTest.php" line="31" assertions="7" time="0.010410"/>
    </testsuite>
    <testsuite name="Icecave\Siphon\Statistics\SerializerTest" file="/home/travis/build/IcecaveStudios/siphon/test/suite/Statistics/SerializerTest.php" tests="9" assertions="12" failures="0" errors="0" time="0.124789">
      <testsuite name="Icecave\Siphon\Statistics\SerializerTest::testSerialize" tests="5" assertions="5" failures="0" errors="0" time="0.095091">
        <testcase name="testSerialize with data set &quot;empty&quot;" assertions="1" time="0.010756"/>
        <testcase name="testSerialize with data set &quot;empty group&quot;" assertions="1" time="0.014658"/>
        <testcase name="testSerialize with data set &quot;single group&quot;" assertions="1" time="0.020906"/>
        <testcase name="testSerialize with data set &quot;multiple groups&quot;" assertions="1" time="0.032447"/>
        <testcase name="testSerialize with data set &quot;numeric scope value (regression)&quot;" assertions="1" time="0.016324"/>
      </testsuite>
      <testcase name="testNumericStringsAreSerializedAsNumbers" class="Icecave\Siphon\Statistics\SerializerTest" file="/home/travis/build/IcecaveStudios/siphon/test/suite/Statistics/SerializerTest.php" line="27" assertions="1" time="0.007619"/>
      <testcase name="testUnserializeInvalidStringTable" class="Icecave\Siphon\Statistics\SerializerTest" file="/home/travis/build/IcecaveStudios/siphon/test/suite/Statistics/SerializerTest.php" line="44" assertions="2" time="0.007404"/>
      <testcase name="testUnserializeWithInvalidDataArray" class="Icecave\Siphon\Statistics\SerializerTest" file="/home/travis/build/IcecaveStudios/siphon/test/suite/Statistics/SerializerTest.php" line="56" assertions="2" time="0.007276"/>
      <testcase name="testUnserializeWithOddDataArray" class="Icecave\Siphon\Statistics\SerializerTest" file="/home/travis/build/IcecaveStudios/siphon/test/suite/Statistics/SerializerTest.php" line="68" assertions="2" time="0.007399"/>
    </testsuite>
    <testsuite name="Icecave\Siphon\Statistics\StatisticsCollectionTest" file="/home/travis/build/IcecaveStudios/siphon/test/suite/Statistics/StatisticsCollectionTest.php" tests="4" assertions="6" failures="0" errors="0" time="0.028770">
      <testcase name="testConstructorWithNonGroup" class="Icecave\Siphon\Statistics\StatisticsCollectionTest" file="/home/travis/build/IcecaveStudios/siphon/test/suite/Statistics/StatisticsCollectionTest.php" line="22" assertions="2" time="0.007511"/>
      <testcase name="testIsEmpty" class="Icecave\Siphon\Statistics\StatisticsCollectionTest" file="/home/travis/build/IcecaveStudios/siphon/test/suite/Statistics/StatisticsCollectionTest.php" line="32" assertions="2" time="0.007468"/>
      <testcase name="testCount" class="Icecave\Siphon\Statistics\StatisticsCollectionTest" file="/home/travis/build/IcecaveStudios/siphon/test/suite/Statistics/StatisticsCollectionTest.php" line="45" assertions="1" time="0.006826"/>
      <testcase name="testGetIterator" class="Icecave\Siphon\Statistics\StatisticsCollectionTest" file="/home/travis/build/IcecaveStudios/siphon/test/suite/Statistics/StatisticsCollectionTest.php" line="53" assertions="1" time="0.006965"/>
    </testsuite>
    <testsuite name="Icecave\Siphon\Statistics\StatisticsGroupTest" file="/home/travis/build/IcecaveStudios/siphon/test/suite/Statistics/StatisticsGroupTest.php" tests="15" assertions="22" failures="0" errors="0" time="0.102703">
      <testcase name="testConstructorWithInvalidKey" class="Icecave\Siphon\Statistics\StatisticsGroupTest" file="/home/travis/build/IcecaveStudios/siphon/test/suite/Statistics/StatisticsGroupTest.php" line="24" assertions="2" time="0.007218"/>
      <testcase name="testConstructorWithInvalidScopeType" class="Icecave\Siphon\Statistics\StatisticsGroupTest" file="/home/travis/build/IcecaveStudios/siphon/test/suite/Statistics/StatisticsGroupTest.php" line="34" assertions="2" time="0.007167"/>
      <testcase name="testConstructorWithInvalidScopeValue" class="Icecave\Siphon\Statistics\StatisticsGroupTest" file="/home/travis/build/IcecaveStudios/siphon/test/suite/Statistics/StatisticsGroupTest.php" line="47" assertions="2" time="0.007150"/>
      <testcase name="testConstructorWithInvalidStatisticType" class="Icecave\Siphon\Statistics\StatisticsGroupTest" file="/home/travis/build/IcecaveStudios/siphon/test/suite/Statistics/StatisticsGroupTest.php" line="60" assertions="2" time="0.007141"/>
      <testcase name="testConstructorWithInvalidStatisticValue" class="Icecave\Siphon\Statistics\StatisticsGroupTest" file="/home/travis/build/IcecaveStudios/siphon/test/suite/Statistics/StatisticsGroupTest.php" line="74" assertions="2" time="0.007147"/>
      <testcase name="testKey" class="Icecave\Siphon\Statistics\StatisticsGroupTest" file="/home/travis/build/IcecaveStudios/siphon/test/suite/Statistics/StatisticsGroupTest.php" line="88" assertions="1" time="0.006508"/>
      <testcase name="testScopes" class="Icecave\Siphon\Statistics\StatisticsGroupTest" file="/home/travis/build/IcecaveStudios/siphon/test/suite/Statistics/StatisticsGroupTest.php" line="96" assertions="1" time="0.006525"/>
      <testcase name="testScopeByType" class="Icecave\Siphon\Statistics\StatisticsGroupTest" file="/home/travis/build/IcecaveStudios/siphon/test/suite/Statistics/StatisticsGroupTest.php" line="107" assertions="2" time="0.007045"/>
      <testcase name="testStatistics" class="Icecave\Siphon\Statistics\StatisticsGroupTest" file="/home/travis/build/IcecaveStudios/siphon/test/suite/Statistics/StatisticsGroupTest.php" line="119" assertions="1" time="0.006603"/>
      <testcase name="testStatisticsProjection" class="Icecave\Siphon\Statistics\StatisticsGroupTest" file="/home/travis/build/IcecaveStudios/siphon/test/suite/Statistics/StatisticsGroupTest.php" line="130" assertions="1" time="0.006555"/>
      <testcase name="testStatisticsExpansion" class="Icecave\Siphon\Statistics\StatisticsGroupTest" file="/home/travis/build/IcecaveStudios/siphon/test/suite/Statistics/StatisticsGroupTest.php" line="140" assertions="1" time="0.006620"/>
      <testcase name="testStatisticsExpansionWithExplicitDefault" class="Icecave\Siphon\Statistics\StatisticsGroupTest" file="/home/travis/build/IcecaveStudios/siphon/test/suite/Statistics/StatisticsGroupTest.php" line="151" assertions="1" time="0.006630"/>
      <testcase name="testIsEmpty" class="Icecave\Siphon\Statistics\StatisticsGroupTest" file="/home/travis/build/IcecaveStudios/siphon/test/suite/Statistics/StatisticsGroupTest.php" line="165" assertions="2" time="0.007166"/>
      <testcase name="testCount" class="Icecave\Siphon\Statistics\StatisticsGroupTest" file="/home/travis/build/IcecaveStudios/siphon/test/suite/Statistics/StatisticsGroupTest.php" line="178" assertions="1" time="0.006569"/>
      <testcase name="testGetIterator" class="Icecave\Siphon\Statistics\StatisticsGroupTest" file="/home/travis/build/IcecaveStudios/siphon/test/suite/Statistics/StatisticsGroupTest.php" line="186" assertions="1" time="0.006659"/>
    </testsuite>
    <testsuite name="Icecave\Siphon\Team\Statistics\TeamStatisticsReaderTest" file="/home/travis/build/IcecaveStudios/siphon/test/suite/Team/Statistics/TeamStatisticsReaderTest.php" tests="5" assertions="9" failures="0" errors="0" time="0.476866">
      <testcase name="testRead" class="Icecave\Siphon\Team\Statistics\TeamStatisticsReaderTest" file="/home/travis/build/IcecaveStudios/siphon/test/suite/Team/Statistics/TeamStatisticsReaderTest.php" line="45" assertions="2" time="0.206439"/>
      <testcase name="testReadSplitStats" class="Icecave\Siphon\Team\Statistics\TeamStatisticsReaderTest" file="/home/travis/build/IcecaveStudios/siphon/test/suite/Team/Statistics/TeamStatisticsReaderTest.php" line="195" assertions="2" time="0.211164"/>
      <testcase name="testReadEmpty" class="Icecave\Siphon\Team\Statistics\TeamStatisticsReaderTest" file="/home/travis/build/IcecaveStudios/siphon/test/suite/Team/Statistics/TeamStatisticsReaderTest.php" line="352" assertions="1" time="0.023981"/>
[...]
    </testsuite>
    <testsuite name="Icecave\Siphon\Team\Statistics\TeamStatisticsRequestTest" file="/home/travis/build/IcecaveStudios/siphon/test/suite/Team/Statistics/TeamStatisticsRequestTest.php" tests="6" assertions="11" failures="0" errors="0" time="0.077679">
      <testcase name="testSport" class="Icecave\Siphon\Team\Statistics\TeamStatisticsRequestTest" file="/home/travis/build/IcecaveStudios/siphon/test/suite/Team/Statistics/TeamStatisticsRequestTest.php" line="21" assertions="2" time="0.010266"/>
      <testcase name="testSeasonName" class="Icecave\Siphon\Team\Statistics\TeamStatisticsRequestTest" file="/home/travis/build/IcecaveStudios/siphon/test/suite/Team/Statistics/TeamStatisticsRequestTest.php" line="36" assertions="2" time="0.008242"/>
      <testcase name="testType" class="Icecave\Siphon\Team\Statistics\TeamStatisticsRequestTest" file="/home/travis/build/IcecaveStudios/siphon/test/suite/Team/Statistics/TeamStatisticsRequestTest.php" line="51" assertions="2" time="0.009880"/>
      <testcase name="testAccept" class="Icecave\Siphon\Team\Statistics\TeamStatisticsRequestTest" file="/home/travis/build/IcecaveStudios/siphon/test/suite/Team/Statistics/TeamStatisticsRequestTest.php" line="66" assertions="1" time="0.025059"/>
      <testcase name="testSerialize" class="Icecave\Siphon\Team\Statistics\TeamStatisticsRequestTest" file="/home/travis/build/IcecaveStudios/siphon/test/suite/Team/Statistics/TeamStatisticsRequestTest.php" line="75" assertions="2" time="0.014845"/>
      <testcase name="testToString" class="Icecave\Siphon\Team\Statistics\TeamStatisticsRequestTest" file="/home/travis/build/IcecaveStudios/siphon/test/suite/Team/Statistics/TeamStatisticsRequestTest.php" line="92" assertions="2" time="0.009387"/>
    </testsuite>
    <testsuite name="Icecave\Siphon\Team\Statistics\TeamStatisticsResponseTest" file="/home/travis/build/IcecaveStudios/siphon/test/suite/Team/Statistics/TeamStatisticsResponseTest.php" tests="12" assertions="18" failures="0" errors="0" time="2.091609">
      <testcase name="testSport" class="Icecave\Siphon\Team\Statistics\TeamStatisticsResponseTest" file="/home/travis/build/IcecaveStudios/siphon/test/suite/Team/Statistics/TeamStatisticsResponseTest.php" line="43" assertions="2" time="0.169544"/>
      <testcase name="testSeason" class="Icecave\Siphon\Team\Statistics\TeamStatisticsResponseTest" file="/home/travis/build/IcecaveStudios/siphon/test/suite/Team/Statistics/TeamStatisticsResponseTest.php" line="58" assertions="2" time="0.184588"/>
      <testcase name="testType" class="Icecave\Siphon\Team\Statistics\TeamStatisticsResponseTest" file="/home/travis/build/IcecaveStudios/siphon/test/suite/Team/Statistics/TeamStatisticsResponseTest.php" line="74" assertions="2" time="0.167743"/>
      <testcase name="testIsEmpty" class="Icecave\Siphon\Team\Statistics\TeamStatisticsResponseTest" file="/home/travis/build/IcecaveStudios/siphon/test/suite/Team/Statistics/TeamStatisticsResponseTest.php" line="89" assertions="2" time="0.169832"/>
      <testcase name="testCount" class="Icecave\Siphon\Team\Statistics\TeamStatisticsResponseTest" file="/home/travis/build/IcecaveStudios/siphon/test/suite/Team/Statistics/TeamStatisticsResponseTest.php" line="102" assertions="2" time="0.173525"/>
      <testcase name="testGetIterator" class="Icecave\Siphon\Team\Statistics\TeamStatisticsResponseTest" file="/home/travis/build/IcecaveStudios/siphon/test/suite/Team/Statistics/TeamStatisticsResponseTest.php" line="118" assertions="2" time="0.173772"/>
      <testcase name="testAdd" class="Icecave\Siphon\Team\Statistics\TeamStatisticsResponseTest" file="/home/travis/build/IcecaveStudios/siphon/test/suite/Team/Statistics/TeamStatisticsResponseTest.php" line="137" assertions="1" time="0.169563"/>
      <testcase name="testAddDoesNotDuplicate" class="Icecave\Siphon\Team\Statistics\TeamStatisticsResponseTest" file="/home/travis/build/IcecaveStudios/siphon/test/suite/Team/Statistics/TeamStatisticsResponseTest.php" line="149" assertions="1" time="0.173659"/>
      <testcase name="testRemove" class="Icecave\Siphon\Team\Statistics\TeamStatisticsResponseTest" file="/home/travis/build/IcecaveStudios/siphon/test/suite/Team/Statistics/TeamStatisticsResponseTest.php" line="162" assertions="1" time="0.173358"/>
      <testcase name="testRemoveUnknownPlayer" class="Icecave\Siphon\Team\Statistics\TeamStatisticsResponseTest" file="/home/travis/build/IcecaveStudios/siphon/test/suite/Team/Statistics/TeamStatisticsResponseTest.php" line="173" assertions="1" time="0.180654"/>
      <testcase name="testClear" class="Icecave\Siphon\Team\Statistics\TeamStatisticsResponseTest" file="/home/travis/build/IcecaveStudios/siphon/test/suite/Team/Statistics/TeamStatisticsResponseTest.php" line="188" assertions="1" time="0.173193"/>
      <testcase name="testAccept" class="Icecave\Siphon\Team\Statistics\TeamStatisticsResponseTest" file="/home/travis/build/IcecaveStudios/siphon/test/suite/Team/Statistics/TeamStatisticsResponseTest.php" line="200" assertions="1" time="0.182178"/>
    </testsuite>
    <testsuite name="Icecave\Siphon\Team\TeamReaderTest" file="/home/travis/build/IcecaveStudios/siphon/test/suite/Team/TeamReaderTest.php" tests="5" assertions="8" failures="0" errors="0" time="0.496248">
      <testcase name="testRead" class="Icecave\Siphon\Team\TeamReaderTest" file="/home/travis/build/IcecaveStudios/siphon/test/suite/Team/TeamReaderTest.php" line="70" assertions="2" time="0.302374"/>
      <testcase name="testReadWithoutNickName" class="Icecave\Siphon\Team\TeamReaderTest" file="/home/travis/build/IcecaveStudios/siphon/test/suite/Team/TeamReaderTest.php" line="89" assertions="1" time="0.070402"/>
      <testcase name="testReadIncludesTeamsOutsideConference" class="Icecave\Siphon\Team\TeamReaderTest" file="/home/travis/build/IcecaveStudios/siphon/test/suite/Team/TeamReaderTest.php" line="114" assertions="1" time="0.078275"/>
      <testcase name="testReadWithUnsupportedRequest" class="Icecave\Siphon\Team\TeamReaderTest" file="/home/travis/build/IcecaveStudios/siphon/test/suite/Team/TeamReaderTest.php" line="140" assertions="2" time="0.022761"/>
      <testcase name="testIsSupported" class="Icecave\Siphon\Team\TeamReaderTest" file="/home/travis/build/IcecaveStudios/siphon/test/suite/Team/TeamReaderTest.php" line="152" assertions="2" time="0.022436"/>
    </testsuite>
    <testsuite name="Icecave\Siphon\Team\TeamRefTest" file="/home/travis/build/IcecaveStudios/siphon/test/suite/Team/TeamRefTest.php" tests="2" assertions="2" failures="0" errors="0" time="0.013090">
      <testcase name="testId" class="Icecave\Siphon\Team\TeamRefTest" file="/home/travis/build/IcecaveStudios/siphon/test/suite/Team/TeamRefTest.php" line="17" assertions="1" time="0.006568"/>
      <testcase name="testName" class="Icecave\Siphon\Team\TeamRefTest" file="/home/travis/build/IcecaveStudios/siphon/test/suite/Team/TeamRefTest.php" line="25" assertions="1" time="0.006522"/>
    </testsuite>
    <testsuite name="Icecave\Siphon\Team\TeamRequestTest" file="/home/travis/build/IcecaveStudios/siphon/test/suite/Team/TeamRequestTest.php" tests="5" assertions="8" failures="0" errors="0" time="0.060936">
      <testcase name="testSport" class="Icecave\Siphon\Team\TeamRequestTest" file="/home/travis/build/IcecaveStudios/siphon/test/suite/Team/TeamRequestTest.php" line="20" assertions="2" time="0.009541"/>
      <testcase name="testSeasonName" class="Icecave\Siphon\Team\TeamRequestTest" file="/home/travis/build/IcecaveStudios/siphon/test/suite/Team/TeamRequestTest.php" line="35" assertions="2" time="0.007582"/>
      <testcase name="testAccept" class="Icecave\Siphon\Team\TeamRequestTest" file="/home/travis/build/IcecaveStudios/siphon/test/suite/Team/TeamRequestTest.php" line="50" assertions="1" time="0.024136"/>
      <testcase name="testSerialize" class="Icecave\Siphon\Team\TeamRequestTest" file="/home/travis/build/IcecaveStudios/siphon/test/suite/Team/TeamRequestTest.php" line="59" assertions="2" time="0.012439"/>
      <testcase name="testToString" class="Icecave\Siphon\Team\TeamRequestTest" file="/home/travis/build/IcecaveStudios/siphon/test/suite/Team/TeamRequestTest.php" line="76" assertions="1" time="0.007238"/>
    </testsuite>
    <testsuite name="Icecave\Siphon\Team\TeamResponseTest" file="/home/travis/build/IcecaveStudios/siphon/test/suite/Team/TeamResponseTest.php" tests="11" assertions="16" failures="0" errors="0" time="0.905162">
      <testcase name="testSport" class="Icecave\Siphon\Team\TeamResponseTest" file="/home/travis/build/IcecaveStudios/siphon/test/suite/Team/TeamResponseTest.php" line="29" assertions="2" time="0.076162"/>
      <testcase name="testSeason" class="Icecave\Siphon\Team\TeamResponseTest" file="/home/travis/build/IcecaveStudios/siphon/test/suite/Team/TeamResponseTest.php" line="44" assertions="2" time="0.092924"/>
      <testcase name="testIsEmpty" class="Icecave\Siphon\Team\TeamResponseTest" file="/home/travis/build/IcecaveStudios/siphon/test/suite/Team/TeamResponseTest.php" line="60" assertions="2" time="0.078028"/>
      <testcase name="testCount" class="Icecave\Siphon\Team\TeamResponseTest" file="/home/travis/build/IcecaveStudios/siphon/test/suite/Team/TeamResponseTest.php" line="73" assertions="2" time="0.078139"/>
      <testcase name="testGetIterator" class="Icecave\Siphon\Team\TeamResponseTest" file="/home/travis/build/IcecaveStudios/siphon/test/suite/Team/TeamResponseTest.php" line="88" assertions="2" time="0.081954"/>
      <testcase name="testAdd" class="Icecave\Siphon\Team\TeamResponseTest" file="/home/travis/build/IcecaveStudios/siphon/test/suite/Team/TeamResponseTest.php" line="107" assertions="1" time="0.077774"/>
      <testcase name="testAddDoesNotDuplicate" class="Icecave\Siphon\Team\TeamResponseTest" file="/home/travis/build/IcecaveStudios/siphon/test/suite/Team/TeamResponseTest.php" line="119" assertions="1" time="0.081441"/>
      <testcase name="testRemove" class="Icecave\Siphon\Team\TeamResponseTest" file="/home/travis/build/IcecaveStudios/siphon/test/suite/Team/TeamResponseTest.php" line="132" assertions="1" time="0.081313"/>
      <testcase name="testRemoveUnknownTeam" class="Icecave\Siphon\Team\TeamResponseTest" file="/home/travis/build/IcecaveStudios/siphon/test/suite/Team/TeamResponseTest.php" line="143" assertions="1" time="0.085375"/>
      <testcase name="testClear" class="Icecave\Siphon\Team\TeamResponseTest" file="/home/travis/build/IcecaveStudios/siphon/test/suite/Team/TeamResponseTest.php" line="155" assertions="1" time="0.081476"/>
      <testcase name="testAccept" class="Icecave\Siphon\Team\TeamResponseTest" file="/home/travis/build/IcecaveStudios/siphon/test/suite/Team/TeamResponseTest.php" line="167" assertions="1" time="0.090576"/>
    </testsuite>
    <testsuite name="Icecave\Siphon\Team\TeamTest" file="/home/travis/build/IcecaveStudios/siphon/test/suite/Team/TeamTest.php" tests="6" assertions="6" failures="0" errors="0" time="0.039127">
      <testcase name="testId" class="Icecave\Siphon\Team\TeamTest" file="/home/travis/build/IcecaveStudios/siphon/test/suite/Team/TeamTest.php" line="19" assertions="1" time="0.006619"/>
      <testcase name="testName" class="Icecave\Siphon\Team\TeamTest" file="/home/travis/build/IcecaveStudios/siphon/test/suite/Team/TeamTest.php" line="27" assertions="1" time="0.006469"/>
      <testcase name="testNickname" class="Icecave\Siphon\Team\TeamTest" file="/home/travis/build/IcecaveStudios/siphon/test/suite/Team/TeamTest.php" line="35" assertions="1" time="0.006475"/>
      <testcase name="testAbbreviation" class="Icecave\Siphon\Team\TeamTest" file="/home/travis/build/IcecaveStudios/siphon/test/suite/Team/TeamTest.php" line="43" assertions="1" time="0.006464"/>
      <testcase name="testDisplayName" class="Icecave\Siphon\Team\TeamTest" file="/home/travis/build/IcecaveStudios/siphon/test/suite/Team/TeamTest.php" line="51" assertions="1" time="0.006479"/>
      <testcase name="testDisplayNameWithoutNickname" class="Icecave\Siphon\Team\TeamTest" file="/home/travis/build/IcecaveStudios/siphon/test/suite/Team/TeamTest.php" line="59" assertions="1" time="0.006621"/>
    </testsuite>
    <testsuite name="Icecave\Siphon\Util\IdParserTest" file="/home/travis/build/IcecaveStudios/siphon/test/suite/Util/IdParserTest.php" tests="5" assertions="7" failures="0" errors="0" time="0.036502">
      <testcase name="testParseInt" class="Icecave\Siphon\Util\IdParserTest" file="/home/travis/build/IcecaveStudios/siphon/test/suite/Util/IdParserTest.php" line="10" assertions="1" time="0.006984"/>
      <testcase name="testParseNumericString" class="Icecave\Siphon\Util\IdParserTest" file="/home/travis/build/IcecaveStudios/siphon/test/suite/Util/IdParserTest.php" line="18" assertions="1" time="0.006996"/>
      <testcase name="testParseString" class="Icecave\Siphon\Util\IdParserTest" file="/home/travis/build/IcecaveStudios/siphon/test/suite/Util/IdParserTest.php" line="26" assertions="1" time="0.007071"/>
      <testcase name="testParseStringWithInvalidType" class="Icecave\Siphon\Util\IdParserTest" file="/home/travis/build/IcecaveStudios/siphon/test/suite/Util/IdParserTest.php" line="34" assertions="2" time="0.007741"/>
      <testcase name="testParseStringWithInvalidSport" class="Icecave\Siphon\Util\IdParserTest" file="/home/travis/build/IcecaveStudios/siphon/test/suite/Util/IdParserTest.php" line="44" assertions="2" time="0.007710"/>
    </testsuite>
    <testsuite name="Icecave\Siphon\Util\SerializationTest" file="/home/travis/build/IcecaveStudios/siphon/test/suite/Util/SerializationTest.php" tests="8" assertions="14" failures="0" errors="0" time="0.091575">
      <testcase name="testSerialize" class="Icecave\Siphon\Util\SerializationTest" file="/home/travis/build/IcecaveStudios/siphon/test/suite/Util/SerializationTest.php" line="10" assertions="1" time="0.006488"/>
      <testcase name="testSerializeWithNonIntegerVersion" class="Icecave\Siphon\Util\SerializationTest" file="/home/travis/build/IcecaveStudios/siphon/test/suite/Util/SerializationTest.php" line="18" assertions="2" time="0.007081"/>
      <testcase name="testSerializeWithInvalidIntegerVersion" class="Icecave\Siphon\Util\SerializationTest" file="/home/travis/build/IcecaveStudios/siphon/test/suite/Util/SerializationTest.php" line="28" assertions="2" time="0.007079"/>
      <testcase name="testUnserialize" class="Icecave\Siphon\Util\SerializationTest" file="/home/travis/build/IcecaveStudios/siphon/test/suite/Util/SerializationTest.php" line="38" assertions="1" time="0.022014"/>
      <testcase name="testUnserializeSelectsCorrectVersion" class="Icecave\Siphon\Util\SerializationTest" file="/home/travis/build/IcecaveStudios/siphon/test/suite/Util/SerializationTest.php" line="50" assertions="2" time="0.025331"/>
      <testcase name="testUnserializeFailureWithUnsupportedVersion" class="Icecave\Siphon\Util\SerializationTest" file="/home/travis/build/IcecaveStudios/siphon/test/suite/Util/SerializationTest.php" line="65" assertions="2" time="0.009389"/>
      <testcase name="testUnserializeFailureWithNonArray" class="Icecave\Siphon\Util\SerializationTest" file="/home/travis/build/IcecaveStudios/siphon/test/suite/Util/SerializationTest.php" line="78" assertions="2" time="0.007132"/>
      <testcase name="testUnserializeFailureWithNoVersion" class="Icecave\Siphon\Util\SerializationTest" file="/home/travis/build/IcecaveStudios/siphon/test/suite/Util/SerializationTest.php" line="90" assertions="2" time="0.007061"/>
    </testsuite>
    <testsuite name="Icecave\Siphon\Util\URLTest" file="/home/travis/build/IcecaveStudios/siphon/test/suite/Util/URLTest.php" tests="9" assertions="9" failures="0" errors="0" time="0.058952">
      <testsuite name="Icecave\Siphon\Util\URLTest::testStripParameter" tests="9" assertions="9" failures="0" errors="0" time="0.058952">
        <testcase name="testStripParameter with data set &quot;not present&quot;" assertions="1" time="0.006519"/>
        <testcase name="testStripParameter with data set &quot;only parameter&quot;" assertions="1" time="0.006494"/>
        <testcase name="testStripParameter with data set &quot;only parameter, no value&quot;" assertions="1" time="0.006536"/>
        <testcase name="testStripParameter with data set &quot;first parameter&quot;" assertions="1" time="0.006569"/>
        <testcase name="testStripParameter with data set &quot;first parameter, no value&quot;" assertions="1" time="0.006585"/>
        <testcase name="testStripParameter with data set &quot;last parameter&quot;" assertions="1" time="0.006656"/>
        <testcase name="testStripParameter with data set &quot;last parameter, no value&quot;" assertions="1" time="0.006524"/>
        <testcase name="testStripParameter with data set &quot;middle parameter&quot;" assertions="1" time="0.006523"/>
        <testcase name="testStripParameter with data set &quot;middle parameter, no value&quot;" assertions="1" time="0.006546"/>
      </testsuite>
    </testsuite>
    <testsuite name="Icecave\Siphon\Util\XPathTest" file="/home/travis/build/IcecaveStudios/siphon/test/suite/Util/XPathTest.php" tests="13" assertions="18" failures="0" errors="0" time="0.092286">
      <testcase name="testElement" class="Icecave\Siphon\Util\XPathTest" file="/home/travis/build/IcecaveStudios/siphon/test/suite/Util/XPathTest.php" line="16" assertions="1" time="0.007647"/>
      <testcase name="testElementFailure" class="Icecave\Siphon\Util\XPathTest" file="/home/travis/build/IcecaveStudios/siphon/test/suite/Util/XPathTest.php" line="24" assertions="2" time="0.007354"/>
      <testcase name="testElementOrNull" class="Icecave\Siphon\Util\XPathTest" file="/home/travis/build/IcecaveStudios/siphon/test/suite/Util/XPathTest.php" line="34" assertions="1" time="0.007576"/>
      <testcase name="testElementOrNullFailure" class="Icecave\Siphon\Util\XPathTest" file="/home/travis/build/IcecaveStudios/siphon/test/suite/Util/XPathTest.php" line="42" assertions="1" time="0.006623"/>
      <testcase name="testString" class="Icecave\Siphon\Util\XPathTest" file="/home/travis/build/IcecaveStudios/siphon/test/suite/Util/XPathTest.php" line="49" assertions="1" time="0.006663"/>
      <testcase name="testStringFailure" class="Icecave\Siphon\Util\XPathTest" file="/home/travis/build/IcecaveStudios/siphon/test/suite/Util/XPathTest.php" line="57" assertions="2" time="0.007367"/>
      <testcase name="testStringOrNull" class="Icecave\Siphon\Util\XPathTest" file="/home/travis/build/IcecaveStudios/siphon/test/suite/Util/XPathTest.php" line="67" assertions="1" time="0.006646"/>
      <testcase name="testStringOrNullFailure" class="Icecave\Siphon\Util\XPathTest" file="/home/travis/build/IcecaveStudios/siphon/test/suite/Util/XPathTest.php" line="75" assertions="1" time="0.006656"/>
      <testcase name="testNumber" class="Icecave\Siphon\Util\XPathTest" file="/home/travis/build/IcecaveStudios/siphon/test/suite/Util/XPathTest.php" line="82" assertions="2" time="0.007379"/>
      <testcase name="testNumberFailure" class="Icecave\Siphon\Util\XPathTest" file="/home/travis/build/IcecaveStudios/siphon/test/suite/Util/XPathTest.php" line="95" assertions="2" time="0.007440"/>
      <testcase name="testNumberFailureWithNonNumeric" class="Icecave\Siphon\Util\XPathTest" file="/home/travis/build/IcecaveStudios/siphon/test/suite/Util/XPathTest.php" line="105" assertions="2" time="0.007500"/>
      <testcase name="testNumberOrNull" class="Icecave\Siphon\Util\XPathTest" file="/home/travis/build/IcecaveStudios/siphon/test/suite/Util/XPathTest.php" line="115" assertions="1" time="0.006716"/>
      <testcase name="testNumberOrNullFailure" class="Icecave\Siphon\Util\XPathTest" file="/home/travis/build/IcecaveStudios/siphon/test/suite/Util/XPathTest.php" line="123" assertions="1" time="0.006719"/>
    </testsuite>
  </testsuite>
</testsuites>
